<?xml version="1.0" encoding="UTF-8"?>
<testsuites>
  <testsuite name="Test" tests="1419" assertions="2976" failures="17" errors="1" time="10.617993">
    <testsuite name="Test_ADT_JSON_BuilderTest" file="/home/kriss/Web/lib/CeusMedia/Common/Test/ADT/JSON/BuilderTest.php" tests="3" assertions="5" failures="0" errors="0" time="0.005577">
      <testcase name="testEncode" class="Test_ADT_JSON_BuilderTest" file="/home/kriss/Web/lib/CeusMedia/Common/Test/ADT/JSON/BuilderTest.php" line="35" assertions="2" time="0.004339"/>
      <testcase name="testEncodeStatic" class="Test_ADT_JSON_BuilderTest" file="/home/kriss/Web/lib/CeusMedia/Common/Test/ADT/JSON/BuilderTest.php" line="55" assertions="2" time="0.000557"/>
      <testcase name="testEncodeStaticException" class="Test_ADT_JSON_BuilderTest" file="/home/kriss/Web/lib/CeusMedia/Common/Test/ADT/JSON/BuilderTest.php" line="74" assertions="1" time="0.000681"/>
    </testsuite>
    <testsuite name="Test_ADT_List_DictionaryTest" file="/home/kriss/Web/lib/CeusMedia/Common/Test/ADT/List/DictionaryTest.php" tests="28" assertions="71" failures="0" errors="0" time="0.016082">
      <testcase name="testConstruct" class="Test_ADT_List_DictionaryTest" file="/home/kriss/Web/lib/CeusMedia/Common/Test/ADT/List/DictionaryTest.php" line="33" assertions="5" time="0.001221"/>
      <testcase name="testCast" class="Test_ADT_List_DictionaryTest" file="/home/kriss/Web/lib/CeusMedia/Common/Test/ADT/List/DictionaryTest.php" line="59" assertions="3" time="0.000572"/>
      <testcase name="testCastException1" class="Test_ADT_List_DictionaryTest" file="/home/kriss/Web/lib/CeusMedia/Common/Test/ADT/List/DictionaryTest.php" line="78" assertions="1" time="0.000451"/>
      <testcase name="testCastException2" class="Test_ADT_List_DictionaryTest" file="/home/kriss/Web/lib/CeusMedia/Common/Test/ADT/List/DictionaryTest.php" line="87" assertions="1" time="0.000371"/>
      <testcase name="testCastException3" class="Test_ADT_List_DictionaryTest" file="/home/kriss/Web/lib/CeusMedia/Common/Test/ADT/List/DictionaryTest.php" line="95" assertions="1" time="0.000498"/>
      <testcase name="testCount" class="Test_ADT_List_DictionaryTest" file="/home/kriss/Web/lib/CeusMedia/Common/Test/ADT/List/DictionaryTest.php" line="100" assertions="1" time="0.000382"/>
      <testcase name="testCountableInterface" class="Test_ADT_List_DictionaryTest" file="/home/kriss/Web/lib/CeusMedia/Common/Test/ADT/List/DictionaryTest.php" line="107" assertions="1" time="0.000360"/>
      <testcase name="testFlush" class="Test_ADT_List_DictionaryTest" file="/home/kriss/Web/lib/CeusMedia/Common/Test/ADT/List/DictionaryTest.php" line="114" assertions="4" time="0.000534"/>
      <testcase name="testGet" class="Test_ADT_List_DictionaryTest" file="/home/kriss/Web/lib/CeusMedia/Common/Test/ADT/List/DictionaryTest.php" line="128" assertions="3" time="0.000597"/>
      <testcase name="testGetWithDefault" class="Test_ADT_List_DictionaryTest" file="/home/kriss/Web/lib/CeusMedia/Common/Test/ADT/List/DictionaryTest.php" line="143" assertions="3" time="0.000673"/>
      <testcase name="testGetAll" class="Test_ADT_List_DictionaryTest" file="/home/kriss/Web/lib/CeusMedia/Common/Test/ADT/List/DictionaryTest.php" line="158" assertions="1" time="0.000764"/>
      <testcase name="testGetAllWithPrefix" class="Test_ADT_List_DictionaryTest" file="/home/kriss/Web/lib/CeusMedia/Common/Test/ADT/List/DictionaryTest.php" line="172" assertions="5" time="0.001424"/>
      <testcase name="testGetKeyOf" class="Test_ADT_List_DictionaryTest" file="/home/kriss/Web/lib/CeusMedia/Common/Test/ADT/List/DictionaryTest.php" line="207" assertions="4" time="0.000795"/>
      <testcase name="testHas" class="Test_ADT_List_DictionaryTest" file="/home/kriss/Web/lib/CeusMedia/Common/Test/ADT/List/DictionaryTest.php" line="228" assertions="3" time="0.000835"/>
      <testcase name="testRemove" class="Test_ADT_List_DictionaryTest" file="/home/kriss/Web/lib/CeusMedia/Common/Test/ADT/List/DictionaryTest.php" line="240" assertions="2" time="0.000443"/>
      <testcase name="testIterator" class="Test_ADT_List_DictionaryTest" file="/home/kriss/Web/lib/CeusMedia/Common/Test/ADT/List/DictionaryTest.php" line="252" assertions="1" time="0.000670"/>
      <testcase name="testRemove2" class="Test_ADT_List_DictionaryTest" file="/home/kriss/Web/lib/CeusMedia/Common/Test/ADT/List/DictionaryTest.php" line="260" assertions="1" time="0.000416"/>
      <testcase name="testSet" class="Test_ADT_List_DictionaryTest" file="/home/kriss/Web/lib/CeusMedia/Common/Test/ADT/List/DictionaryTest.php" line="270" assertions="2" time="0.000433"/>
      <testcase name="testOffsetExists" class="Test_ADT_List_DictionaryTest" file="/home/kriss/Web/lib/CeusMedia/Common/Test/ADT/List/DictionaryTest.php" line="284" assertions="1" time="0.000385"/>
      <testcase name="testOffsetGet" class="Test_ADT_List_DictionaryTest" file="/home/kriss/Web/lib/CeusMedia/Common/Test/ADT/List/DictionaryTest.php" line="291" assertions="1" time="0.000433"/>
      <testcase name="testOffsetSet" class="Test_ADT_List_DictionaryTest" file="/home/kriss/Web/lib/CeusMedia/Common/Test/ADT/List/DictionaryTest.php" line="298" assertions="2" time="0.000429"/>
      <testcase name="testOffsetUnset" class="Test_ADT_List_DictionaryTest" file="/home/kriss/Web/lib/CeusMedia/Common/Test/ADT/List/DictionaryTest.php" line="311" assertions="2" time="0.000400"/>
      <testcase name="testOffsetUnset2" class="Test_ADT_List_DictionaryTest" file="/home/kriss/Web/lib/CeusMedia/Common/Test/ADT/List/DictionaryTest.php" line="323" assertions="1" time="0.000448"/>
      <testcase name="testKey" class="Test_ADT_List_DictionaryTest" file="/home/kriss/Web/lib/CeusMedia/Common/Test/ADT/List/DictionaryTest.php" line="334" assertions="4" time="0.000507"/>
      <testcase name="testCurrent" class="Test_ADT_List_DictionaryTest" file="/home/kriss/Web/lib/CeusMedia/Common/Test/ADT/List/DictionaryTest.php" line="354" assertions="4" time="0.000511"/>
      <testcase name="testNext" class="Test_ADT_List_DictionaryTest" file="/home/kriss/Web/lib/CeusMedia/Common/Test/ADT/List/DictionaryTest.php" line="374" assertions="5" time="0.000690"/>
      <testcase name="testRewind" class="Test_ADT_List_DictionaryTest" file="/home/kriss/Web/lib/CeusMedia/Common/Test/ADT/List/DictionaryTest.php" line="401" assertions="3" time="0.000464"/>
      <testcase name="testValid" class="Test_ADT_List_DictionaryTest" file="/home/kriss/Web/lib/CeusMedia/Common/Test/ADT/List/DictionaryTest.php" line="418" assertions="6" time="0.000375"/>
    </testsuite>
    <testsuite name="Test_ADT_List_LevelMapTest" file="/home/kriss/Web/lib/CeusMedia/Common/Test/ADT/List/LevelMapTest.php" tests="11" assertions="29" failures="0" errors="0" time="0.005857">
      <testcase name="testGet" class="Test_ADT_List_LevelMapTest" file="/home/kriss/Web/lib/CeusMedia/Common/Test/ADT/List/LevelMapTest.php" line="45" assertions="8" time="0.001231"/>
      <testcase name="testGetException" class="Test_ADT_List_LevelMapTest" file="/home/kriss/Web/lib/CeusMedia/Common/Test/ADT/List/LevelMapTest.php" line="100" assertions="1" time="0.000383"/>
      <testcase name="testHas" class="Test_ADT_List_LevelMapTest" file="/home/kriss/Web/lib/CeusMedia/Common/Test/ADT/List/LevelMapTest.php" line="111" assertions="6" time="0.000732"/>
      <testcase name="testHasException" class="Test_ADT_List_LevelMapTest" file="/home/kriss/Web/lib/CeusMedia/Common/Test/ADT/List/LevelMapTest.php" line="143" assertions="1" time="0.000382"/>
      <testcase name="testRemove" class="Test_ADT_List_LevelMapTest" file="/home/kriss/Web/lib/CeusMedia/Common/Test/ADT/List/LevelMapTest.php" line="154" assertions="4" time="0.000623"/>
      <testcase name="testRemoveException" class="Test_ADT_List_LevelMapTest" file="/home/kriss/Web/lib/CeusMedia/Common/Test/ADT/List/LevelMapTest.php" line="184" assertions="1" time="0.000338"/>
      <testcase name="testSet" class="Test_ADT_List_LevelMapTest" file="/home/kriss/Web/lib/CeusMedia/Common/Test/ADT/List/LevelMapTest.php" line="195" assertions="4" time="0.000509"/>
      <testcase name="testSetSortArray" class="Test_ADT_List_LevelMapTest" file="/home/kriss/Web/lib/CeusMedia/Common/Test/ADT/List/LevelMapTest.php" line="223" assertions="1" time="0.000422"/>
      <testcase name="testSetSort" class="Test_ADT_List_LevelMapTest" file="/home/kriss/Web/lib/CeusMedia/Common/Test/ADT/List/LevelMapTest.php" line="243" assertions="1" time="0.000406"/>
      <testcase name="testSetNoSort" class="Test_ADT_List_LevelMapTest" file="/home/kriss/Web/lib/CeusMedia/Common/Test/ADT/List/LevelMapTest.php" line="262" assertions="1" time="0.000455"/>
      <testcase name="testSetException" class="Test_ADT_List_LevelMapTest" file="/home/kriss/Web/lib/CeusMedia/Common/Test/ADT/List/LevelMapTest.php" line="280" assertions="1" time="0.000376"/>
    </testsuite>
    <testsuite name="Test_ADT_List_QueueTest" file="/home/kriss/Web/lib/CeusMedia/Common/Test/ADT/List/QueueTest.php" tests="12" assertions="18" failures="0" errors="0" time="0.004865">
      <testcase name="testConstruct" class="Test_ADT_List_QueueTest" file="/home/kriss/Web/lib/CeusMedia/Common/Test/ADT/List/QueueTest.php" line="55" assertions="2" time="0.000620"/>
      <testcase name="testBottom" class="Test_ADT_List_QueueTest" file="/home/kriss/Web/lib/CeusMedia/Common/Test/ADT/List/QueueTest.php" line="74" assertions="1" time="0.000369"/>
      <testcase name="testBottomException" class="Test_ADT_List_QueueTest" file="/home/kriss/Web/lib/CeusMedia/Common/Test/ADT/List/QueueTest.php" line="86" assertions="1" time="0.000367"/>
      <testcase name="testCount" class="Test_ADT_List_QueueTest" file="/home/kriss/Web/lib/CeusMedia/Common/Test/ADT/List/QueueTest.php" line="100" assertions="3" time="0.000538"/>
      <testcase name="testPop" class="Test_ADT_List_QueueTest" file="/home/kriss/Web/lib/CeusMedia/Common/Test/ADT/List/QueueTest.php" line="121" assertions="1" time="0.000366"/>
      <testcase name="testPopException" class="Test_ADT_List_QueueTest" file="/home/kriss/Web/lib/CeusMedia/Common/Test/ADT/List/QueueTest.php" line="133" assertions="1" time="0.000338"/>
      <testcase name="testPush" class="Test_ADT_List_QueueTest" file="/home/kriss/Web/lib/CeusMedia/Common/Test/ADT/List/QueueTest.php" line="147" assertions="2" time="0.000374"/>
      <testcase name="testHas" class="Test_ADT_List_QueueTest" file="/home/kriss/Web/lib/CeusMedia/Common/Test/ADT/List/QueueTest.php" line="163" assertions="2" time="0.000361"/>
      <testcase name="testIsEmpty" class="Test_ADT_List_QueueTest" file="/home/kriss/Web/lib/CeusMedia/Common/Test/ADT/List/QueueTest.php" line="179" assertions="2" time="0.000383"/>
      <testcase name="testToArray" class="Test_ADT_List_QueueTest" file="/home/kriss/Web/lib/CeusMedia/Common/Test/ADT/List/QueueTest.php" line="196" assertions="1" time="0.000392"/>
      <testcase name="testTop" class="Test_ADT_List_QueueTest" file="/home/kriss/Web/lib/CeusMedia/Common/Test/ADT/List/QueueTest.php" line="208" assertions="1" time="0.000385"/>
      <testcase name="testToString" class="Test_ADT_List_QueueTest" file="/home/kriss/Web/lib/CeusMedia/Common/Test/ADT/List/QueueTest.php" line="220" assertions="1" time="0.000372"/>
    </testsuite>
    <testsuite name="Test_ADT_List_SectionListTest" file="/home/kriss/Web/lib/CeusMedia/Common/Test/ADT/List/SectionListTest.php" tests="19" assertions="22" failures="0" errors="0" time="0.008092">
      <testcase name="testAddEntry" class="Test_ADT_List_SectionListTest" file="/home/kriss/Web/lib/CeusMedia/Common/Test/ADT/List/SectionListTest.php" line="62" assertions="1" time="0.000676"/>
      <testcase name="testAddEntryException" class="Test_ADT_List_SectionListTest" file="/home/kriss/Web/lib/CeusMedia/Common/Test/ADT/List/SectionListTest.php" line="75" assertions="1" time="0.000367"/>
      <testcase name="testAddSection" class="Test_ADT_List_SectionListTest" file="/home/kriss/Web/lib/CeusMedia/Common/Test/ADT/List/SectionListTest.php" line="86" assertions="1" time="0.000363"/>
      <testcase name="testClear" class="Test_ADT_List_SectionListTest" file="/home/kriss/Web/lib/CeusMedia/Common/Test/ADT/List/SectionListTest.php" line="99" assertions="1" time="0.000361"/>
      <testcase name="testCountEntries" class="Test_ADT_List_SectionListTest" file="/home/kriss/Web/lib/CeusMedia/Common/Test/ADT/List/SectionListTest.php" line="113" assertions="2" time="0.000386"/>
      <testcase name="testCountSections" class="Test_ADT_List_SectionListTest" file="/home/kriss/Web/lib/CeusMedia/Common/Test/ADT/List/SectionListTest.php" line="129" assertions="1" time="0.000478"/>
      <testcase name="testGetEntry" class="Test_ADT_List_SectionListTest" file="/home/kriss/Web/lib/CeusMedia/Common/Test/ADT/List/SectionListTest.php" line="141" assertions="1" time="0.000388"/>
      <testcase name="testGetEntryException" class="Test_ADT_List_SectionListTest" file="/home/kriss/Web/lib/CeusMedia/Common/Test/ADT/List/SectionListTest.php" line="153" assertions="1" time="0.000377"/>
      <testcase name="testGetEntries" class="Test_ADT_List_SectionListTest" file="/home/kriss/Web/lib/CeusMedia/Common/Test/ADT/List/SectionListTest.php" line="164" assertions="1" time="0.000463"/>
      <testcase name="testGetEntriesException" class="Test_ADT_List_SectionListTest" file="/home/kriss/Web/lib/CeusMedia/Common/Test/ADT/List/SectionListTest.php" line="176" assertions="1" time="0.000398"/>
      <testcase name="testGetIndex" class="Test_ADT_List_SectionListTest" file="/home/kriss/Web/lib/CeusMedia/Common/Test/ADT/List/SectionListTest.php" line="187" assertions="2" time="0.000464"/>
      <testcase name="testGetList" class="Test_ADT_List_SectionListTest" file="/home/kriss/Web/lib/CeusMedia/Common/Test/ADT/List/SectionListTest.php" line="203" assertions="1" time="0.000578"/>
      <testcase name="testGetSectionOfEntry" class="Test_ADT_List_SectionListTest" file="/home/kriss/Web/lib/CeusMedia/Common/Test/ADT/List/SectionListTest.php" line="225" assertions="1" time="0.000385"/>
      <testcase name="testGetSectionOfEntryException" class="Test_ADT_List_SectionListTest" file="/home/kriss/Web/lib/CeusMedia/Common/Test/ADT/List/SectionListTest.php" line="237" assertions="1" time="0.000368"/>
      <testcase name="testGetSections" class="Test_ADT_List_SectionListTest" file="/home/kriss/Web/lib/CeusMedia/Common/Test/ADT/List/SectionListTest.php" line="248" assertions="1" time="0.000440"/>
      <testcase name="testRemoveEntry" class="Test_ADT_List_SectionListTest" file="/home/kriss/Web/lib/CeusMedia/Common/Test/ADT/List/SectionListTest.php" line="260" assertions="2" time="0.000476"/>
      <testcase name="testRemoveEntryException" class="Test_ADT_List_SectionListTest" file="/home/kriss/Web/lib/CeusMedia/Common/Test/ADT/List/SectionListTest.php" line="278" assertions="1" time="0.000364"/>
      <testcase name="testRemoveSection" class="Test_ADT_List_SectionListTest" file="/home/kriss/Web/lib/CeusMedia/Common/Test/ADT/List/SectionListTest.php" line="289" assertions="1" time="0.000407"/>
      <testcase name="testRemoveSectionException" class="Test_ADT_List_SectionListTest" file="/home/kriss/Web/lib/CeusMedia/Common/Test/ADT/List/SectionListTest.php" line="302" assertions="1" time="0.000353"/>
    </testsuite>
    <testsuite name="Test_ADT_List_StackTest" file="/home/kriss/Web/lib/CeusMedia/Common/Test/ADT/List/StackTest.php" tests="12" assertions="19" failures="0" errors="0" time="0.004992">
      <testcase name="testConstruct" class="Test_ADT_List_StackTest" file="/home/kriss/Web/lib/CeusMedia/Common/Test/ADT/List/StackTest.php" line="55" assertions="2" time="0.000637"/>
      <testcase name="testBottom" class="Test_ADT_List_StackTest" file="/home/kriss/Web/lib/CeusMedia/Common/Test/ADT/List/StackTest.php" line="74" assertions="1" time="0.000370"/>
      <testcase name="testBottomException" class="Test_ADT_List_StackTest" file="/home/kriss/Web/lib/CeusMedia/Common/Test/ADT/List/StackTest.php" line="86" assertions="1" time="0.000376"/>
      <testcase name="testCount" class="Test_ADT_List_StackTest" file="/home/kriss/Web/lib/CeusMedia/Common/Test/ADT/List/StackTest.php" line="100" assertions="2" time="0.000404"/>
      <testcase name="testHas" class="Test_ADT_List_StackTest" file="/home/kriss/Web/lib/CeusMedia/Common/Test/ADT/List/StackTest.php" line="117" assertions="2" time="0.000400"/>
      <testcase name="testIsEmpty" class="Test_ADT_List_StackTest" file="/home/kriss/Web/lib/CeusMedia/Common/Test/ADT/List/StackTest.php" line="133" assertions="2" time="0.000371"/>
      <testcase name="testPop" class="Test_ADT_List_StackTest" file="/home/kriss/Web/lib/CeusMedia/Common/Test/ADT/List/StackTest.php" line="150" assertions="3" time="0.000429"/>
      <testcase name="testPopException" class="Test_ADT_List_StackTest" file="/home/kriss/Web/lib/CeusMedia/Common/Test/ADT/List/StackTest.php" line="170" assertions="1" time="0.000354"/>
      <testcase name="testPush" class="Test_ADT_List_StackTest" file="/home/kriss/Web/lib/CeusMedia/Common/Test/ADT/List/StackTest.php" line="185" assertions="2" time="0.000415"/>
      <testcase name="testToArray" class="Test_ADT_List_StackTest" file="/home/kriss/Web/lib/CeusMedia/Common/Test/ADT/List/StackTest.php" line="201" assertions="1" time="0.000481"/>
      <testcase name="testTop" class="Test_ADT_List_StackTest" file="/home/kriss/Web/lib/CeusMedia/Common/Test/ADT/List/StackTest.php" line="213" assertions="1" time="0.000370"/>
      <testcase name="testToString" class="Test_ADT_List_StackTest" file="/home/kriss/Web/lib/CeusMedia/Common/Test/ADT/List/StackTest.php" line="225" assertions="1" time="0.000385"/>
    </testsuite>
    <testsuite name="Test_ADT_ObjectTest" file="/home/kriss/Web/lib/CeusMedia/Common/Test/ADT/ObjectTest.php" tests="9" assertions="17" failures="0" errors="0" time="0.004454">
      <testcase name="testGetClass" class="Test_ADT_ObjectTest" file="/home/kriss/Web/lib/CeusMedia/Common/Test/ADT/ObjectTest.php" line="55" assertions="1" time="0.000376"/>
      <testcase name="testGetMethods" class="Test_ADT_ObjectTest" file="/home/kriss/Web/lib/CeusMedia/Common/Test/ADT/ObjectTest.php" line="67" assertions="1" time="0.000606"/>
      <testcase name="testGetObjectInfo" class="Test_ADT_ObjectTest" file="/home/kriss/Web/lib/CeusMedia/Common/Test/ADT/ObjectTest.php" line="79" assertions="1" time="0.000964"/>
      <testcase name="testGetParent" class="Test_ADT_ObjectTest" file="/home/kriss/Web/lib/CeusMedia/Common/Test/ADT/ObjectTest.php" line="96" assertions="1" time="0.000361"/>
      <testcase name="testGetVars" class="Test_ADT_ObjectTest" file="/home/kriss/Web/lib/CeusMedia/Common/Test/ADT/ObjectTest.php" line="108" assertions="1" time="0.000408"/>
      <testcase name="testHasMethod" class="Test_ADT_ObjectTest" file="/home/kriss/Web/lib/CeusMedia/Common/Test/ADT/ObjectTest.php" line="120" assertions="5" time="0.000523"/>
      <testcase name="testIsInstanceOf" class="Test_ADT_ObjectTest" file="/home/kriss/Web/lib/CeusMedia/Common/Test/ADT/ObjectTest.php" line="148" assertions="3" time="0.000429"/>
      <testcase name="testIsSubclassOf" class="Test_ADT_ObjectTest" file="/home/kriss/Web/lib/CeusMedia/Common/Test/ADT/ObjectTest.php" line="168" assertions="3" time="0.000409"/>
      <testcase name="testSerialize" class="Test_ADT_ObjectTest" file="/home/kriss/Web/lib/CeusMedia/Common/Test/ADT/ObjectTest.php" line="188" assertions="1" time="0.000378"/>
    </testsuite>
    <testsuite name="Test_ADT_OptionObjectTest" file="/home/kriss/Web/lib/CeusMedia/Common/Test/ADT/OptionObjectTest.php" tests="18" assertions="41" failures="0" errors="0" time="0.008733">
      <testcase name="testConstruct" class="Test_ADT_OptionObjectTest" file="/home/kriss/Web/lib/CeusMedia/Common/Test/ADT/OptionObjectTest.php" line="33" assertions="2" time="0.000753"/>
      <testcase name="testConstructException1" class="Test_ADT_OptionObjectTest" file="/home/kriss/Web/lib/CeusMedia/Common/Test/ADT/OptionObjectTest.php" line="56" assertions="1" time="0.000369"/>
      <testcase name="testConstructException2" class="Test_ADT_OptionObjectTest" file="/home/kriss/Web/lib/CeusMedia/Common/Test/ADT/OptionObjectTest.php" line="67" assertions="1" time="0.000365"/>
      <testcase name="testClearOptions" class="Test_ADT_OptionObjectTest" file="/home/kriss/Web/lib/CeusMedia/Common/Test/ADT/OptionObjectTest.php" line="78" assertions="4" time="0.000478"/>
      <testcase name="testCount" class="Test_ADT_OptionObjectTest" file="/home/kriss/Web/lib/CeusMedia/Common/Test/ADT/OptionObjectTest.php" line="102" assertions="1" time="0.000391"/>
      <testcase name="testDeclareOptions" class="Test_ADT_OptionObjectTest" file="/home/kriss/Web/lib/CeusMedia/Common/Test/ADT/OptionObjectTest.php" line="114" assertions="2" time="0.000482"/>
      <testcase name="testDeclareOptionsException1" class="Test_ADT_OptionObjectTest" file="/home/kriss/Web/lib/CeusMedia/Common/Test/ADT/OptionObjectTest.php" line="134" assertions="1" time="0.000362"/>
      <testcase name="testDeclareOptionsException2" class="Test_ADT_OptionObjectTest" file="/home/kriss/Web/lib/CeusMedia/Common/Test/ADT/OptionObjectTest.php" line="146" assertions="1" time="0.000364"/>
      <testcase name="testGetOption" class="Test_ADT_OptionObjectTest" file="/home/kriss/Web/lib/CeusMedia/Common/Test/ADT/OptionObjectTest.php" line="159" assertions="5" time="0.000587"/>
      <testcase name="testGetOptionException" class="Test_ADT_OptionObjectTest" file="/home/kriss/Web/lib/CeusMedia/Common/Test/ADT/OptionObjectTest.php" line="192" assertions="1" time="0.000362"/>
      <testcase name="testGetOptions" class="Test_ADT_OptionObjectTest" file="/home/kriss/Web/lib/CeusMedia/Common/Test/ADT/OptionObjectTest.php" line="203" assertions="1" time="0.000542"/>
      <testcase name="testHasOptions" class="Test_ADT_OptionObjectTest" file="/home/kriss/Web/lib/CeusMedia/Common/Test/ADT/OptionObjectTest.php" line="221" assertions="2" time="0.000410"/>
      <testcase name="testOffsetExists" class="Test_ADT_OptionObjectTest" file="/home/kriss/Web/lib/CeusMedia/Common/Test/ADT/OptionObjectTest.php" line="239" assertions="2" time="0.000869"/>
      <testcase name="testOffsetGet" class="Test_ADT_OptionObjectTest" file="/home/kriss/Web/lib/CeusMedia/Common/Test/ADT/OptionObjectTest.php" line="257" assertions="4" time="0.000544"/>
      <testcase name="testOffsetSet" class="Test_ADT_OptionObjectTest" file="/home/kriss/Web/lib/CeusMedia/Common/Test/ADT/OptionObjectTest.php" line="285" assertions="3" time="0.000474"/>
      <testcase name="testOffsetUnset" class="Test_ADT_OptionObjectTest" file="/home/kriss/Web/lib/CeusMedia/Common/Test/ADT/OptionObjectTest.php" line="314" assertions="1" time="0.000344"/>
      <testcase name="testRemoveOption" class="Test_ADT_OptionObjectTest" file="/home/kriss/Web/lib/CeusMedia/Common/Test/ADT/OptionObjectTest.php" line="330" assertions="3" time="0.000455"/>
      <testcase name="testSetOption" class="Test_ADT_OptionObjectTest" file="/home/kriss/Web/lib/CeusMedia/Common/Test/ADT/OptionObjectTest.php" line="353" assertions="6" time="0.000582"/>
    </testsuite>
    <testsuite name="Test_ADT_RegistryTest" file="/home/kriss/Web/lib/CeusMedia/Common/Test/ADT/RegistryTest.php" tests="5" assertions="5" failures="0" errors="0" time="0.002056">
      <testcase name="testGet" class="Test_ADT_RegistryTest" file="/home/kriss/Web/lib/CeusMedia/Common/Test/ADT/RegistryTest.php" line="29" assertions="1" time="0.000584"/>
      <testcase name="testGetStatic" class="Test_ADT_RegistryTest" file="/home/kriss/Web/lib/CeusMedia/Common/Test/ADT/RegistryTest.php" line="42" assertions="1" time="0.000355"/>
      <testcase name="testHas" class="Test_ADT_RegistryTest" file="/home/kriss/Web/lib/CeusMedia/Common/Test/ADT/RegistryTest.php" line="55" assertions="1" time="0.000338"/>
      <testcase name="testRemove" class="Test_ADT_RegistryTest" file="/home/kriss/Web/lib/CeusMedia/Common/Test/ADT/RegistryTest.php" line="68" assertions="1" time="0.000373"/>
      <testcase name="testSet" class="Test_ADT_RegistryTest" file="/home/kriss/Web/lib/CeusMedia/Common/Test/ADT/RegistryTest.php" line="83" assertions="1" time="0.000406"/>
    </testsuite>
    <testsuite name="Test_ADT_StringBufferTest" file="/home/kriss/Web/lib/CeusMedia/Common/Test/ADT/StringBufferTest.php" tests="15" assertions="25" failures="0" errors="0" time="0.006270">
      <testcase name="testConstruct" class="Test_ADT_StringBufferTest" file="/home/kriss/Web/lib/CeusMedia/Common/Test/ADT/StringBufferTest.php" line="54" assertions="1" time="0.000679"/>
      <testcase name="testCount" class="Test_ADT_StringBufferTest" file="/home/kriss/Web/lib/CeusMedia/Common/Test/ADT/StringBufferTest.php" line="67" assertions="1" time="0.000339"/>
      <testcase name="testDeleteCharAt" class="Test_ADT_StringBufferTest" file="/home/kriss/Web/lib/CeusMedia/Common/Test/ADT/StringBufferTest.php" line="79" assertions="1" time="0.000348"/>
      <testcase name="testGetCharAt" class="Test_ADT_StringBufferTest" file="/home/kriss/Web/lib/CeusMedia/Common/Test/ADT/StringBufferTest.php" line="91" assertions="1" time="0.000365"/>
      <testcase name="testGetCurrentPos" class="Test_ADT_StringBufferTest" file="/home/kriss/Web/lib/CeusMedia/Common/Test/ADT/StringBufferTest.php" line="103" assertions="2" time="0.000393"/>
      <testcase name="testGetCurrentChar" class="Test_ADT_StringBufferTest" file="/home/kriss/Web/lib/CeusMedia/Common/Test/ADT/StringBufferTest.php" line="121" assertions="2" time="0.000402"/>
      <testcase name="testGetNextChar" class="Test_ADT_StringBufferTest" file="/home/kriss/Web/lib/CeusMedia/Common/Test/ADT/StringBufferTest.php" line="139" assertions="5" time="0.000529"/>
      <testcase name="testGetPrevChar" class="Test_ADT_StringBufferTest" file="/home/kriss/Web/lib/CeusMedia/Common/Test/ADT/StringBufferTest.php" line="167" assertions="2" time="0.000426"/>
      <testcase name="testHasLess" class="Test_ADT_StringBufferTest" file="/home/kriss/Web/lib/CeusMedia/Common/Test/ADT/StringBufferTest.php" line="188" assertions="2" time="0.000423"/>
      <testcase name="testHasMore" class="Test_ADT_StringBufferTest" file="/home/kriss/Web/lib/CeusMedia/Common/Test/ADT/StringBufferTest.php" line="206" assertions="2" time="0.000423"/>
      <testcase name="testInsert" class="Test_ADT_StringBufferTest" file="/home/kriss/Web/lib/CeusMedia/Common/Test/ADT/StringBufferTest.php" line="227" assertions="1" time="0.000394"/>
      <testcase name="testReset" class="Test_ADT_StringBufferTest" file="/home/kriss/Web/lib/CeusMedia/Common/Test/ADT/StringBufferTest.php" line="239" assertions="1" time="0.000379"/>
      <testcase name="testResetPointer" class="Test_ADT_StringBufferTest" file="/home/kriss/Web/lib/CeusMedia/Common/Test/ADT/StringBufferTest.php" line="253" assertions="2" time="0.000424"/>
      <testcase name="testSetCharAt" class="Test_ADT_StringBufferTest" file="/home/kriss/Web/lib/CeusMedia/Common/Test/ADT/StringBufferTest.php" line="273" assertions="1" time="0.000379"/>
      <testcase name="testToString" class="Test_ADT_StringBufferTest" file="/home/kriss/Web/lib/CeusMedia/Common/Test/ADT/StringBufferTest.php" line="285" assertions="1" time="0.000367"/>
    </testsuite>
    <testsuite name="Test_ADT_StringTest" file="/home/kriss/Web/lib/CeusMedia/Common/Test/ADT/StringTest.php" tests="13" assertions="27" failures="0" errors="0" time="0.006243">
      <testcase name="testConstruct" class="Test_ADT_StringTest" file="/home/kriss/Web/lib/CeusMedia/Common/Test/ADT/StringTest.php" line="54" assertions="1" time="0.000964"/>
      <testcase name="testCapitalize_Default" class="Test_ADT_StringTest" file="/home/kriss/Web/lib/CeusMedia/Common/Test/ADT/StringTest.php" line="67" assertions="2" time="0.000414"/>
      <testcase name="testCapitalize_Default_NoChange" class="Test_ADT_StringTest" file="/home/kriss/Web/lib/CeusMedia/Common/Test/ADT/StringTest.php" line="80" assertions="2" time="0.000522"/>
      <testcase name="testCapitalize_DefaultLimiter" class="Test_ADT_StringTest" file="/home/kriss/Web/lib/CeusMedia/Common/Test/ADT/StringTest.php" line="94" assertions="2" time="0.000418"/>
      <testcase name="testCapitalize_Delimiter1" class="Test_ADT_StringTest" file="/home/kriss/Web/lib/CeusMedia/Common/Test/ADT/StringTest.php" line="107" assertions="4" time="0.000509"/>
      <testcase name="testCapitalize_Delimiter2" class="Test_ADT_StringTest" file="/home/kriss/Web/lib/CeusMedia/Common/Test/ADT/StringTest.php" line="127" assertions="4" time="0.000525"/>
      <testcase name="testCapitalizeWords_Default1" class="Test_ADT_StringTest" file="/home/kriss/Web/lib/CeusMedia/Common/Test/ADT/StringTest.php" line="147" assertions="2" time="0.000425"/>
      <testcase name="testCapitalizeWords_Default2" class="Test_ADT_StringTest" file="/home/kriss/Web/lib/CeusMedia/Common/Test/ADT/StringTest.php" line="160" assertions="2" time="0.000421"/>
      <testcase name="testCapitalizeWords_Default3" class="Test_ADT_StringTest" file="/home/kriss/Web/lib/CeusMedia/Common/Test/ADT/StringTest.php" line="173" assertions="2" time="0.000425"/>
      <testcase name="testCapitalizeWords_NoChange1" class="Test_ADT_StringTest" file="/home/kriss/Web/lib/CeusMedia/Common/Test/ADT/StringTest.php" line="187" assertions="2" time="0.000431"/>
      <testcase name="testCapitalizeWords_NoChange2" class="Test_ADT_StringTest" file="/home/kriss/Web/lib/CeusMedia/Common/Test/ADT/StringTest.php" line="201" assertions="2" time="0.000419"/>
      <testcase name="testGetLength" class="Test_ADT_StringTest" file="/home/kriss/Web/lib/CeusMedia/Common/Test/ADT/StringTest.php" line="215" assertions="1" time="0.000382"/>
      <testcase name="testToString" class="Test_ADT_StringTest" file="/home/kriss/Web/lib/CeusMedia/Common/Test/ADT/StringTest.php" line="227" assertions="1" time="0.000388"/>
    </testsuite>
    <testsuite name="Test_ADT_Tree_AvlNodeTest" file="/home/kriss/Web/lib/CeusMedia/Common/Test/ADT/Tree/AvlNodeTest.php" tests="0" assertions="0" failures="0" errors="0" time="0.000000"/>
    <testsuite name="Test_ADT_Tree_BalanceBinaryNodeTest" file="/home/kriss/Web/lib/CeusMedia/Common/Test/ADT/Tree/BalanceBinaryNodeTest.php" tests="8" assertions="11" failures="0" errors="0" time="0.004891">
      <testcase name="testAdd" class="Test_ADT_Tree_BalanceBinaryNodeTest" file="/home/kriss/Web/lib/CeusMedia/Common/Test/ADT/Tree/BalanceBinaryNodeTest.php" line="32" assertions="2" time="0.001358"/>
      <testcase name="testCountNodes" class="Test_ADT_Tree_BalanceBinaryNodeTest" file="/home/kriss/Web/lib/CeusMedia/Common/Test/ADT/Tree/BalanceBinaryNodeTest.php" line="51" assertions="2" time="0.000473"/>
      <testcase name="testGetHeight" class="Test_ADT_Tree_BalanceBinaryNodeTest" file="/home/kriss/Web/lib/CeusMedia/Common/Test/ADT/Tree/BalanceBinaryNodeTest.php" line="62" assertions="2" time="0.000466"/>
      <testcase name="testGetLeft" class="Test_ADT_Tree_BalanceBinaryNodeTest" file="/home/kriss/Web/lib/CeusMedia/Common/Test/ADT/Tree/BalanceBinaryNodeTest.php" line="73" assertions="1" time="0.000575"/>
      <testcase name="testGetRight" class="Test_ADT_Tree_BalanceBinaryNodeTest" file="/home/kriss/Web/lib/CeusMedia/Common/Test/ADT/Tree/BalanceBinaryNodeTest.php" line="87" assertions="1" time="0.000495"/>
      <testcase name="testGetValue" class="Test_ADT_Tree_BalanceBinaryNodeTest" file="/home/kriss/Web/lib/CeusMedia/Common/Test/ADT/Tree/BalanceBinaryNodeTest.php" line="103" assertions="1" time="0.000402"/>
      <testcase name="testSearch" class="Test_ADT_Tree_BalanceBinaryNodeTest" file="/home/kriss/Web/lib/CeusMedia/Common/Test/ADT/Tree/BalanceBinaryNodeTest.php" line="110" assertions="1" time="0.000413"/>
      <testcase name="testToTable" class="Test_ADT_Tree_BalanceBinaryNodeTest" file="/home/kriss/Web/lib/CeusMedia/Common/Test/ADT/Tree/BalanceBinaryNodeTest.php" line="117" assertions="1" time="0.000709"/>
    </testsuite>
    <testsuite name="Test_ADT_Tree_BinaryNodeTest" file="/home/kriss/Web/lib/CeusMedia/Common/Test/ADT/Tree/BinaryNodeTest.php" tests="9" assertions="17" failures="0" errors="0" time="0.004958">
      <testcase name="testAdd" class="Test_ADT_Tree_BinaryNodeTest" file="/home/kriss/Web/lib/CeusMedia/Common/Test/ADT/Tree/BinaryNodeTest.php" line="43" assertions="1" time="0.000410"/>
      <testcase name="testCountNodes" class="Test_ADT_Tree_BinaryNodeTest" file="/home/kriss/Web/lib/CeusMedia/Common/Test/ADT/Tree/BinaryNodeTest.php" line="56" assertions="1" time="0.000422"/>
      <testcase name="testGetHeight" class="Test_ADT_Tree_BinaryNodeTest" file="/home/kriss/Web/lib/CeusMedia/Common/Test/ADT/Tree/BinaryNodeTest.php" line="68" assertions="1" time="0.000399"/>
      <testcase name="testGetLeft" class="Test_ADT_Tree_BinaryNodeTest" file="/home/kriss/Web/lib/CeusMedia/Common/Test/ADT/Tree/BinaryNodeTest.php" line="80" assertions="2" time="0.000465"/>
      <testcase name="testGetRight" class="Test_ADT_Tree_BinaryNodeTest" file="/home/kriss/Web/lib/CeusMedia/Common/Test/ADT/Tree/BinaryNodeTest.php" line="110" assertions="2" time="0.000460"/>
      <testcase name="testGetValue" class="Test_ADT_Tree_BinaryNodeTest" file="/home/kriss/Web/lib/CeusMedia/Common/Test/ADT/Tree/BinaryNodeTest.php" line="140" assertions="1" time="0.000390"/>
      <testcase name="testSearch" class="Test_ADT_Tree_BinaryNodeTest" file="/home/kriss/Web/lib/CeusMedia/Common/Test/ADT/Tree/BinaryNodeTest.php" line="152" assertions="3" time="0.000479"/>
      <testcase name="testToList" class="Test_ADT_Tree_BinaryNodeTest" file="/home/kriss/Web/lib/CeusMedia/Common/Test/ADT/Tree/BinaryNodeTest.php" line="173" assertions="5" time="0.001260"/>
      <testcase name="testToTable" class="Test_ADT_Tree_BinaryNodeTest" file="/home/kriss/Web/lib/CeusMedia/Common/Test/ADT/Tree/BinaryNodeTest.php" line="200" assertions="1" time="0.000673"/>
    </testsuite>
    <testsuite name="Test_ADT_Tree_NodeTest" file="/home/kriss/Web/lib/CeusMedia/Common/Test/ADT/Tree/NodeTest.php" tests="9" assertions="15" failures="0" errors="0" time="0.003723">
      <testcase name="testAddChild" class="Test_ADT_Tree_NodeTest" file="/home/kriss/Web/lib/CeusMedia/Common/Test/ADT/Tree/NodeTest.php" line="54" assertions="1" time="0.000568"/>
      <testcase name="testAddChildException" class="Test_ADT_Tree_NodeTest" file="/home/kriss/Web/lib/CeusMedia/Common/Test/ADT/Tree/NodeTest.php" line="67" assertions="1" time="0.000371"/>
      <testcase name="testClearChildren" class="Test_ADT_Tree_NodeTest" file="/home/kriss/Web/lib/CeusMedia/Common/Test/ADT/Tree/NodeTest.php" line="79" assertions="1" time="0.000380"/>
      <testcase name="testGetChildren" class="Test_ADT_Tree_NodeTest" file="/home/kriss/Web/lib/CeusMedia/Common/Test/ADT/Tree/NodeTest.php" line="94" assertions="1" time="0.000440"/>
      <testcase name="testGetChild" class="Test_ADT_Tree_NodeTest" file="/home/kriss/Web/lib/CeusMedia/Common/Test/ADT/Tree/NodeTest.php" line="112" assertions="2" time="0.000403"/>
      <testcase name="testGetChildException" class="Test_ADT_Tree_NodeTest" file="/home/kriss/Web/lib/CeusMedia/Common/Test/ADT/Tree/NodeTest.php" line="131" assertions="1" time="0.000335"/>
      <testcase name="testHasChild" class="Test_ADT_Tree_NodeTest" file="/home/kriss/Web/lib/CeusMedia/Common/Test/ADT/Tree/NodeTest.php" line="142" assertions="2" time="0.000388"/>
      <testcase name="testHasChildren" class="Test_ADT_Tree_NodeTest" file="/home/kriss/Web/lib/CeusMedia/Common/Test/ADT/Tree/NodeTest.php" line="160" assertions="2" time="0.000393"/>
      <testcase name="testRemoveChild" class="Test_ADT_Tree_NodeTest" file="/home/kriss/Web/lib/CeusMedia/Common/Test/ADT/Tree/NodeTest.php" line="178" assertions="4" time="0.000445"/>
    </testsuite>
    <testsuite name="Test_Alg_Crypt_CaesarTest" file="/home/kriss/Web/lib/CeusMedia/Common/Test/Alg/Crypt/CaesarTest.php" tests="2" assertions="7" failures="0" errors="0" time="0.001148">
      <testcase name="testEncrypt" class="Test_Alg_Crypt_CaesarTest" file="/home/kriss/Web/lib/CeusMedia/Common/Test/Alg/Crypt/CaesarTest.php" line="21" assertions="4" time="0.000662"/>
      <testcase name="testDecrypt" class="Test_Alg_Crypt_CaesarTest" file="/home/kriss/Web/lib/CeusMedia/Common/Test/Alg/Crypt/CaesarTest.php" line="40" assertions="3" time="0.000486"/>
    </testsuite>
    <testsuite name="Test_Alg_Crypt_PasswordStrengthTest" file="/home/kriss/Web/lib/CeusMedia/Common/Test/Alg/Crypt/PasswordStrengthTest.php" tests="3" assertions="24" failures="0" errors="0" time="0.002500">
      <testcase name="testGetScore" class="Test_Alg_Crypt_PasswordStrengthTest" file="/home/kriss/Web/lib/CeusMedia/Common/Test/Alg/Crypt/PasswordStrengthTest.php" line="21" assertions="8" time="0.001069"/>
      <testcase name="testGetStrength" class="Test_Alg_Crypt_PasswordStrengthTest" file="/home/kriss/Web/lib/CeusMedia/Common/Test/Alg/Crypt/PasswordStrengthTest.php" line="56" assertions="8" time="0.000815"/>
      <testcase name="testNormaliseScore" class="Test_Alg_Crypt_PasswordStrengthTest" file="/home/kriss/Web/lib/CeusMedia/Common/Test/Alg/Crypt/PasswordStrengthTest.php" line="91" assertions="8" time="0.000616"/>
    </testsuite>
    <testsuite name="Test_Alg_Crypt_Rot13Test" file="/home/kriss/Web/lib/CeusMedia/Common/Test/Alg/Crypt/Rot13Test.php" tests="2" assertions="6" failures="0" errors="0" time="0.000917">
      <testcase name="testEncrypt" class="Test_Alg_Crypt_Rot13Test" file="/home/kriss/Web/lib/CeusMedia/Common/Test/Alg/Crypt/Rot13Test.php" line="21" assertions="3" time="0.000532"/>
      <testcase name="testDecrypt" class="Test_Alg_Crypt_Rot13Test" file="/home/kriss/Web/lib/CeusMedia/Common/Test/Alg/Crypt/Rot13Test.php" line="36" assertions="3" time="0.000385"/>
    </testsuite>
    <testsuite name="Test_Alg_HtmlParserTest" file="/home/kriss/Web/lib/CeusMedia/Common/Test/Alg/HtmlParserTest.php" tests="26" assertions="63" failures="0" errors="0" time="0.016880">
      <testcase name="test__construct" class="Test_Alg_HtmlParserTest" file="/home/kriss/Web/lib/CeusMedia/Common/Test/Alg/HtmlParserTest.php" line="57" assertions="1" time="0.000344"/>
      <testcase name="testGetDescription" class="Test_Alg_HtmlParserTest" file="/home/kriss/Web/lib/CeusMedia/Common/Test/Alg/HtmlParserTest.php" line="71" assertions="3" time="0.000561"/>
      <testcase name="testGetDescriptionException" class="Test_Alg_HtmlParserTest" file="/home/kriss/Web/lib/CeusMedia/Common/Test/Alg/HtmlParserTest.php" line="97" assertions="1" time="0.000471"/>
      <testcase name="testGetDocument" class="Test_Alg_HtmlParserTest" file="/home/kriss/Web/lib/CeusMedia/Common/Test/Alg/HtmlParserTest.php" line="110" assertions="1" time="0.002132"/>
      <testcase name="testGetFavoriteIcon" class="Test_Alg_HtmlParserTest" file="/home/kriss/Web/lib/CeusMedia/Common/Test/Alg/HtmlParserTest.php" line="125" assertions="4" time="0.001451"/>
      <testcase name="testGetFavoriteIconException" class="Test_Alg_HtmlParserTest" file="/home/kriss/Web/lib/CeusMedia/Common/Test/Alg/HtmlParserTest.php" line="158" assertions="1" time="0.000473"/>
      <testcase name="testGetJavaScripts" class="Test_Alg_HtmlParserTest" file="/home/kriss/Web/lib/CeusMedia/Common/Test/Alg/HtmlParserTest.php" line="172" assertions="2" time="0.000452"/>
      <testcase name="testGetJavaScriptUrls" class="Test_Alg_HtmlParserTest" file="/home/kriss/Web/lib/CeusMedia/Common/Test/Alg/HtmlParserTest.php" line="190" assertions="4" time="0.000548"/>
      <testcase name="testGetKeyWords" class="Test_Alg_HtmlParserTest" file="/home/kriss/Web/lib/CeusMedia/Common/Test/Alg/HtmlParserTest.php" line="219" assertions="2" time="0.000763"/>
      <testcase name="testGetKeyWordsException" class="Test_Alg_HtmlParserTest" file="/home/kriss/Web/lib/CeusMedia/Common/Test/Alg/HtmlParserTest.php" line="241" assertions="1" time="0.000394"/>
      <testcase name="testGetLanguage" class="Test_Alg_HtmlParserTest" file="/home/kriss/Web/lib/CeusMedia/Common/Test/Alg/HtmlParserTest.php" line="254" assertions="2" time="0.000479"/>
      <testcase name="testGetLanguageException" class="Test_Alg_HtmlParserTest" file="/home/kriss/Web/lib/CeusMedia/Common/Test/Alg/HtmlParserTest.php" line="273" assertions="1" time="0.000385"/>
      <testcase name="testGetMetaTags" class="Test_Alg_HtmlParserTest" file="/home/kriss/Web/lib/CeusMedia/Common/Test/Alg/HtmlParserTest.php" line="286" assertions="3" time="0.000660"/>
      <testcase name="testGetStyles" class="Test_Alg_HtmlParserTest" file="/home/kriss/Web/lib/CeusMedia/Common/Test/Alg/HtmlParserTest.php" line="316" assertions="2" time="0.000456"/>
      <testcase name="testGetStyleSheetUrls" class="Test_Alg_HtmlParserTest" file="/home/kriss/Web/lib/CeusMedia/Common/Test/Alg/HtmlParserTest.php" line="334" assertions="4" time="0.000596"/>
      <testcase name="testGetTags" class="Test_Alg_HtmlParserTest" file="/home/kriss/Web/lib/CeusMedia/Common/Test/Alg/HtmlParserTest.php" line="364" assertions="8" time="0.000828"/>
      <testcase name="testGetTagsByAttribute" class="Test_Alg_HtmlParserTest" file="/home/kriss/Web/lib/CeusMedia/Common/Test/Alg/HtmlParserTest.php" line="412" assertions="5" time="0.000636"/>
      <testcase name="testGetTagById" class="Test_Alg_HtmlParserTest" file="/home/kriss/Web/lib/CeusMedia/Common/Test/Alg/HtmlParserTest.php" line="444" assertions="5" time="0.000634"/>
      <testcase name="testGetTagByIdException" class="Test_Alg_HtmlParserTest" file="/home/kriss/Web/lib/CeusMedia/Common/Test/Alg/HtmlParserTest.php" line="474" assertions="1" time="0.000452"/>
      <testcase name="testGetTagsByTagName" class="Test_Alg_HtmlParserTest" file="/home/kriss/Web/lib/CeusMedia/Common/Test/Alg/HtmlParserTest.php" line="485" assertions="2" time="0.000444"/>
      <testcase name="testGetTagsByXPath" class="Test_Alg_HtmlParserTest" file="/home/kriss/Web/lib/CeusMedia/Common/Test/Alg/HtmlParserTest.php" line="503" assertions="2" time="0.000454"/>
      <testcase name="testHasTagById" class="Test_Alg_HtmlParserTest" file="/home/kriss/Web/lib/CeusMedia/Common/Test/Alg/HtmlParserTest.php" line="522" assertions="2" time="0.000484"/>
      <testcase name="testGetTitle" class="Test_Alg_HtmlParserTest" file="/home/kriss/Web/lib/CeusMedia/Common/Test/Alg/HtmlParserTest.php" line="538" assertions="3" time="0.000551"/>
      <testcase name="testGetTitleException" class="Test_Alg_HtmlParserTest" file="/home/kriss/Web/lib/CeusMedia/Common/Test/Alg/HtmlParserTest.php" line="564" assertions="1" time="0.000527"/>
      <testcase name="testParseHtml" class="Test_Alg_HtmlParserTest" file="/home/kriss/Web/lib/CeusMedia/Common/Test/Alg/HtmlParserTest.php" line="577" assertions="1" time="0.000843"/>
      <testcase name="testParseHtmlFile" class="Test_Alg_HtmlParserTest" file="/home/kriss/Web/lib/CeusMedia/Common/Test/Alg/HtmlParserTest.php" line="595" assertions="1" time="0.000861"/>
    </testsuite>
    <testsuite name="Test_Alg_Math_Algebra_LabelMatrixTest" file="/home/kriss/Web/lib/CeusMedia/Common/Test/Alg/Math/Algebra/LabelMatrixTest.php" tests="24" assertions="38" failures="0" errors="0" time="0.013704">
      <testcase name="testConstruct" class="Test_Alg_Math_Algebra_LabelMatrixTest" file="/home/kriss/Web/lib/CeusMedia/Common/Test/Alg/Math/Algebra/LabelMatrixTest.php" line="62" assertions="4" time="0.001198"/>
      <testcase name="testConstructException1" class="Test_Alg_Math_Algebra_LabelMatrixTest" file="/home/kriss/Web/lib/CeusMedia/Common/Test/Alg/Math/Algebra/LabelMatrixTest.php" line="90" assertions="1" time="0.000438"/>
      <testcase name="testConstructException2" class="Test_Alg_Math_Algebra_LabelMatrixTest" file="/home/kriss/Web/lib/CeusMedia/Common/Test/Alg/Math/Algebra/LabelMatrixTest.php" line="101" assertions="1" time="0.000417"/>
      <testcase name="testClear" class="Test_Alg_Math_Algebra_LabelMatrixTest" file="/home/kriss/Web/lib/CeusMedia/Common/Test/Alg/Math/Algebra/LabelMatrixTest.php" line="112" assertions="1" time="0.000879"/>
      <testcase name="testGetRowNumber" class="Test_Alg_Math_Algebra_LabelMatrixTest" file="/home/kriss/Web/lib/CeusMedia/Common/Test/Alg/Math/Algebra/LabelMatrixTest.php" line="136" assertions="1" time="0.000442"/>
      <testcase name="testGetColumnNumber" class="Test_Alg_Math_Algebra_LabelMatrixTest" file="/home/kriss/Web/lib/CeusMedia/Common/Test/Alg/Math/Algebra/LabelMatrixTest.php" line="148" assertions="1" time="0.000456"/>
      <testcase name="testGetColumn" class="Test_Alg_Math_Algebra_LabelMatrixTest" file="/home/kriss/Web/lib/CeusMedia/Common/Test/Alg/Math/Algebra/LabelMatrixTest.php" line="160" assertions="3" time="0.000758"/>
      <testcase name="testGetColumnException" class="Test_Alg_Math_Algebra_LabelMatrixTest" file="/home/kriss/Web/lib/CeusMedia/Common/Test/Alg/Math/Algebra/LabelMatrixTest.php" line="180" assertions="1" time="0.000425"/>
      <testcase name="testGetRow" class="Test_Alg_Math_Algebra_LabelMatrixTest" file="/home/kriss/Web/lib/CeusMedia/Common/Test/Alg/Math/Algebra/LabelMatrixTest.php" line="191" assertions="2" time="0.000681"/>
      <testcase name="testGetRowException" class="Test_Alg_Math_Algebra_LabelMatrixTest" file="/home/kriss/Web/lib/CeusMedia/Common/Test/Alg/Math/Algebra/LabelMatrixTest.php" line="207" assertions="1" time="0.000426"/>
      <testcase name="testGetValue" class="Test_Alg_Math_Algebra_LabelMatrixTest" file="/home/kriss/Web/lib/CeusMedia/Common/Test/Alg/Math/Algebra/LabelMatrixTest.php" line="218" assertions="4" time="0.000601"/>
      <testcase name="testGetValueException1" class="Test_Alg_Math_Algebra_LabelMatrixTest" file="/home/kriss/Web/lib/CeusMedia/Common/Test/Alg/Math/Algebra/LabelMatrixTest.php" line="242" assertions="1" time="0.000646"/>
      <testcase name="testGetValueException2" class="Test_Alg_Math_Algebra_LabelMatrixTest" file="/home/kriss/Web/lib/CeusMedia/Common/Test/Alg/Math/Algebra/LabelMatrixTest.php" line="253" assertions="1" time="0.000425"/>
      <testcase name="testSetValue" class="Test_Alg_Math_Algebra_LabelMatrixTest" file="/home/kriss/Web/lib/CeusMedia/Common/Test/Alg/Math/Algebra/LabelMatrixTest.php" line="264" assertions="1" time="0.000439"/>
      <testcase name="testSetValueException1" class="Test_Alg_Math_Algebra_LabelMatrixTest" file="/home/kriss/Web/lib/CeusMedia/Common/Test/Alg/Math/Algebra/LabelMatrixTest.php" line="277" assertions="1" time="0.000426"/>
      <testcase name="testSetValueException2" class="Test_Alg_Math_Algebra_LabelMatrixTest" file="/home/kriss/Web/lib/CeusMedia/Common/Test/Alg/Math/Algebra/LabelMatrixTest.php" line="288" assertions="1" time="0.000372"/>
      <testcase name="testTranspose" class="Test_Alg_Math_Algebra_LabelMatrixTest" file="/home/kriss/Web/lib/CeusMedia/Common/Test/Alg/Math/Algebra/LabelMatrixTest.php" line="299" assertions="2" time="0.000709"/>
      <testcase name="testSwapRows" class="Test_Alg_Math_Algebra_LabelMatrixTest" file="/home/kriss/Web/lib/CeusMedia/Common/Test/Alg/Math/Algebra/LabelMatrixTest.php" line="316" assertions="2" time="0.000649"/>
      <testcase name="testSwapRowsException1" class="Test_Alg_Math_Algebra_LabelMatrixTest" file="/home/kriss/Web/lib/CeusMedia/Common/Test/Alg/Math/Algebra/LabelMatrixTest.php" line="334" assertions="1" time="0.000424"/>
      <testcase name="testSwapRowsException2" class="Test_Alg_Math_Algebra_LabelMatrixTest" file="/home/kriss/Web/lib/CeusMedia/Common/Test/Alg/Math/Algebra/LabelMatrixTest.php" line="345" assertions="1" time="0.000395"/>
      <testcase name="testSwapColumns" class="Test_Alg_Math_Algebra_LabelMatrixTest" file="/home/kriss/Web/lib/CeusMedia/Common/Test/Alg/Math/Algebra/LabelMatrixTest.php" line="356" assertions="4" time="0.000984"/>
      <testcase name="testSwapColumnsException1" class="Test_Alg_Math_Algebra_LabelMatrixTest" file="/home/kriss/Web/lib/CeusMedia/Common/Test/Alg/Math/Algebra/LabelMatrixTest.php" line="384" assertions="1" time="0.000413"/>
      <testcase name="testSwapColumnsException2" class="Test_Alg_Math_Algebra_LabelMatrixTest" file="/home/kriss/Web/lib/CeusMedia/Common/Test/Alg/Math/Algebra/LabelMatrixTest.php" line="395" assertions="1" time="0.000424"/>
      <testcase name="testToArray" class="Test_Alg_Math_Algebra_LabelMatrixTest" file="/home/kriss/Web/lib/CeusMedia/Common/Test/Alg/Math/Algebra/LabelMatrixTest.php" line="406" assertions="1" time="0.000677"/>
    </testsuite>
    <testsuite name="Test_Alg_Math_Algebra_MatrixTest" file="/home/kriss/Web/lib/CeusMedia/Common/Test/Alg/Math/Algebra/MatrixTest.php" tests="26" assertions="39" failures="0" errors="0" time="0.013887">
      <testcase name="testConstruct" class="Test_Alg_Math_Algebra_MatrixTest" file="/home/kriss/Web/lib/CeusMedia/Common/Test/Alg/Math/Algebra/MatrixTest.php" line="60" assertions="3" time="0.000641"/>
      <testcase name="testConstructException1" class="Test_Alg_Math_Algebra_MatrixTest" file="/home/kriss/Web/lib/CeusMedia/Common/Test/Alg/Math/Algebra/MatrixTest.php" line="82" assertions="1" time="0.000374"/>
      <testcase name="testConstructException2" class="Test_Alg_Math_Algebra_MatrixTest" file="/home/kriss/Web/lib/CeusMedia/Common/Test/Alg/Math/Algebra/MatrixTest.php" line="93" assertions="1" time="0.000410"/>
      <testcase name="testClear" class="Test_Alg_Math_Algebra_MatrixTest" file="/home/kriss/Web/lib/CeusMedia/Common/Test/Alg/Math/Algebra/MatrixTest.php" line="104" assertions="1" time="0.000608"/>
      <testcase name="testGetRowNumber" class="Test_Alg_Math_Algebra_MatrixTest" file="/home/kriss/Web/lib/CeusMedia/Common/Test/Alg/Math/Algebra/MatrixTest.php" line="117" assertions="1" time="0.000414"/>
      <testcase name="testGetColumnNumber" class="Test_Alg_Math_Algebra_MatrixTest" file="/home/kriss/Web/lib/CeusMedia/Common/Test/Alg/Math/Algebra/MatrixTest.php" line="129" assertions="1" time="0.000410"/>
      <testcase name="testGetColumn" class="Test_Alg_Math_Algebra_MatrixTest" file="/home/kriss/Web/lib/CeusMedia/Common/Test/Alg/Math/Algebra/MatrixTest.php" line="141" assertions="3" time="0.000978"/>
      <testcase name="testGetColumnException1" class="Test_Alg_Math_Algebra_MatrixTest" file="/home/kriss/Web/lib/CeusMedia/Common/Test/Alg/Math/Algebra/MatrixTest.php" line="161" assertions="1" time="0.000423"/>
      <testcase name="testGetColumnException2" class="Test_Alg_Math_Algebra_MatrixTest" file="/home/kriss/Web/lib/CeusMedia/Common/Test/Alg/Math/Algebra/MatrixTest.php" line="172" assertions="1" time="0.000387"/>
      <testcase name="testGetRow" class="Test_Alg_Math_Algebra_MatrixTest" file="/home/kriss/Web/lib/CeusMedia/Common/Test/Alg/Math/Algebra/MatrixTest.php" line="183" assertions="2" time="0.000741"/>
      <testcase name="testGetRowException1" class="Test_Alg_Math_Algebra_MatrixTest" file="/home/kriss/Web/lib/CeusMedia/Common/Test/Alg/Math/Algebra/MatrixTest.php" line="199" assertions="1" time="0.000358"/>
      <testcase name="testGetRowException2" class="Test_Alg_Math_Algebra_MatrixTest" file="/home/kriss/Web/lib/CeusMedia/Common/Test/Alg/Math/Algebra/MatrixTest.php" line="210" assertions="1" time="0.000390"/>
      <testcase name="testGetValue" class="Test_Alg_Math_Algebra_MatrixTest" file="/home/kriss/Web/lib/CeusMedia/Common/Test/Alg/Math/Algebra/MatrixTest.php" line="221" assertions="4" time="0.000518"/>
      <testcase name="testGetValueException1" class="Test_Alg_Math_Algebra_MatrixTest" file="/home/kriss/Web/lib/CeusMedia/Common/Test/Alg/Math/Algebra/MatrixTest.php" line="245" assertions="1" time="0.000432"/>
      <testcase name="testGetValueException2" class="Test_Alg_Math_Algebra_MatrixTest" file="/home/kriss/Web/lib/CeusMedia/Common/Test/Alg/Math/Algebra/MatrixTest.php" line="256" assertions="1" time="0.000404"/>
      <testcase name="testSetValue" class="Test_Alg_Math_Algebra_MatrixTest" file="/home/kriss/Web/lib/CeusMedia/Common/Test/Alg/Math/Algebra/MatrixTest.php" line="267" assertions="1" time="0.000490"/>
      <testcase name="testSetValueException1" class="Test_Alg_Math_Algebra_MatrixTest" file="/home/kriss/Web/lib/CeusMedia/Common/Test/Alg/Math/Algebra/MatrixTest.php" line="280" assertions="1" time="0.000409"/>
      <testcase name="testSetValueException2" class="Test_Alg_Math_Algebra_MatrixTest" file="/home/kriss/Web/lib/CeusMedia/Common/Test/Alg/Math/Algebra/MatrixTest.php" line="291" assertions="1" time="0.000380"/>
      <testcase name="testTranspose" class="Test_Alg_Math_Algebra_MatrixTest" file="/home/kriss/Web/lib/CeusMedia/Common/Test/Alg/Math/Algebra/MatrixTest.php" line="302" assertions="2" time="0.000804"/>
      <testcase name="testSwapRows" class="Test_Alg_Math_Algebra_MatrixTest" file="/home/kriss/Web/lib/CeusMedia/Common/Test/Alg/Math/Algebra/MatrixTest.php" line="319" assertions="2" time="0.000808"/>
      <testcase name="testSwapRowsException1" class="Test_Alg_Math_Algebra_MatrixTest" file="/home/kriss/Web/lib/CeusMedia/Common/Test/Alg/Math/Algebra/MatrixTest.php" line="337" assertions="1" time="0.000407"/>
      <testcase name="testSwapRowsException2" class="Test_Alg_Math_Algebra_MatrixTest" file="/home/kriss/Web/lib/CeusMedia/Common/Test/Alg/Math/Algebra/MatrixTest.php" line="348" assertions="1" time="0.000404"/>
      <testcase name="testSwapColumns" class="Test_Alg_Math_Algebra_MatrixTest" file="/home/kriss/Web/lib/CeusMedia/Common/Test/Alg/Math/Algebra/MatrixTest.php" line="359" assertions="4" time="0.001240"/>
      <testcase name="testSwapColumnsException1" class="Test_Alg_Math_Algebra_MatrixTest" file="/home/kriss/Web/lib/CeusMedia/Common/Test/Alg/Math/Algebra/MatrixTest.php" line="387" assertions="1" time="0.000444"/>
      <testcase name="testSwapColumnsException2" class="Test_Alg_Math_Algebra_MatrixTest" file="/home/kriss/Web/lib/CeusMedia/Common/Test/Alg/Math/Algebra/MatrixTest.php" line="398" assertions="1" time="0.000409"/>
      <testcase name="testToArray" class="Test_Alg_Math_Algebra_MatrixTest" file="/home/kriss/Web/lib/CeusMedia/Common/Test/Alg/Math/Algebra/MatrixTest.php" line="409" assertions="1" time="0.000605"/>
    </testsuite>
    <testsuite name="Test_Alg_Math_Algebra_VectorTest" file="/home/kriss/Web/lib/CeusMedia/Common/Test/Alg/Math/Algebra/VectorTest.php" tests="10" assertions="15" failures="0" errors="0" time="0.004492">
      <testcase name="testConstruct" class="Test_Alg_Math_Algebra_VectorTest" file="/home/kriss/Web/lib/CeusMedia/Common/Test/Alg/Math/Algebra/VectorTest.php" line="54" assertions="2" time="0.000636"/>
      <testcase name="testConstructException" class="Test_Alg_Math_Algebra_VectorTest" file="/home/kriss/Web/lib/CeusMedia/Common/Test/Alg/Math/Algebra/VectorTest.php" line="72" assertions="1" time="0.000381"/>
      <testcase name="testToString" class="Test_Alg_Math_Algebra_VectorTest" file="/home/kriss/Web/lib/CeusMedia/Common/Test/Alg/Math/Algebra/VectorTest.php" line="83" assertions="1" time="0.000417"/>
      <testcase name="testAddValue" class="Test_Alg_Math_Algebra_VectorTest" file="/home/kriss/Web/lib/CeusMedia/Common/Test/Alg/Math/Algebra/VectorTest.php" line="96" assertions="1" time="0.000482"/>
      <testcase name="testGetDimension" class="Test_Alg_Math_Algebra_VectorTest" file="/home/kriss/Web/lib/CeusMedia/Common/Test/Alg/Math/Algebra/VectorTest.php" line="109" assertions="1" time="0.000385"/>
      <testcase name="testGetValueFromDimension" class="Test_Alg_Math_Algebra_VectorTest" file="/home/kriss/Web/lib/CeusMedia/Common/Test/Alg/Math/Algebra/VectorTest.php" line="121" assertions="3" time="0.000498"/>
      <testcase name="testGetValueFromIndex" class="Test_Alg_Math_Algebra_VectorTest" file="/home/kriss/Web/lib/CeusMedia/Common/Test/Alg/Math/Algebra/VectorTest.php" line="141" assertions="3" time="0.000460"/>
      <testcase name="testGetValueFromIndexException1" class="Test_Alg_Math_Algebra_VectorTest" file="/home/kriss/Web/lib/CeusMedia/Common/Test/Alg/Math/Algebra/VectorTest.php" line="161" assertions="1" time="0.000381"/>
      <testcase name="testGetValueFromIndexException2" class="Test_Alg_Math_Algebra_VectorTest" file="/home/kriss/Web/lib/CeusMedia/Common/Test/Alg/Math/Algebra/VectorTest.php" line="172" assertions="1" time="0.000363"/>
      <testcase name="testToArray" class="Test_Alg_Math_Algebra_VectorTest" file="/home/kriss/Web/lib/CeusMedia/Common/Test/Alg/Math/Algebra/VectorTest.php" line="183" assertions="1" time="0.000489"/>
    </testsuite>
    <testsuite name="Test_Alg_Math_AverageTest" file="/home/kriss/Web/lib/CeusMedia/Common/Test/Alg/Math/AverageTest.php" tests="2" assertions="7" failures="0" errors="0" time="0.001318">
      <testcase name="testArithmetic" class="Test_Alg_Math_AverageTest" file="/home/kriss/Web/lib/CeusMedia/Common/Test/Alg/Math/AverageTest.php" line="53" assertions="4" time="0.000802"/>
      <testcase name="testGeometric" class="Test_Alg_Math_AverageTest" file="/home/kriss/Web/lib/CeusMedia/Common/Test/Alg/Math/AverageTest.php" line="77" assertions="3" time="0.000516"/>
    </testsuite>
    <testsuite name="Test_Alg_Math_CompactIntervalTest" file="/home/kriss/Web/lib/CeusMedia/Common/Test/Alg/Math/CompactIntervalTest.php" tests="9" assertions="9" failures="0" errors="0" time="0.003465">
      <testcase name="testConstruct" class="Test_Alg_Math_CompactIntervalTest" file="/home/kriss/Web/lib/CeusMedia/Common/Test/Alg/Math/CompactIntervalTest.php" line="54" assertions="1" time="0.000421"/>
      <testcase name="testGetDiameter" class="Test_Alg_Math_CompactIntervalTest" file="/home/kriss/Web/lib/CeusMedia/Common/Test/Alg/Math/CompactIntervalTest.php" line="67" assertions="1" time="0.000392"/>
      <testcase name="testGetStart" class="Test_Alg_Math_CompactIntervalTest" file="/home/kriss/Web/lib/CeusMedia/Common/Test/Alg/Math/CompactIntervalTest.php" line="79" assertions="1" time="0.000388"/>
      <testcase name="testGetEnd" class="Test_Alg_Math_CompactIntervalTest" file="/home/kriss/Web/lib/CeusMedia/Common/Test/Alg/Math/CompactIntervalTest.php" line="91" assertions="1" time="0.000387"/>
      <testcase name="testSetStart" class="Test_Alg_Math_CompactIntervalTest" file="/home/kriss/Web/lib/CeusMedia/Common/Test/Alg/Math/CompactIntervalTest.php" line="103" assertions="1" time="0.000352"/>
      <testcase name="testSetStartException" class="Test_Alg_Math_CompactIntervalTest" file="/home/kriss/Web/lib/CeusMedia/Common/Test/Alg/Math/CompactIntervalTest.php" line="117" assertions="1" time="0.000391"/>
      <testcase name="testSetEnd" class="Test_Alg_Math_CompactIntervalTest" file="/home/kriss/Web/lib/CeusMedia/Common/Test/Alg/Math/CompactIntervalTest.php" line="128" assertions="1" time="0.000411"/>
      <testcase name="testSetEndException" class="Test_Alg_Math_CompactIntervalTest" file="/home/kriss/Web/lib/CeusMedia/Common/Test/Alg/Math/CompactIntervalTest.php" line="141" assertions="1" time="0.000335"/>
      <testcase name="testToString" class="Test_Alg_Math_CompactIntervalTest" file="/home/kriss/Web/lib/CeusMedia/Common/Test/Alg/Math/CompactIntervalTest.php" line="152" assertions="1" time="0.000388"/>
    </testsuite>
    <testsuite name="Test_Alg_Math_FactorialTest" file="/home/kriss/Web/lib/CeusMedia/Common/Test/Alg/Math/FactorialTest.php" tests="3" assertions="5" failures="0" errors="0" time="0.001323">
      <testcase name="testCalculateException1" class="Test_Alg_Math_FactorialTest" file="/home/kriss/Web/lib/CeusMedia/Common/Test/Alg/Math/FactorialTest.php" line="53" assertions="1" time="0.000484"/>
      <testcase name="testCalculateException2" class="Test_Alg_Math_FactorialTest" file="/home/kriss/Web/lib/CeusMedia/Common/Test/Alg/Math/FactorialTest.php" line="64" assertions="1" time="0.000373"/>
      <testcase name="testCalculate" class="Test_Alg_Math_FactorialTest" file="/home/kriss/Web/lib/CeusMedia/Common/Test/Alg/Math/FactorialTest.php" line="75" assertions="3" time="0.000466"/>
    </testsuite>
    <testsuite name="Test_Alg_Math_Finance_CompoundInterestTest" file="/home/kriss/Web/lib/CeusMedia/Common/Test/Alg/Math/Finance/CompoundInterestTest.php" tests="16" assertions="23" failures="0" errors="0" time="0.006247">
      <testcase name="testCalculateFutureAmount" class="Test_Alg_Math_Finance_CompoundInterestTest" file="/home/kriss/Web/lib/CeusMedia/Common/Test/Alg/Math/Finance/CompoundInterestTest.php" line="54" assertions="3" time="0.000464"/>
      <testcase name="testCalculateFutureAmountException" class="Test_Alg_Math_Finance_CompoundInterestTest" file="/home/kriss/Web/lib/CeusMedia/Common/Test/Alg/Math/Finance/CompoundInterestTest.php" line="74" assertions="1" time="0.000355"/>
      <testcase name="testCalculatePresentAmount" class="Test_Alg_Math_Finance_CompoundInterestTest" file="/home/kriss/Web/lib/CeusMedia/Common/Test/Alg/Math/Finance/CompoundInterestTest.php" line="85" assertions="3" time="0.000473"/>
      <testcase name="testCalculatePresentAmountException" class="Test_Alg_Math_Finance_CompoundInterestTest" file="/home/kriss/Web/lib/CeusMedia/Common/Test/Alg/Math/Finance/CompoundInterestTest.php" line="105" assertions="1" time="0.000353"/>
      <testcase name="testCalculateInterest" class="Test_Alg_Math_Finance_CompoundInterestTest" file="/home/kriss/Web/lib/CeusMedia/Common/Test/Alg/Math/Finance/CompoundInterestTest.php" line="116" assertions="3" time="0.000477"/>
      <testcase name="testCalculateInterestException" class="Test_Alg_Math_Finance_CompoundInterestTest" file="/home/kriss/Web/lib/CeusMedia/Common/Test/Alg/Math/Finance/CompoundInterestTest.php" line="136" assertions="1" time="0.000369"/>
      <testcase name="testGetAmount" class="Test_Alg_Math_Finance_CompoundInterestTest" file="/home/kriss/Web/lib/CeusMedia/Common/Test/Alg/Math/Finance/CompoundInterestTest.php" line="147" assertions="1" time="0.000360"/>
      <testcase name="testGetInterest" class="Test_Alg_Math_Finance_CompoundInterestTest" file="/home/kriss/Web/lib/CeusMedia/Common/Test/Alg/Math/Finance/CompoundInterestTest.php" line="160" assertions="1" time="0.000369"/>
      <testcase name="testGetPeriods" class="Test_Alg_Math_Finance_CompoundInterestTest" file="/home/kriss/Web/lib/CeusMedia/Common/Test/Alg/Math/Finance/CompoundInterestTest.php" line="173" assertions="1" time="0.000359"/>
      <testcase name="testGetFutureAmount" class="Test_Alg_Math_Finance_CompoundInterestTest" file="/home/kriss/Web/lib/CeusMedia/Common/Test/Alg/Math/Finance/CompoundInterestTest.php" line="186" assertions="1" time="0.000347"/>
      <testcase name="testGetInterestFromFutureAmount" class="Test_Alg_Math_Finance_CompoundInterestTest" file="/home/kriss/Web/lib/CeusMedia/Common/Test/Alg/Math/Finance/CompoundInterestTest.php" line="202" assertions="1" time="0.000373"/>
      <testcase name="testGetPresentAmount" class="Test_Alg_Math_Finance_CompoundInterestTest" file="/home/kriss/Web/lib/CeusMedia/Common/Test/Alg/Math/Finance/CompoundInterestTest.php" line="216" assertions="2" time="0.000453"/>
      <testcase name="testSetAmount" class="Test_Alg_Math_Finance_CompoundInterestTest" file="/home/kriss/Web/lib/CeusMedia/Common/Test/Alg/Math/Finance/CompoundInterestTest.php" line="235" assertions="1" time="0.000343"/>
      <testcase name="testSetInterest" class="Test_Alg_Math_Finance_CompoundInterestTest" file="/home/kriss/Web/lib/CeusMedia/Common/Test/Alg/Math/Finance/CompoundInterestTest.php" line="248" assertions="1" time="0.000384"/>
      <testcase name="testSetPeriodsException" class="Test_Alg_Math_Finance_CompoundInterestTest" file="/home/kriss/Web/lib/CeusMedia/Common/Test/Alg/Math/Finance/CompoundInterestTest.php" line="261" assertions="1" time="0.000378"/>
      <testcase name="testSetPeriods" class="Test_Alg_Math_Finance_CompoundInterestTest" file="/home/kriss/Web/lib/CeusMedia/Common/Test/Alg/Math/Finance/CompoundInterestTest.php" line="272" assertions="1" time="0.000390"/>
    </testsuite>
    <testsuite name="Test_Alg_Math_FormulaProductTest" file="/home/kriss/Web/lib/CeusMedia/Common/Test/Alg/Math/FormulaProductTest.php" tests="3" assertions="4" failures="0" errors="0" time="0.001421">
      <testcase name="testConstructException1" class="Test_Alg_Math_FormulaProductTest" file="/home/kriss/Web/lib/CeusMedia/Common/Test/Alg/Math/FormulaProductTest.php" line="53" assertions="1" time="0.000521"/>
      <testcase name="testConstructException2" class="Test_Alg_Math_FormulaProductTest" file="/home/kriss/Web/lib/CeusMedia/Common/Test/Alg/Math/FormulaProductTest.php" line="64" assertions="1" time="0.000353"/>
      <testcase name="testCalculate" class="Test_Alg_Math_FormulaProductTest" file="/home/kriss/Web/lib/CeusMedia/Common/Test/Alg/Math/FormulaProductTest.php" line="75" assertions="2" time="0.000547"/>
    </testsuite>
    <testsuite name="Test_Alg_Math_FormulaSumTest" file="/home/kriss/Web/lib/CeusMedia/Common/Test/Alg/Math/FormulaSumTest.php" tests="3" assertions="4" failures="0" errors="0" time="0.001410">
      <testcase name="testConstructException1" class="Test_Alg_Math_FormulaSumTest" file="/home/kriss/Web/lib/CeusMedia/Common/Test/Alg/Math/FormulaSumTest.php" line="53" assertions="1" time="0.000515"/>
      <testcase name="testConstructException2" class="Test_Alg_Math_FormulaSumTest" file="/home/kriss/Web/lib/CeusMedia/Common/Test/Alg/Math/FormulaSumTest.php" line="64" assertions="1" time="0.000372"/>
      <testcase name="testCalculate" class="Test_Alg_Math_FormulaSumTest" file="/home/kriss/Web/lib/CeusMedia/Common/Test/Alg/Math/FormulaSumTest.php" line="75" assertions="2" time="0.000523"/>
    </testsuite>
    <testsuite name="Test_Alg_Math_FormulaTest" file="/home/kriss/Web/lib/CeusMedia/Common/Test/Alg/Math/FormulaTest.php" tests="6" assertions="7" failures="0" errors="0" time="0.002437">
      <testcase name="testConstruct" class="Test_Alg_Math_FormulaTest" file="/home/kriss/Web/lib/CeusMedia/Common/Test/Alg/Math/FormulaTest.php" line="54" assertions="2" time="0.000476"/>
      <testcase name="testConstructException" class="Test_Alg_Math_FormulaTest" file="/home/kriss/Web/lib/CeusMedia/Common/Test/Alg/Math/FormulaTest.php" line="72" assertions="1" time="0.000361"/>
      <testcase name="testGetExpression" class="Test_Alg_Math_FormulaTest" file="/home/kriss/Web/lib/CeusMedia/Common/Test/Alg/Math/FormulaTest.php" line="83" assertions="1" time="0.000370"/>
      <testcase name="testGetValue" class="Test_Alg_Math_FormulaTest" file="/home/kriss/Web/lib/CeusMedia/Common/Test/Alg/Math/FormulaTest.php" line="95" assertions="1" time="0.000384"/>
      <testcase name="testGetVariables" class="Test_Alg_Math_FormulaTest" file="/home/kriss/Web/lib/CeusMedia/Common/Test/Alg/Math/FormulaTest.php" line="107" assertions="1" time="0.000439"/>
      <testcase name="testToString" class="Test_Alg_Math_FormulaTest" file="/home/kriss/Web/lib/CeusMedia/Common/Test/Alg/Math/FormulaTest.php" line="119" assertions="1" time="0.000407"/>
    </testsuite>
    <testsuite name="Test_Alg_Math_PrimeTest" file="/home/kriss/Web/lib/CeusMedia/Common/Test/Alg/Math/PrimeTest.php" tests="3" assertions="12" failures="0" errors="0" time="0.002919">
      <testcase name="testGetPrimes" class="Test_Alg_Math_PrimeTest" file="/home/kriss/Web/lib/CeusMedia/Common/Test/Alg/Math/PrimeTest.php" line="26" assertions="2" time="0.001167"/>
      <testcase name="testIsPrime" class="Test_Alg_Math_PrimeTest" file="/home/kriss/Web/lib/CeusMedia/Common/Test/Alg/Math/PrimeTest.php" line="42" assertions="6" time="0.000580"/>
      <testcase name="testGetPrimeFactors" class="Test_Alg_Math_PrimeTest" file="/home/kriss/Web/lib/CeusMedia/Common/Test/Alg/Math/PrimeTest.php" line="74" assertions="4" time="0.001172"/>
    </testsuite>
    <testsuite name="Test_Alg_PREG_MatchTest" file="/home/kriss/Web/lib/CeusMedia/Common/Test/Alg/PREG/MatchTest.php" tests="6" assertions="12" failures="0" errors="0" time="0.002852">
      <testcase name="testAcceptException1" class="Test_Alg_PREG_MatchTest" file="/home/kriss/Web/lib/CeusMedia/Common/Test/Alg/PREG/MatchTest.php" line="26" assertions="1" time="0.000565"/>
      <testcase name="testAcceptException2" class="Test_Alg_PREG_MatchTest" file="/home/kriss/Web/lib/CeusMedia/Common/Test/Alg/PREG/MatchTest.php" line="37" assertions="1" time="0.000370"/>
      <testcase name="testAcceptException3" class="Test_Alg_PREG_MatchTest" file="/home/kriss/Web/lib/CeusMedia/Common/Test/Alg/PREG/MatchTest.php" line="48" assertions="1" time="0.000366"/>
      <testcase name="testAcceptException4" class="Test_Alg_PREG_MatchTest" file="/home/kriss/Web/lib/CeusMedia/Common/Test/Alg/PREG/MatchTest.php" line="59" assertions="1" time="0.000398"/>
      <testcase name="testAccept" class="Test_Alg_PREG_MatchTest" file="/home/kriss/Web/lib/CeusMedia/Common/Test/Alg/PREG/MatchTest.php" line="70" assertions="4" time="0.000618"/>
      <testcase name="testGet" class="Test_Alg_PREG_MatchTest" file="/home/kriss/Web/lib/CeusMedia/Common/Test/Alg/PREG/MatchTest.php" line="94" assertions="4" time="0.000535"/>
    </testsuite>
    <testsuite name="Test_Alg_Parcel_FactoryTest" file="/home/kriss/Web/lib/CeusMedia/Common/Test/Alg/Parcel/FactoryTest.php" tests="5" assertions="7" failures="0" errors="0" time="0.002661">
      <testcase name="testConstruct" class="Test_Alg_Parcel_FactoryTest" file="/home/kriss/Web/lib/CeusMedia/Common/Test/Alg/Parcel/FactoryTest.php" line="72" assertions="3" time="0.000789"/>
      <testcase name="testProduce" class="Test_Alg_Parcel_FactoryTest" file="/home/kriss/Web/lib/CeusMedia/Common/Test/Alg/Parcel/FactoryTest.php" line="94" assertions="1" time="0.000759"/>
      <testcase name="testProduceException1" class="Test_Alg_Parcel_FactoryTest" file="/home/kriss/Web/lib/CeusMedia/Common/Test/Alg/Parcel/FactoryTest.php" line="113" assertions="1" time="0.000376"/>
      <testcase name="testProduceException2" class="Test_Alg_Parcel_FactoryTest" file="/home/kriss/Web/lib/CeusMedia/Common/Test/Alg/Parcel/FactoryTest.php" line="124" assertions="1" time="0.000372"/>
      <testcase name="testProduceException3" class="Test_Alg_Parcel_FactoryTest" file="/home/kriss/Web/lib/CeusMedia/Common/Test/Alg/Parcel/FactoryTest.php" line="135" assertions="1" time="0.000365"/>
    </testsuite>
    <testsuite name="Test_Alg_Parcel_PackerTest" file="/home/kriss/Web/lib/CeusMedia/Common/Test/Alg/Parcel/PackerTest.php" tests="1" assertions="2" failures="0" errors="0" time="0.000659">
      <testcase name="testCalculatePrice" class="Test_Alg_Parcel_PackerTest" file="/home/kriss/Web/lib/CeusMedia/Common/Test/Alg/Parcel/PackerTest.php" line="108" assertions="2" time="0.000659"/>
    </testsuite>
    <testsuite name="Test_Alg_Parcel_PacketTest" file="/home/kriss/Web/lib/CeusMedia/Common/Test/Alg/Parcel/PacketTest.php" tests="7" assertions="13" failures="0" errors="0" time="0.003122">
      <testcase name="testConstruct" class="Test_Alg_Parcel_PacketTest" file="/home/kriss/Web/lib/CeusMedia/Common/Test/Alg/Parcel/PacketTest.php" line="48" assertions="1" time="0.000396"/>
      <testcase name="testToString" class="Test_Alg_Parcel_PacketTest" file="/home/kriss/Web/lib/CeusMedia/Common/Test/Alg/Parcel/PacketTest.php" line="63" assertions="1" time="0.000404"/>
      <testcase name="testAddArticle" class="Test_Alg_Parcel_PacketTest" file="/home/kriss/Web/lib/CeusMedia/Common/Test/Alg/Parcel/PacketTest.php" line="75" assertions="4" time="0.000513"/>
      <testcase name="testGetArticles" class="Test_Alg_Parcel_PacketTest" file="/home/kriss/Web/lib/CeusMedia/Common/Test/Alg/Parcel/PacketTest.php" line="107" assertions="2" time="0.000527"/>
      <testcase name="testGetName" class="Test_Alg_Parcel_PacketTest" file="/home/kriss/Web/lib/CeusMedia/Common/Test/Alg/Parcel/PacketTest.php" line="129" assertions="1" time="0.000391"/>
      <testcase name="testGetVolume" class="Test_Alg_Parcel_PacketTest" file="/home/kriss/Web/lib/CeusMedia/Common/Test/Alg/Parcel/PacketTest.php" line="141" assertions="1" time="0.000394"/>
      <testcase name="testHasVolumeLeft" class="Test_Alg_Parcel_PacketTest" file="/home/kriss/Web/lib/CeusMedia/Common/Test/Alg/Parcel/PacketTest.php" line="153" assertions="3" time="0.000497"/>
    </testsuite>
    <testsuite name="Test_Alg_RandomizerTest" file="/home/kriss/Web/lib/CeusMedia/Common/Test/Alg/RandomizerTest.php" tests="12" assertions="17" failures="0" errors="0" time="0.006652">
      <testcase name="testGet" class="Test_Alg_RandomizerTest" file="/home/kriss/Web/lib/CeusMedia/Common/Test/Alg/RandomizerTest.php" line="36" assertions="6" time="0.001022"/>
      <testcase name="testGetWithStrength" class="Test_Alg_RandomizerTest" file="/home/kriss/Web/lib/CeusMedia/Common/Test/Alg/RandomizerTest.php" line="75" assertions="1" time="0.000466"/>
      <testcase name="testGetWithUnique" class="Test_Alg_RandomizerTest" file="/home/kriss/Web/lib/CeusMedia/Common/Test/Alg/RandomizerTest.php" line="89" assertions="0" time="0.000593"/>
      <testcase name="testGetLarge" class="Test_Alg_RandomizerTest" file="/home/kriss/Web/lib/CeusMedia/Common/Test/Alg/RandomizerTest.php" line="108" assertions="2" time="0.000911"/>
      <testcase name="testGetLengthException1" class="Test_Alg_RandomizerTest" file="/home/kriss/Web/lib/CeusMedia/Common/Test/Alg/RandomizerTest.php" line="127" assertions="1" time="0.000383"/>
      <testcase name="testGetLengthException2" class="Test_Alg_RandomizerTest" file="/home/kriss/Web/lib/CeusMedia/Common/Test/Alg/RandomizerTest.php" line="138" assertions="1" time="0.000327"/>
      <testcase name="testGetLengthException3" class="Test_Alg_RandomizerTest" file="/home/kriss/Web/lib/CeusMedia/Common/Test/Alg/RandomizerTest.php" line="149" assertions="1" time="0.000369"/>
      <testcase name="testGetLengthException4" class="Test_Alg_RandomizerTest" file="/home/kriss/Web/lib/CeusMedia/Common/Test/Alg/RandomizerTest.php" line="164" assertions="1" time="0.000369"/>
      <testcase name="testGetStrengthException1" class="Test_Alg_RandomizerTest" file="/home/kriss/Web/lib/CeusMedia/Common/Test/Alg/RandomizerTest.php" line="175" assertions="1" time="0.000334"/>
      <testcase name="testGetStrengthException2" class="Test_Alg_RandomizerTest" file="/home/kriss/Web/lib/CeusMedia/Common/Test/Alg/RandomizerTest.php" line="186" assertions="1" time="0.000321"/>
      <testcase name="testGetStrengthException3" class="Test_Alg_RandomizerTest" file="/home/kriss/Web/lib/CeusMedia/Common/Test/Alg/RandomizerTest.php" line="197" assertions="1" time="0.000349"/>
      <testcase name="testGetStrengthException4" class="Test_Alg_RandomizerTest" file="/home/kriss/Web/lib/CeusMedia/Common/Test/Alg/RandomizerTest.php" line="208" assertions="1" time="0.001208"/>
    </testsuite>
    <testsuite name="Test_Alg_SgmlTagReaderTest" file="/home/kriss/Web/lib/CeusMedia/Common/Test/Alg/SgmlTagReaderTest.php" tests="4" assertions="7" failures="0" errors="0" time="0.002124">
      <testcase name="testGetNodeName" class="Test_Alg_SgmlTagReaderTest" file="/home/kriss/Web/lib/CeusMedia/Common/Test/Alg/SgmlTagReaderTest.php" line="57" assertions="2" time="0.000505"/>
      <testcase name="testGetAttributes" class="Test_Alg_SgmlTagReaderTest" file="/home/kriss/Web/lib/CeusMedia/Common/Test/Alg/SgmlTagReaderTest.php" line="73" assertions="2" time="0.000621"/>
      <testcase name="testGetContent" class="Test_Alg_SgmlTagReaderTest" file="/home/kriss/Web/lib/CeusMedia/Common/Test/Alg/SgmlTagReaderTest.php" line="96" assertions="2" time="0.000440"/>
      <testcase name="testGetTagData" class="Test_Alg_SgmlTagReaderTest" file="/home/kriss/Web/lib/CeusMedia/Common/Test/Alg/SgmlTagReaderTest.php" line="112" assertions="1" time="0.000558"/>
    </testsuite>
    <testsuite name="Test_Alg_Text_CamelCaseTest" file="/home/kriss/Web/lib/CeusMedia/Common/Test/Alg/Text/CamelCaseTest.php" tests="3" assertions="29" failures="0" errors="0" time="0.002968">
      <testcase name="testConvertWithString1" class="Test_Alg_Text_CamelCaseTest" file="/home/kriss/Web/lib/CeusMedia/Common/Test/Alg/Text/CamelCaseTest.php" line="57" assertions="10" time="0.001131"/>
      <testcase name="testConvertWithString2" class="Test_Alg_Text_CamelCaseTest" file="/home/kriss/Web/lib/CeusMedia/Common/Test/Alg/Text/CamelCaseTest.php" line="108" assertions="10" time="0.000954"/>
      <testcase name="testConvertWithString1AndStaticSettings" class="Test_Alg_Text_CamelCaseTest" file="/home/kriss/Web/lib/CeusMedia/Common/Test/Alg/Text/CamelCaseTest.php" line="159" assertions="9" time="0.000883"/>
    </testsuite>
    <testsuite name="Test_Alg_Text_FilterTest" file="/home/kriss/Web/lib/CeusMedia/Common/Test/Alg/Text/FilterTest.php" tests="5" assertions="5" failures="0" errors="0" time="0.002042">
      <testcase name="testStripComments" class="Test_Alg_Text_FilterTest" file="/home/kriss/Web/lib/CeusMedia/Common/Test/Alg/Text/FilterTest.php" line="26" assertions="1" time="0.000532"/>
      <testcase name="testStripScripts" class="Test_Alg_Text_FilterTest" file="/home/kriss/Web/lib/CeusMedia/Common/Test/Alg/Text/FilterTest.php" line="52" assertions="1" time="0.000344"/>
      <testcase name="testStripStyles" class="Test_Alg_Text_FilterTest" file="/home/kriss/Web/lib/CeusMedia/Common/Test/Alg/Text/FilterTest.php" line="68" assertions="1" time="0.000404"/>
      <testcase name="testStripTags" class="Test_Alg_Text_FilterTest" file="/home/kriss/Web/lib/CeusMedia/Common/Test/Alg/Text/FilterTest.php" line="92" assertions="1" time="0.000384"/>
      <testcase name="testStripEventAttributes" class="Test_Alg_Text_FilterTest" file="/home/kriss/Web/lib/CeusMedia/Common/Test/Alg/Text/FilterTest.php" line="110" assertions="1" time="0.000378"/>
    </testsuite>
    <testsuite name="Test_Alg_Text_TermExtractorTest" file="/home/kriss/Web/lib/CeusMedia/Common/Test/Alg/Text/TermExtractorTest.php" tests="5" assertions="5" failures="0" errors="0" time="0.006962">
      <testcase name="testGetTerms1" class="Test_Alg_Text_TermExtractorTest" file="/home/kriss/Web/lib/CeusMedia/Common/Test/Alg/Text/TermExtractorTest.php" line="63" assertions="1" time="0.000721"/>
      <testcase name="testGetTerms2" class="Test_Alg_Text_TermExtractorTest" file="/home/kriss/Web/lib/CeusMedia/Common/Test/Alg/Text/TermExtractorTest.php" line="80" assertions="1" time="0.002381"/>
      <testcase name="testGetTerms3" class="Test_Alg_Text_TermExtractorTest" file="/home/kriss/Web/lib/CeusMedia/Common/Test/Alg/Text/TermExtractorTest.php" line="92" assertions="1" time="0.002710"/>
      <testcase name="testLoadBlacklist" class="Test_Alg_Text_TermExtractorTest" file="/home/kriss/Web/lib/CeusMedia/Common/Test/Alg/Text/TermExtractorTest.php" line="105" assertions="1" time="0.000763"/>
      <testcase name="testSetBlacklist" class="Test_Alg_Text_TermExtractorTest" file="/home/kriss/Web/lib/CeusMedia/Common/Test/Alg/Text/TermExtractorTest.php" line="118" assertions="1" time="0.000387"/>
    </testsuite>
    <testsuite name="Test_Alg_Text_TrimmerTest" file="/home/kriss/Web/lib/CeusMedia/Common/Test/Alg/Text/TrimmerTest.php" tests="6" assertions="17" failures="0" errors="0" time="0.003790">
      <testcase name="testTrim" class="Test_Alg_Text_TrimmerTest" file="/home/kriss/Web/lib/CeusMedia/Common/Test/Alg/Text/TrimmerTest.php" line="57" assertions="4" time="0.001433"/>
      <testcase name="testTrimCentricException1" class="Test_Alg_Text_TrimmerTest" file="/home/kriss/Web/lib/CeusMedia/Common/Test/Alg/Text/TrimmerTest.php" line="79" assertions="1" time="0.000404"/>
      <testcase name="testTrimCentricException2" class="Test_Alg_Text_TrimmerTest" file="/home/kriss/Web/lib/CeusMedia/Common/Test/Alg/Text/TrimmerTest.php" line="90" assertions="1" time="0.000349"/>
      <testcase name="testTrimCentricException3" class="Test_Alg_Text_TrimmerTest" file="/home/kriss/Web/lib/CeusMedia/Common/Test/Alg/Text/TrimmerTest.php" line="101" assertions="1" time="0.000372"/>
      <testcase name="testTrimCentric" class="Test_Alg_Text_TrimmerTest" file="/home/kriss/Web/lib/CeusMedia/Common/Test/Alg/Text/TrimmerTest.php" line="112" assertions="7" time="0.000706"/>
[...]
    </testsuite>
    <testsuite name="Test_XML_DOM_ObjectDeserializerTest" file="/home/kriss/Web/lib/CeusMedia/Common/Test/XML/DOM/ObjectDeserializerTest.php" tests="1" assertions="1" failures="0" errors="0" time="0.002271">
      <testcase name="testDeserialize" class="Test_XML_DOM_ObjectDeserializerTest" file="/home/kriss/Web/lib/CeusMedia/Common/Test/XML/DOM/ObjectDeserializerTest.php" line="53" assertions="1" time="0.002271"/>
    </testsuite>
    <testsuite name="Test_XML_DOM_ObjectSerializerTest" file="/home/kriss/Web/lib/CeusMedia/Common/Test/XML/DOM/ObjectSerializerTest.php" tests="1" assertions="1" failures="0" errors="0" time="0.000958">
      <testcase name="testSerialize" class="Test_XML_DOM_ObjectSerializerTest" file="/home/kriss/Web/lib/CeusMedia/Common/Test/XML/DOM/ObjectSerializerTest.php" line="58" assertions="1" time="0.000958"/>
    </testsuite>
    <testsuite name="Test_XML_DOM_PEAR_PackageReaderTest" file="/home/kriss/Web/lib/CeusMedia/Common/Test/XML/DOM/PEAR/PackageReaderTest.php" tests="1" assertions="1" failures="0" errors="0" time="0.006279">
      <testcase name="testGetPackageDataFromXmlFile" class="Test_XML_DOM_PEAR_PackageReaderTest" file="/home/kriss/Web/lib/CeusMedia/Common/Test/XML/DOM/PEAR/PackageReaderTest.php" line="55" assertions="1" time="0.006279"/>
    </testsuite>
    <testsuite name="Test_XML_DOM_ParserTest" file="/home/kriss/Web/lib/CeusMedia/Common/Test/XML/DOM/ParserTest.php" tests="2" assertions="3" failures="0" errors="0" time="0.003410">
      <testcase name="testGetDocument" class="Test_XML_DOM_ParserTest" file="/home/kriss/Web/lib/CeusMedia/Common/Test/XML/DOM/ParserTest.php" line="39" assertions="2" time="0.000566"/>
      <testcase name="testParse" class="Test_XML_DOM_ParserTest" file="/home/kriss/Web/lib/CeusMedia/Common/Test/XML/DOM/ParserTest.php" line="59" assertions="1" time="0.002844"/>
    </testsuite>
    <testsuite name="Test_XML_DOM_StorageTest" file="/home/kriss/Web/lib/CeusMedia/Common/Test/XML/DOM/StorageTest.php" tests="5" assertions="13" failures="0" errors="0" time="0.006156">
      <testcase name="testGet" class="Test_XML_DOM_StorageTest" file="/home/kriss/Web/lib/CeusMedia/Common/Test/XML/DOM/StorageTest.php" line="58" assertions="1" time="0.001326"/>
      <testcase name="testRemove" class="Test_XML_DOM_StorageTest" file="/home/kriss/Web/lib/CeusMedia/Common/Test/XML/DOM/StorageTest.php" line="70" assertions="3" time="0.001145"/>
      <testcase name="testRemoveAndWrite" class="Test_XML_DOM_StorageTest" file="/home/kriss/Web/lib/CeusMedia/Common/Test/XML/DOM/StorageTest.php" line="93" assertions="3" time="0.001237"/>
      <testcase name="testSet" class="Test_XML_DOM_StorageTest" file="/home/kriss/Web/lib/CeusMedia/Common/Test/XML/DOM/StorageTest.php" line="116" assertions="3" time="0.001094"/>
      <testcase name="testSetAndWrite" class="Test_XML_DOM_StorageTest" file="/home/kriss/Web/lib/CeusMedia/Common/Test/XML/DOM/StorageTest.php" line="139" assertions="3" time="0.001354"/>
    </testsuite>
    <testsuite name="Test_XML_DOM_XPathQueryTest" file="/home/kriss/Web/lib/CeusMedia/Common/Test/XML/DOM/XPathQueryTest.php" tests="12" assertions="18" failures="0" errors="1" time="0.705718">
      <testcase name="testLoadFile" class="Test_XML_DOM_XPathQueryTest" file="/home/kriss/Web/lib/CeusMedia/Common/Test/XML/DOM/XPathQueryTest.php" line="41" assertions="1" time="0.001271"/>
      <testcase name="testLoadFileException" class="Test_XML_DOM_XPathQueryTest" file="/home/kriss/Web/lib/CeusMedia/Common/Test/XML/DOM/XPathQueryTest.php" line="56" assertions="1" time="0.000442"/>
      <testcase name="testLoadXml" class="Test_XML_DOM_XPathQueryTest" file="/home/kriss/Web/lib/CeusMedia/Common/Test/XML/DOM/XPathQueryTest.php" line="67" assertions="1" time="0.000801"/>
      <testcase name="testLoadXmlException" class="Test_XML_DOM_XPathQueryTest" file="/home/kriss/Web/lib/CeusMedia/Common/Test/XML/DOM/XPathQueryTest.php" line="83" assertions="1" time="0.000469"/>
      <testcase name="testLoadUrl" class="Test_XML_DOM_XPathQueryTest" file="/home/kriss/Web/lib/CeusMedia/Common/Test/XML/DOM/XPathQueryTest.php" line="94" assertions="0" time="0.698834">
        <error type="PHPUnit_Framework_ExceptionWrapper">Test_XML_DOM_XPathQueryTest::testLoadUrl
Exception_IO: HTTP request failed

/home/kriss/Web/lib/CeusMedia/Common/src/Net/Reader.php:197
/home/kriss/Web/lib/CeusMedia/Common/src/Net/Reader.php:213
/home/kriss/Web/lib/CeusMedia/Common/src/XML/DOM/XPathQuery.php:117
/home/kriss/Web/lib/CeusMedia/Common/Test/XML/DOM/XPathQueryTest.php:98
</error>
      </testcase>
      <testcase name="testLoadUrlException" class="Test_XML_DOM_XPathQueryTest" file="/home/kriss/Web/lib/CeusMedia/Common/Test/XML/DOM/XPathQueryTest.php" line="112" assertions="1" time="0.000656"/>
      <testcase name="testEvaluate" class="Test_XML_DOM_XPathQueryTest" file="/home/kriss/Web/lib/CeusMedia/Common/Test/XML/DOM/XPathQueryTest.php" line="124" assertions="5" time="0.000785"/>
      <testcase name="testEvaluateException" class="Test_XML_DOM_XPathQueryTest" file="/home/kriss/Web/lib/CeusMedia/Common/Test/XML/DOM/XPathQueryTest.php" line="161" assertions="0" time="0.000392"/>
      <testcase name="testGetDocument" class="Test_XML_DOM_XPathQueryTest" file="/home/kriss/Web/lib/CeusMedia/Common/Test/XML/DOM/XPathQueryTest.php" line="179" assertions="3" time="0.000576"/>
      <testcase name="testGetDocumetException" class="Test_XML_DOM_XPathQueryTest" file="/home/kriss/Web/lib/CeusMedia/Common/Test/XML/DOM/XPathQueryTest.php" line="204" assertions="0" time="0.000361"/>
      <testcase name="testQuery" class="Test_XML_DOM_XPathQueryTest" file="/home/kriss/Web/lib/CeusMedia/Common/Test/XML/DOM/XPathQueryTest.php" line="221" assertions="5" time="0.000754"/>
      <testcase name="testQueryException" class="Test_XML_DOM_XPathQueryTest" file="/home/kriss/Web/lib/CeusMedia/Common/Test/XML/DOM/XPathQueryTest.php" line="258" assertions="0" time="0.000377"/>
    </testsuite>
    <testsuite name="Test_XML_ElementReaderTest" file="/home/kriss/Web/lib/CeusMedia/Common/Test/XML/ElementReaderTest.php" tests="2" assertions="4" failures="0" errors="0" time="0.361079">
      <testcase name="testReadUrl" class="Test_XML_ElementReaderTest" file="/home/kriss/Web/lib/CeusMedia/Common/Test/XML/ElementReaderTest.php" line="35" assertions="2" time="0.359533"/>
      <testcase name="testReadFile" class="Test_XML_ElementReaderTest" file="/home/kriss/Web/lib/CeusMedia/Common/Test/XML/ElementReaderTest.php" line="56" assertions="2" time="0.001546"/>
    </testsuite>
    <testsuite name="Test_XML_ElementTest" file="/home/kriss/Web/lib/CeusMedia/Common/Test/XML/ElementTest.php" tests="31" assertions="64" failures="0" errors="0" time="0.040850">
      <testcase name="testAddAttribute" class="Test_XML_ElementTest" file="/home/kriss/Web/lib/CeusMedia/Common/Test/XML/ElementTest.php" line="36" assertions="2" time="0.001136"/>
      <testcase name="testAddAttributeWithNamespace" class="Test_XML_ElementTest" file="/home/kriss/Web/lib/CeusMedia/Common/Test/XML/ElementTest.php" line="50" assertions="2" time="0.000569"/>
      <testcase name="testAddAttributeWithUnregisteredNamespace" class="Test_XML_ElementTest" file="/home/kriss/Web/lib/CeusMedia/Common/Test/XML/ElementTest.php" line="65" assertions="2" time="0.000540"/>
      <testcase name="testAddChild" class="Test_XML_ElementTest" file="/home/kriss/Web/lib/CeusMedia/Common/Test/XML/ElementTest.php" line="80" assertions="2" time="0.000565"/>
      <testcase name="testAddChildWithNamespace" class="Test_XML_ElementTest" file="/home/kriss/Web/lib/CeusMedia/Common/Test/XML/ElementTest.php" line="96" assertions="5" time="0.000832"/>
      <testcase name="testAddChildWithUnregisteredNamespace" class="Test_XML_ElementTest" file="/home/kriss/Web/lib/CeusMedia/Common/Test/XML/ElementTest.php" line="123" assertions="5" time="0.000764"/>
      <testcase name="testAddChildCData" class="Test_XML_ElementTest" file="/home/kriss/Web/lib/CeusMedia/Common/Test/XML/ElementTest.php" line="150" assertions="2" time="0.000564"/>
      <testcase name="testAddChildCDataWithNamespace" class="Test_XML_ElementTest" file="/home/kriss/Web/lib/CeusMedia/Common/Test/XML/ElementTest.php" line="164" assertions="2" time="0.000548"/>
      <testcase name="testAddChildCDataWithUnregisteredNamespace" class="Test_XML_ElementTest" file="/home/kriss/Web/lib/CeusMedia/Common/Test/XML/ElementTest.php" line="178" assertions="2" time="0.000579"/>
      <testcase name="testAsFile" class="Test_XML_ElementTest" file="/home/kriss/Web/lib/CeusMedia/Common/Test/XML/ElementTest.php" line="192" assertions="1" time="0.000669"/>
      <testcase name="testAsXml" class="Test_XML_ElementTest" file="/home/kriss/Web/lib/CeusMedia/Common/Test/XML/ElementTest.php" line="201" assertions="1" time="0.000506"/>
      <testcase name="testCountAttributes" class="Test_XML_ElementTest" file="/home/kriss/Web/lib/CeusMedia/Common/Test/XML/ElementTest.php" line="209" assertions="1" time="0.000511"/>
      <testcase name="testCountAttributesWithNamespace" class="Test_XML_ElementTest" file="/home/kriss/Web/lib/CeusMedia/Common/Test/XML/ElementTest.php" line="217" assertions="2" time="0.000582"/>
      <testcase name="testCountChildren" class="Test_XML_ElementTest" file="/home/kriss/Web/lib/CeusMedia/Common/Test/XML/ElementTest.php" line="234" assertions="1" time="0.000508"/>
      <testcase name="testCountChildrenWithNamespace" class="Test_XML_ElementTest" file="/home/kriss/Web/lib/CeusMedia/Common/Test/XML/ElementTest.php" line="242" assertions="2" time="0.000620"/>
      <testcase name="testGetAttribute" class="Test_XML_ElementTest" file="/home/kriss/Web/lib/CeusMedia/Common/Test/XML/ElementTest.php" line="255" assertions="1" time="0.000503"/>
      <testcase name="testGetAttributeWithNamespace" class="Test_XML_ElementTest" file="/home/kriss/Web/lib/CeusMedia/Common/Test/XML/ElementTest.php" line="263" assertions="3" time="0.000619"/>
      <testcase name="testGetAttributeNames" class="Test_XML_ElementTest" file="/home/kriss/Web/lib/CeusMedia/Common/Test/XML/ElementTest.php" line="281" assertions="1" time="0.000581"/>
      <testcase name="testGetAttributeNamesWithNamespace" class="Test_XML_ElementTest" file="/home/kriss/Web/lib/CeusMedia/Common/Test/XML/ElementTest.php" line="292" assertions="1" time="0.000680"/>
      <testcase name="testGetAttributes" class="Test_XML_ElementTest" file="/home/kriss/Web/lib/CeusMedia/Common/Test/XML/ElementTest.php" line="307" assertions="1" time="0.000562"/>
      <testcase name="testGetAttributesWithNamespace" class="Test_XML_ElementTest" file="/home/kriss/Web/lib/CeusMedia/Common/Test/XML/ElementTest.php" line="318" assertions="1" time="0.000612"/>
      <testcase name="testHasAttribute" class="Test_XML_ElementTest" file="/home/kriss/Web/lib/CeusMedia/Common/Test/XML/ElementTest.php" line="333" assertions="2" time="0.000536"/>
      <testcase name="testHasAttributeWithNamespace" class="Test_XML_ElementTest" file="/home/kriss/Web/lib/CeusMedia/Common/Test/XML/ElementTest.php" line="346" assertions="2" time="0.000569"/>
      <testcase name="testRemoveAttribute" class="Test_XML_ElementTest" file="/home/kriss/Web/lib/CeusMedia/Common/Test/XML/ElementTest.php" line="359" assertions="1" time="0.000524"/>
      <testcase name="testRemoveAttributeWithNamespace" class="Test_XML_ElementTest" file="/home/kriss/Web/lib/CeusMedia/Common/Test/XML/ElementTest.php" line="369" assertions="3" time="0.000642"/>
      <testcase name="testRemove" class="Test_XML_ElementTest" file="/home/kriss/Web/lib/CeusMedia/Common/Test/XML/ElementTest.php" line="391" assertions="1" time="0.000479"/>
      <testcase name="testRemoveChild" class="Test_XML_ElementTest" file="/home/kriss/Web/lib/CeusMedia/Common/Test/XML/ElementTest.php" line="400" assertions="2" time="0.000517"/>
      <testcase name="testSetAttribute" class="Test_XML_ElementTest" file="/home/kriss/Web/lib/CeusMedia/Common/Test/XML/ElementTest.php" line="414" assertions="4" time="0.022464"/>
      <testcase name="testSetAttributeWithNamespace" class="Test_XML_ElementTest" file="/home/kriss/Web/lib/CeusMedia/Common/Test/XML/ElementTest.php" line="440" assertions="5" time="0.000925"/>
      <testcase name="testSetValue" class="Test_XML_ElementTest" file="/home/kriss/Web/lib/CeusMedia/Common/Test/XML/ElementTest.php" line="472" assertions="2" time="0.000580"/>
      <testcase name="testSetValueWithCData" class="Test_XML_ElementTest" file="/home/kriss/Web/lib/CeusMedia/Common/Test/XML/ElementTest.php" line="488" assertions="2" time="0.000564"/>
    </testsuite>
    <testsuite name="Test_XML_RSS_BuilderTest" file="/home/kriss/Web/lib/CeusMedia/Common/Test/XML/RSS/BuilderTest.php" tests="7" assertions="13" failures="0" errors="0" time="0.004641">
      <testcase name="testConstruct" class="Test_XML_RSS_BuilderTest" file="/home/kriss/Web/lib/CeusMedia/Common/Test/XML/RSS/BuilderTest.php" line="82" assertions="2" time="0.000497"/>
      <testcase name="testAddItem" class="Test_XML_RSS_BuilderTest" file="/home/kriss/Web/lib/CeusMedia/Common/Test/XML/RSS/BuilderTest.php" line="100" assertions="2" time="0.000606"/>
      <testcase name="testBuild" class="Test_XML_RSS_BuilderTest" file="/home/kriss/Web/lib/CeusMedia/Common/Test/XML/RSS/BuilderTest.php" line="124" assertions="3" time="0.001437"/>
      <testcase name="testBuildException" class="Test_XML_RSS_BuilderTest" file="/home/kriss/Web/lib/CeusMedia/Common/Test/XML/RSS/BuilderTest.php" line="139" assertions="1" time="0.000452"/>
      <testcase name="testSetChannelPair" class="Test_XML_RSS_BuilderTest" file="/home/kriss/Web/lib/CeusMedia/Common/Test/XML/RSS/BuilderTest.php" line="150" assertions="2" time="0.000525"/>
      <testcase name="testSetChannelData" class="Test_XML_RSS_BuilderTest" file="/home/kriss/Web/lib/CeusMedia/Common/Test/XML/RSS/BuilderTest.php" line="169" assertions="1" time="0.000441"/>
      <testcase name="testSetItemList" class="Test_XML_RSS_BuilderTest" file="/home/kriss/Web/lib/CeusMedia/Common/Test/XML/RSS/BuilderTest.php" line="188" assertions="2" time="0.000683"/>
    </testsuite>
    <testsuite name="Test_XML_RSS_ParserTest" file="/home/kriss/Web/lib/CeusMedia/Common/Test/XML/RSS/ParserTest.php" tests="1" assertions="1" failures="0" errors="0" time="0.004244">
      <testcase name="testParse" class="Test_XML_RSS_ParserTest" file="/home/kriss/Web/lib/CeusMedia/Common/Test/XML/RSS/ParserTest.php" line="27" assertions="1" time="0.004244"/>
    </testsuite>
    <testsuite name="Test_XML_RSS_ReaderTest" file="/home/kriss/Web/lib/CeusMedia/Common/Test/XML/RSS/ReaderTest.php" tests="3" assertions="7" failures="0" errors="0" time="0.301110">
      <testcase name="testReadUrl" class="Test_XML_RSS_ReaderTest" file="/home/kriss/Web/lib/CeusMedia/Common/Test/XML/RSS/ReaderTest.php" line="41" assertions="5" time="0.287806"/>
      <testcase name="testReadFile" class="Test_XML_RSS_ReaderTest" file="/home/kriss/Web/lib/CeusMedia/Common/Test/XML/RSS/ReaderTest.php" line="73" assertions="1" time="0.008784"/>
      <testcase name="testReadXml" class="Test_XML_RSS_ReaderTest" file="/home/kriss/Web/lib/CeusMedia/Common/Test/XML/RSS/ReaderTest.php" line="87" assertions="1" time="0.004520"/>
    </testsuite>
    <testsuite name="Test_XML_RSS_WriterTest" file="/home/kriss/Web/lib/CeusMedia/Common/Test/XML/RSS/WriterTest.php" tests="5" assertions="7" failures="0" errors="0" time="0.003730">
      <testcase name="testAddItem" class="Test_XML_RSS_WriterTest" file="/home/kriss/Web/lib/CeusMedia/Common/Test/XML/RSS/WriterTest.php" line="67" assertions="1" time="0.000546"/>
      <testcase name="testSetChannelData" class="Test_XML_RSS_WriterTest" file="/home/kriss/Web/lib/CeusMedia/Common/Test/XML/RSS/WriterTest.php" line="79" assertions="1" time="0.000483"/>
      <testcase name="testSetChannelPair" class="Test_XML_RSS_WriterTest" file="/home/kriss/Web/lib/CeusMedia/Common/Test/XML/RSS/WriterTest.php" line="94" assertions="1" time="0.000512"/>
      <testcase name="testSetItemList" class="Test_XML_RSS_WriterTest" file="/home/kriss/Web/lib/CeusMedia/Common/Test/XML/RSS/WriterTest.php" line="110" assertions="1" time="0.000497"/>
      <testcase name="testWrite" class="Test_XML_RSS_WriterTest" file="/home/kriss/Web/lib/CeusMedia/Common/Test/XML/RSS/WriterTest.php" line="122" assertions="3" time="0.001692"/>
    </testsuite>
    <testsuite name="Test_XML_WDDX_BuilderTest" file="/home/kriss/Web/lib/CeusMedia/Common/Test/XML/WDDX/BuilderTest.php" tests="3" assertions="5" failures="0" errors="0" time="0.001474">
      <testcase name="testConstruct" class="Test_XML_WDDX_BuilderTest" file="/home/kriss/Web/lib/CeusMedia/Common/Test/XML/WDDX/BuilderTest.php" line="41" assertions="2" time="0.000610"/>
      <testcase name="testAdd" class="Test_XML_WDDX_BuilderTest" file="/home/kriss/Web/lib/CeusMedia/Common/Test/XML/WDDX/BuilderTest.php" line="59" assertions="2" time="0.000457"/>
      <testcase name="testBuild" class="Test_XML_WDDX_BuilderTest" file="/home/kriss/Web/lib/CeusMedia/Common/Test/XML/WDDX/BuilderTest.php" line="75" assertions="1" time="0.000407"/>
    </testsuite>
    <testsuite name="Test_XML_WDDX_FileReaderTest" file="/home/kriss/Web/lib/CeusMedia/Common/Test/XML/WDDX/FileReaderTest.php" tests="3" assertions="3" failures="0" errors="0" time="0.002226">
      <testcase name="testConstruct" class="Test_XML_WDDX_FileReaderTest" file="/home/kriss/Web/lib/CeusMedia/Common/Test/XML/WDDX/FileReaderTest.php" line="51" assertions="1" time="0.000937"/>
      <testcase name="testRead" class="Test_XML_WDDX_FileReaderTest" file="/home/kriss/Web/lib/CeusMedia/Common/Test/XML/WDDX/FileReaderTest.php" line="65" assertions="1" time="0.000626"/>
      <testcase name="testLoad" class="Test_XML_WDDX_FileReaderTest" file="/home/kriss/Web/lib/CeusMedia/Common/Test/XML/WDDX/FileReaderTest.php" line="77" assertions="1" time="0.000663"/>
    </testsuite>
    <testsuite name="Test_XML_WDDX_FileWriterTest" file="/home/kriss/Web/lib/CeusMedia/Common/Test/XML/WDDX/FileWriterTest.php" tests="4" assertions="13" failures="0" errors="0" time="0.004555">
      <testcase name="testConstruct" class="Test_XML_WDDX_FileWriterTest" file="/home/kriss/Web/lib/CeusMedia/Common/Test/XML/WDDX/FileWriterTest.php" line="70" assertions="1" time="0.001469"/>
      <testcase name="testAdd" class="Test_XML_WDDX_FileWriterTest" file="/home/kriss/Web/lib/CeusMedia/Common/Test/XML/WDDX/FileWriterTest.php" line="87" assertions="3" time="0.000905"/>
      <testcase name="testWrite" class="Test_XML_WDDX_FileWriterTest" file="/home/kriss/Web/lib/CeusMedia/Common/Test/XML/WDDX/FileWriterTest.php" line="109" assertions="3" time="0.000864"/>
      <testcase name="testSave" class="Test_XML_WDDX_FileWriterTest" file="/home/kriss/Web/lib/CeusMedia/Common/Test/XML/WDDX/FileWriterTest.php" line="135" assertions="6" time="0.001317"/>
    </testsuite>
    <testsuite name="Test_XML_WDDX_ParserTest" file="/home/kriss/Web/lib/CeusMedia/Common/Test/XML/WDDX/ParserTest.php" tests="1" assertions="1" failures="0" errors="0" time="0.000939">
      <testcase name="testParse" class="Test_XML_WDDX_ParserTest" file="/home/kriss/Web/lib/CeusMedia/Common/Test/XML/WDDX/ParserTest.php" line="56" assertions="1" time="0.000939"/>
    </testsuite>
    <testsuite name="Test_XML_XSL_TransformatorTest" file="/home/kriss/Web/lib/CeusMedia/Common/Test/XML/XSL/TransformatorTest.php" tests="2" assertions="2" failures="0" errors="0" time="0.004219">
      <testcase name="testTransform" class="Test_XML_XSL_TransformatorTest" file="/home/kriss/Web/lib/CeusMedia/Common/Test/XML/XSL/TransformatorTest.php" line="43" assertions="1" time="0.003248"/>
      <testcase name="testTransformToFile" class="Test_XML_XSL_TransformatorTest" file="/home/kriss/Web/lib/CeusMedia/Common/Test/XML/XSL/TransformatorTest.php" line="55" assertions="1" time="0.000971"/>
    </testsuite>
  </testsuite>
</testsuites>
