<?xml version="1.0" encoding="UTF-8"?>
<testsuites>
  <testsuite name="Test" tests="1397" assertions="2869" failures="17" errors="2" time="63.742661">
    <testsuite name="Test_ADT_JSON_BuilderTest" file="/home/kriss/Web/lib/CeusMedia/Common/Test/ADT/JSON/BuilderTest.php" fullPackage="Tests.adt.json" package="Tests.adt.json" tests="3" assertions="5" failures="0" errors="0" time="0.086029">
      <testcase name="testEncode" class="Test_ADT_JSON_BuilderTest" file="/home/kriss/Web/lib/CeusMedia/Common/Test/ADT/JSON/BuilderTest.php" line="35" assertions="2" time="0.050295"/>
      <testcase name="testEncodeStatic" class="Test_ADT_JSON_BuilderTest" file="/home/kriss/Web/lib/CeusMedia/Common/Test/ADT/JSON/BuilderTest.php" line="55" assertions="2" time="0.022718"/>
      <testcase name="testEncodeStaticException" class="Test_ADT_JSON_BuilderTest" file="/home/kriss/Web/lib/CeusMedia/Common/Test/ADT/JSON/BuilderTest.php" line="74" assertions="1" time="0.013016"/>
    </testsuite>
    <testsuite name="Test_ADT_List_DictionaryTest" file="/home/kriss/Web/lib/CeusMedia/Common/Test/ADT/List/DictionaryTest.php" fullPackage="Tests.adt.list" package="Tests.adt.list" tests="28" assertions="71" failures="0" errors="0" time="0.656232">
      <testcase name="testConstruct" class="Test_ADT_List_DictionaryTest" file="/home/kriss/Web/lib/CeusMedia/Common/Test/ADT/List/DictionaryTest.php" line="33" assertions="5" time="0.047571"/>
      <testcase name="testCast" class="Test_ADT_List_DictionaryTest" file="/home/kriss/Web/lib/CeusMedia/Common/Test/ADT/List/DictionaryTest.php" line="59" assertions="3" time="0.019038"/>
      <testcase name="testCastException1" class="Test_ADT_List_DictionaryTest" file="/home/kriss/Web/lib/CeusMedia/Common/Test/ADT/List/DictionaryTest.php" line="78" assertions="1" time="0.010412"/>
      <testcase name="testCastException2" class="Test_ADT_List_DictionaryTest" file="/home/kriss/Web/lib/CeusMedia/Common/Test/ADT/List/DictionaryTest.php" line="87" assertions="1" time="0.010486"/>
      <testcase name="testCastException3" class="Test_ADT_List_DictionaryTest" file="/home/kriss/Web/lib/CeusMedia/Common/Test/ADT/List/DictionaryTest.php" line="95" assertions="1" time="0.010488"/>
      <testcase name="testCount" class="Test_ADT_List_DictionaryTest" file="/home/kriss/Web/lib/CeusMedia/Common/Test/ADT/List/DictionaryTest.php" line="100" assertions="1" time="0.011286"/>
      <testcase name="testCountableInterface" class="Test_ADT_List_DictionaryTest" file="/home/kriss/Web/lib/CeusMedia/Common/Test/ADT/List/DictionaryTest.php" line="107" assertions="1" time="0.012115"/>
      <testcase name="testFlush" class="Test_ADT_List_DictionaryTest" file="/home/kriss/Web/lib/CeusMedia/Common/Test/ADT/List/DictionaryTest.php" line="114" assertions="4" time="0.024108"/>
      <testcase name="testGet" class="Test_ADT_List_DictionaryTest" file="/home/kriss/Web/lib/CeusMedia/Common/Test/ADT/List/DictionaryTest.php" line="128" assertions="3" time="0.025174"/>
      <testcase name="testGetWithDefault" class="Test_ADT_List_DictionaryTest" file="/home/kriss/Web/lib/CeusMedia/Common/Test/ADT/List/DictionaryTest.php" line="143" assertions="3" time="0.027206"/>
      <testcase name="testGetAll" class="Test_ADT_List_DictionaryTest" file="/home/kriss/Web/lib/CeusMedia/Common/Test/ADT/List/DictionaryTest.php" line="158" assertions="1" time="0.055730"/>
      <testcase name="testGetAllWithPrefix" class="Test_ADT_List_DictionaryTest" file="/home/kriss/Web/lib/CeusMedia/Common/Test/ADT/List/DictionaryTest.php" line="172" assertions="5" time="0.082679"/>
      <testcase name="testGetKeyOf" class="Test_ADT_List_DictionaryTest" file="/home/kriss/Web/lib/CeusMedia/Common/Test/ADT/List/DictionaryTest.php" line="207" assertions="4" time="0.020879"/>
      <testcase name="testHas" class="Test_ADT_List_DictionaryTest" file="/home/kriss/Web/lib/CeusMedia/Common/Test/ADT/List/DictionaryTest.php" line="228" assertions="3" time="0.015924"/>
      <testcase name="testRemove" class="Test_ADT_List_DictionaryTest" file="/home/kriss/Web/lib/CeusMedia/Common/Test/ADT/List/DictionaryTest.php" line="240" assertions="2" time="0.013090"/>
      <testcase name="testIterator" class="Test_ADT_List_DictionaryTest" file="/home/kriss/Web/lib/CeusMedia/Common/Test/ADT/List/DictionaryTest.php" line="252" assertions="1" time="0.052268"/>
      <testcase name="testRemove2" class="Test_ADT_List_DictionaryTest" file="/home/kriss/Web/lib/CeusMedia/Common/Test/ADT/List/DictionaryTest.php" line="260" assertions="1" time="0.014930"/>
      <testcase name="testSet" class="Test_ADT_List_DictionaryTest" file="/home/kriss/Web/lib/CeusMedia/Common/Test/ADT/List/DictionaryTest.php" line="270" assertions="2" time="0.015234"/>
      <testcase name="testOffsetExists" class="Test_ADT_List_DictionaryTest" file="/home/kriss/Web/lib/CeusMedia/Common/Test/ADT/List/DictionaryTest.php" line="284" assertions="1" time="0.011461"/>
      <testcase name="testOffsetGet" class="Test_ADT_List_DictionaryTest" file="/home/kriss/Web/lib/CeusMedia/Common/Test/ADT/List/DictionaryTest.php" line="291" assertions="1" time="0.013653"/>
      <testcase name="testOffsetSet" class="Test_ADT_List_DictionaryTest" file="/home/kriss/Web/lib/CeusMedia/Common/Test/ADT/List/DictionaryTest.php" line="298" assertions="2" time="0.017021"/>
      <testcase name="testOffsetUnset" class="Test_ADT_List_DictionaryTest" file="/home/kriss/Web/lib/CeusMedia/Common/Test/ADT/List/DictionaryTest.php" line="311" assertions="2" time="0.014857"/>
      <testcase name="testOffsetUnset2" class="Test_ADT_List_DictionaryTest" file="/home/kriss/Web/lib/CeusMedia/Common/Test/ADT/List/DictionaryTest.php" line="323" assertions="1" time="0.021707"/>
      <testcase name="testKey" class="Test_ADT_List_DictionaryTest" file="/home/kriss/Web/lib/CeusMedia/Common/Test/ADT/List/DictionaryTest.php" line="334" assertions="4" time="0.020719"/>
      <testcase name="testCurrent" class="Test_ADT_List_DictionaryTest" file="/home/kriss/Web/lib/CeusMedia/Common/Test/ADT/List/DictionaryTest.php" line="354" assertions="4" time="0.021036"/>
      <testcase name="testNext" class="Test_ADT_List_DictionaryTest" file="/home/kriss/Web/lib/CeusMedia/Common/Test/ADT/List/DictionaryTest.php" line="374" assertions="5" time="0.032069"/>
      <testcase name="testRewind" class="Test_ADT_List_DictionaryTest" file="/home/kriss/Web/lib/CeusMedia/Common/Test/ADT/List/DictionaryTest.php" line="401" assertions="3" time="0.018028"/>
      <testcase name="testValid" class="Test_ADT_List_DictionaryTest" file="/home/kriss/Web/lib/CeusMedia/Common/Test/ADT/List/DictionaryTest.php" line="418" assertions="6" time="0.017063"/>
    </testsuite>
    <testsuite name="Test_ADT_List_LevelMapTest" file="/home/kriss/Web/lib/CeusMedia/Common/Test/ADT/List/LevelMapTest.php" fullPackage="Tests.adt.list" package="Tests.adt.list" tests="11" assertions="29" failures="0" errors="0" time="0.265033">
      <testcase name="testGet" class="Test_ADT_List_LevelMapTest" file="/home/kriss/Web/lib/CeusMedia/Common/Test/ADT/List/LevelMapTest.php" line="45" assertions="8" time="0.081853"/>
      <testcase name="testGetException" class="Test_ADT_List_LevelMapTest" file="/home/kriss/Web/lib/CeusMedia/Common/Test/ADT/List/LevelMapTest.php" line="100" assertions="1" time="0.010180"/>
      <testcase name="testHas" class="Test_ADT_List_LevelMapTest" file="/home/kriss/Web/lib/CeusMedia/Common/Test/ADT/List/LevelMapTest.php" line="111" assertions="6" time="0.027723"/>
      <testcase name="testHasException" class="Test_ADT_List_LevelMapTest" file="/home/kriss/Web/lib/CeusMedia/Common/Test/ADT/List/LevelMapTest.php" line="143" assertions="1" time="0.011090"/>
      <testcase name="testRemove" class="Test_ADT_List_LevelMapTest" file="/home/kriss/Web/lib/CeusMedia/Common/Test/ADT/List/LevelMapTest.php" line="154" assertions="4" time="0.032877"/>
      <testcase name="testRemoveException" class="Test_ADT_List_LevelMapTest" file="/home/kriss/Web/lib/CeusMedia/Common/Test/ADT/List/LevelMapTest.php" line="184" assertions="1" time="0.010732"/>
      <testcase name="testSet" class="Test_ADT_List_LevelMapTest" file="/home/kriss/Web/lib/CeusMedia/Common/Test/ADT/List/LevelMapTest.php" line="195" assertions="4" time="0.022247"/>
      <testcase name="testSetSortArray" class="Test_ADT_List_LevelMapTest" file="/home/kriss/Web/lib/CeusMedia/Common/Test/ADT/List/LevelMapTest.php" line="223" assertions="1" time="0.016240"/>
      <testcase name="testSetSort" class="Test_ADT_List_LevelMapTest" file="/home/kriss/Web/lib/CeusMedia/Common/Test/ADT/List/LevelMapTest.php" line="243" assertions="1" time="0.021191"/>
      <testcase name="testSetNoSort" class="Test_ADT_List_LevelMapTest" file="/home/kriss/Web/lib/CeusMedia/Common/Test/ADT/List/LevelMapTest.php" line="262" assertions="1" time="0.020846"/>
      <testcase name="testSetException" class="Test_ADT_List_LevelMapTest" file="/home/kriss/Web/lib/CeusMedia/Common/Test/ADT/List/LevelMapTest.php" line="280" assertions="1" time="0.010054"/>
    </testsuite>
    <testsuite name="Test_ADT_List_QueueTest" file="/home/kriss/Web/lib/CeusMedia/Common/Test/ADT/List/QueueTest.php" fullPackage="Tests.adt.list" package="Tests.adt.list" tests="12" assertions="18" failures="0" errors="0" time="0.153264">
      <testcase name="testConstruct" class="Test_ADT_List_QueueTest" file="/home/kriss/Web/lib/CeusMedia/Common/Test/ADT/List/QueueTest.php" line="55" assertions="2" time="0.022477"/>
      <testcase name="testBottom" class="Test_ADT_List_QueueTest" file="/home/kriss/Web/lib/CeusMedia/Common/Test/ADT/List/QueueTest.php" line="74" assertions="1" time="0.009901"/>
      <testcase name="testBottomException" class="Test_ADT_List_QueueTest" file="/home/kriss/Web/lib/CeusMedia/Common/Test/ADT/List/QueueTest.php" line="86" assertions="1" time="0.008409"/>
      <testcase name="testCount" class="Test_ADT_List_QueueTest" file="/home/kriss/Web/lib/CeusMedia/Common/Test/ADT/List/QueueTest.php" line="100" assertions="3" time="0.016117"/>
      <testcase name="testPop" class="Test_ADT_List_QueueTest" file="/home/kriss/Web/lib/CeusMedia/Common/Test/ADT/List/QueueTest.php" line="121" assertions="1" time="0.009156"/>
      <testcase name="testPopException" class="Test_ADT_List_QueueTest" file="/home/kriss/Web/lib/CeusMedia/Common/Test/ADT/List/QueueTest.php" line="133" assertions="1" time="0.008158"/>
      <testcase name="testPush" class="Test_ADT_List_QueueTest" file="/home/kriss/Web/lib/CeusMedia/Common/Test/ADT/List/QueueTest.php" line="147" assertions="2" time="0.012212"/>
      <testcase name="testHas" class="Test_ADT_List_QueueTest" file="/home/kriss/Web/lib/CeusMedia/Common/Test/ADT/List/QueueTest.php" line="163" assertions="2" time="0.014511"/>
      <testcase name="testIsEmpty" class="Test_ADT_List_QueueTest" file="/home/kriss/Web/lib/CeusMedia/Common/Test/ADT/List/QueueTest.php" line="179" assertions="2" time="0.012727"/>
      <testcase name="testToArray" class="Test_ADT_List_QueueTest" file="/home/kriss/Web/lib/CeusMedia/Common/Test/ADT/List/QueueTest.php" line="196" assertions="1" time="0.019768"/>
      <testcase name="testTop" class="Test_ADT_List_QueueTest" file="/home/kriss/Web/lib/CeusMedia/Common/Test/ADT/List/QueueTest.php" line="208" assertions="1" time="0.009243"/>
      <testcase name="testToString" class="Test_ADT_List_QueueTest" file="/home/kriss/Web/lib/CeusMedia/Common/Test/ADT/List/QueueTest.php" line="220" assertions="1" time="0.010585"/>
    </testsuite>
    <testsuite name="Test_ADT_List_SectionListTest" file="/home/kriss/Web/lib/CeusMedia/Common/Test/ADT/List/SectionListTest.php" fullPackage="Tests.adt.list" package="Tests.adt.list" tests="19" assertions="22" failures="0" errors="0" time="0.253500">
      <testcase name="testAddEntry" class="Test_ADT_List_SectionListTest" file="/home/kriss/Web/lib/CeusMedia/Common/Test/ADT/List/SectionListTest.php" line="62" assertions="1" time="0.014179"/>
      <testcase name="testAddEntryException" class="Test_ADT_List_SectionListTest" file="/home/kriss/Web/lib/CeusMedia/Common/Test/ADT/List/SectionListTest.php" line="75" assertions="1" time="0.009064"/>
      <testcase name="testAddSection" class="Test_ADT_List_SectionListTest" file="/home/kriss/Web/lib/CeusMedia/Common/Test/ADT/List/SectionListTest.php" line="86" assertions="1" time="0.010713"/>
      <testcase name="testClear" class="Test_ADT_List_SectionListTest" file="/home/kriss/Web/lib/CeusMedia/Common/Test/ADT/List/SectionListTest.php" line="99" assertions="1" time="0.010295"/>
      <testcase name="testCountEntries" class="Test_ADT_List_SectionListTest" file="/home/kriss/Web/lib/CeusMedia/Common/Test/ADT/List/SectionListTest.php" line="113" assertions="2" time="0.013769"/>
      <testcase name="testCountSections" class="Test_ADT_List_SectionListTest" file="/home/kriss/Web/lib/CeusMedia/Common/Test/ADT/List/SectionListTest.php" line="129" assertions="1" time="0.010631"/>
      <testcase name="testGetEntry" class="Test_ADT_List_SectionListTest" file="/home/kriss/Web/lib/CeusMedia/Common/Test/ADT/List/SectionListTest.php" line="141" assertions="1" time="0.010329"/>
      <testcase name="testGetEntryException" class="Test_ADT_List_SectionListTest" file="/home/kriss/Web/lib/CeusMedia/Common/Test/ADT/List/SectionListTest.php" line="153" assertions="1" time="0.009421"/>
      <testcase name="testGetEntries" class="Test_ADT_List_SectionListTest" file="/home/kriss/Web/lib/CeusMedia/Common/Test/ADT/List/SectionListTest.php" line="164" assertions="1" time="0.019127"/>
      <testcase name="testGetEntriesException" class="Test_ADT_List_SectionListTest" file="/home/kriss/Web/lib/CeusMedia/Common/Test/ADT/List/SectionListTest.php" line="176" assertions="1" time="0.009502"/>
      <testcase name="testGetIndex" class="Test_ADT_List_SectionListTest" file="/home/kriss/Web/lib/CeusMedia/Common/Test/ADT/List/SectionListTest.php" line="187" assertions="2" time="0.014142"/>
      <testcase name="testGetList" class="Test_ADT_List_SectionListTest" file="/home/kriss/Web/lib/CeusMedia/Common/Test/ADT/List/SectionListTest.php" line="203" assertions="1" time="0.033965"/>
      <testcase name="testGetSectionOfEntry" class="Test_ADT_List_SectionListTest" file="/home/kriss/Web/lib/CeusMedia/Common/Test/ADT/List/SectionListTest.php" line="225" assertions="1" time="0.010975"/>
      <testcase name="testGetSectionOfEntryException" class="Test_ADT_List_SectionListTest" file="/home/kriss/Web/lib/CeusMedia/Common/Test/ADT/List/SectionListTest.php" line="237" assertions="1" time="0.009428"/>
      <testcase name="testGetSections" class="Test_ADT_List_SectionListTest" file="/home/kriss/Web/lib/CeusMedia/Common/Test/ADT/List/SectionListTest.php" line="248" assertions="1" time="0.018073"/>
      <testcase name="testRemoveEntry" class="Test_ADT_List_SectionListTest" file="/home/kriss/Web/lib/CeusMedia/Common/Test/ADT/List/SectionListTest.php" line="260" assertions="2" time="0.017263"/>
      <testcase name="testRemoveEntryException" class="Test_ADT_List_SectionListTest" file="/home/kriss/Web/lib/CeusMedia/Common/Test/ADT/List/SectionListTest.php" line="278" assertions="1" time="0.009470"/>
      <testcase name="testRemoveSection" class="Test_ADT_List_SectionListTest" file="/home/kriss/Web/lib/CeusMedia/Common/Test/ADT/List/SectionListTest.php" line="289" assertions="1" time="0.014396"/>
      <testcase name="testRemoveSectionException" class="Test_ADT_List_SectionListTest" file="/home/kriss/Web/lib/CeusMedia/Common/Test/ADT/List/SectionListTest.php" line="302" assertions="1" time="0.008759"/>
    </testsuite>
    <testsuite name="Test_ADT_List_StackTest" file="/home/kriss/Web/lib/CeusMedia/Common/Test/ADT/List/StackTest.php" fullPackage="Tests.adt.list" package="Tests.adt.list" tests="12" assertions="19" failures="0" errors="0" time="0.166702">
      <testcase name="testConstruct" class="Test_ADT_List_StackTest" file="/home/kriss/Web/lib/CeusMedia/Common/Test/ADT/List/StackTest.php" line="55" assertions="2" time="0.026881"/>
      <testcase name="testBottom" class="Test_ADT_List_StackTest" file="/home/kriss/Web/lib/CeusMedia/Common/Test/ADT/List/StackTest.php" line="74" assertions="1" time="0.010019"/>
      <testcase name="testBottomException" class="Test_ADT_List_StackTest" file="/home/kriss/Web/lib/CeusMedia/Common/Test/ADT/List/StackTest.php" line="86" assertions="1" time="0.009810"/>
      <testcase name="testCount" class="Test_ADT_List_StackTest" file="/home/kriss/Web/lib/CeusMedia/Common/Test/ADT/List/StackTest.php" line="100" assertions="2" time="0.013811"/>
      <testcase name="testHas" class="Test_ADT_List_StackTest" file="/home/kriss/Web/lib/CeusMedia/Common/Test/ADT/List/StackTest.php" line="117" assertions="2" time="0.012901"/>
      <testcase name="testIsEmpty" class="Test_ADT_List_StackTest" file="/home/kriss/Web/lib/CeusMedia/Common/Test/ADT/List/StackTest.php" line="133" assertions="2" time="0.013812"/>
      <testcase name="testPop" class="Test_ADT_List_StackTest" file="/home/kriss/Web/lib/CeusMedia/Common/Test/ADT/List/StackTest.php" line="150" assertions="3" time="0.016179"/>
      <testcase name="testPopException" class="Test_ADT_List_StackTest" file="/home/kriss/Web/lib/CeusMedia/Common/Test/ADT/List/StackTest.php" line="170" assertions="1" time="0.010657"/>
      <testcase name="testPush" class="Test_ADT_List_StackTest" file="/home/kriss/Web/lib/CeusMedia/Common/Test/ADT/List/StackTest.php" line="185" assertions="2" time="0.013331"/>
      <testcase name="testToArray" class="Test_ADT_List_StackTest" file="/home/kriss/Web/lib/CeusMedia/Common/Test/ADT/List/StackTest.php" line="201" assertions="1" time="0.019910"/>
      <testcase name="testTop" class="Test_ADT_List_StackTest" file="/home/kriss/Web/lib/CeusMedia/Common/Test/ADT/List/StackTest.php" line="213" assertions="1" time="0.009493"/>
      <testcase name="testToString" class="Test_ADT_List_StackTest" file="/home/kriss/Web/lib/CeusMedia/Common/Test/ADT/List/StackTest.php" line="225" assertions="1" time="0.009898"/>
    </testsuite>
    <testsuite name="Test_ADT_ObjectTest" file="/home/kriss/Web/lib/CeusMedia/Common/Test/ADT/ObjectTest.php" fullPackage="Tests." package="Tests." tests="9" assertions="17" failures="0" errors="0" time="0.241659">
      <testcase name="testGetClass" class="Test_ADT_ObjectTest" file="/home/kriss/Web/lib/CeusMedia/Common/Test/ADT/ObjectTest.php" line="55" assertions="1" time="0.009463"/>
      <testcase name="testGetMethods" class="Test_ADT_ObjectTest" file="/home/kriss/Web/lib/CeusMedia/Common/Test/ADT/ObjectTest.php" line="67" assertions="1" time="0.053768"/>
      <testcase name="testGetObjectInfo" class="Test_ADT_ObjectTest" file="/home/kriss/Web/lib/CeusMedia/Common/Test/ADT/ObjectTest.php" line="79" assertions="1" time="0.073160"/>
      <testcase name="testGetParent" class="Test_ADT_ObjectTest" file="/home/kriss/Web/lib/CeusMedia/Common/Test/ADT/ObjectTest.php" line="96" assertions="1" time="0.010801"/>
      <testcase name="testGetVars" class="Test_ADT_ObjectTest" file="/home/kriss/Web/lib/CeusMedia/Common/Test/ADT/ObjectTest.php" line="108" assertions="1" time="0.017443"/>
      <testcase name="testHasMethod" class="Test_ADT_ObjectTest" file="/home/kriss/Web/lib/CeusMedia/Common/Test/ADT/ObjectTest.php" line="120" assertions="5" time="0.027539"/>
      <testcase name="testIsInstanceOf" class="Test_ADT_ObjectTest" file="/home/kriss/Web/lib/CeusMedia/Common/Test/ADT/ObjectTest.php" line="148" assertions="3" time="0.020104"/>
      <testcase name="testIsSubclassOf" class="Test_ADT_ObjectTest" file="/home/kriss/Web/lib/CeusMedia/Common/Test/ADT/ObjectTest.php" line="168" assertions="3" time="0.019467"/>
      <testcase name="testSerialize" class="Test_ADT_ObjectTest" file="/home/kriss/Web/lib/CeusMedia/Common/Test/ADT/ObjectTest.php" line="188" assertions="1" time="0.009914"/>
    </testsuite>
    <testsuite name="Test_ADT_OptionObjectTest" file="/home/kriss/Web/lib/CeusMedia/Common/Test/ADT/OptionObjectTest.php" fullPackage="Tests.adt.list" package="Tests.adt.list" tests="18" assertions="41" failures="0" errors="0" time="0.319553">
      <testcase name="testConstruct" class="Test_ADT_OptionObjectTest" file="/home/kriss/Web/lib/CeusMedia/Common/Test/ADT/OptionObjectTest.php" line="33" assertions="2" time="0.026288"/>
      <testcase name="testConstructException1" class="Test_ADT_OptionObjectTest" file="/home/kriss/Web/lib/CeusMedia/Common/Test/ADT/OptionObjectTest.php" line="56" assertions="1" time="0.009712"/>
      <testcase name="testConstructException2" class="Test_ADT_OptionObjectTest" file="/home/kriss/Web/lib/CeusMedia/Common/Test/ADT/OptionObjectTest.php" line="67" assertions="1" time="0.008868"/>
      <testcase name="testClearOptions" class="Test_ADT_OptionObjectTest" file="/home/kriss/Web/lib/CeusMedia/Common/Test/ADT/OptionObjectTest.php" line="78" assertions="4" time="0.019652"/>
      <testcase name="testCount" class="Test_ADT_OptionObjectTest" file="/home/kriss/Web/lib/CeusMedia/Common/Test/ADT/OptionObjectTest.php" line="102" assertions="1" time="0.010711"/>
      <testcase name="testDeclareOptions" class="Test_ADT_OptionObjectTest" file="/home/kriss/Web/lib/CeusMedia/Common/Test/ADT/OptionObjectTest.php" line="114" assertions="2" time="0.028257"/>
      <testcase name="testDeclareOptionsException1" class="Test_ADT_OptionObjectTest" file="/home/kriss/Web/lib/CeusMedia/Common/Test/ADT/OptionObjectTest.php" line="134" assertions="1" time="0.009841"/>
      <testcase name="testDeclareOptionsException2" class="Test_ADT_OptionObjectTest" file="/home/kriss/Web/lib/CeusMedia/Common/Test/ADT/OptionObjectTest.php" line="146" assertions="1" time="0.008820"/>
      <testcase name="testGetOption" class="Test_ADT_OptionObjectTest" file="/home/kriss/Web/lib/CeusMedia/Common/Test/ADT/OptionObjectTest.php" line="159" assertions="5" time="0.029019"/>
      <testcase name="testGetOptionException" class="Test_ADT_OptionObjectTest" file="/home/kriss/Web/lib/CeusMedia/Common/Test/ADT/OptionObjectTest.php" line="192" assertions="1" time="0.010038"/>
      <testcase name="testGetOptions" class="Test_ADT_OptionObjectTest" file="/home/kriss/Web/lib/CeusMedia/Common/Test/ADT/OptionObjectTest.php" line="203" assertions="1" time="0.027247"/>
      <testcase name="testHasOptions" class="Test_ADT_OptionObjectTest" file="/home/kriss/Web/lib/CeusMedia/Common/Test/ADT/OptionObjectTest.php" line="221" assertions="2" time="0.013936"/>
      <testcase name="testOffsetExists" class="Test_ADT_OptionObjectTest" file="/home/kriss/Web/lib/CeusMedia/Common/Test/ADT/OptionObjectTest.php" line="239" assertions="2" time="0.015329"/>
      <testcase name="testOffsetGet" class="Test_ADT_OptionObjectTest" file="/home/kriss/Web/lib/CeusMedia/Common/Test/ADT/OptionObjectTest.php" line="257" assertions="4" time="0.026830"/>
      <testcase name="testOffsetSet" class="Test_ADT_OptionObjectTest" file="/home/kriss/Web/lib/CeusMedia/Common/Test/ADT/OptionObjectTest.php" line="285" assertions="3" time="0.018800"/>
      <testcase name="testOffsetUnset" class="Test_ADT_OptionObjectTest" file="/home/kriss/Web/lib/CeusMedia/Common/Test/ADT/OptionObjectTest.php" line="314" assertions="1" time="0.011655"/>
      <testcase name="testRemoveOption" class="Test_ADT_OptionObjectTest" file="/home/kriss/Web/lib/CeusMedia/Common/Test/ADT/OptionObjectTest.php" line="330" assertions="3" time="0.017176"/>
      <testcase name="testSetOption" class="Test_ADT_OptionObjectTest" file="/home/kriss/Web/lib/CeusMedia/Common/Test/ADT/OptionObjectTest.php" line="353" assertions="6" time="0.027374"/>
    </testsuite>
    <testsuite name="Test_ADT_RegistryTest" file="/home/kriss/Web/lib/CeusMedia/Common/Test/ADT/RegistryTest.php" fullPackage="Tests.adt" package="Tests.adt" tests="5" assertions="5" failures="0" errors="0" time="0.060040">
      <testcase name="testGet" class="Test_ADT_RegistryTest" file="/home/kriss/Web/lib/CeusMedia/Common/Test/ADT/RegistryTest.php" line="29" assertions="1" time="0.013241"/>
      <testcase name="testGetStatic" class="Test_ADT_RegistryTest" file="/home/kriss/Web/lib/CeusMedia/Common/Test/ADT/RegistryTest.php" line="42" assertions="1" time="0.010726"/>
      <testcase name="testHas" class="Test_ADT_RegistryTest" file="/home/kriss/Web/lib/CeusMedia/Common/Test/ADT/RegistryTest.php" line="55" assertions="1" time="0.009821"/>
      <testcase name="testRemove" class="Test_ADT_RegistryTest" file="/home/kriss/Web/lib/CeusMedia/Common/Test/ADT/RegistryTest.php" line="68" assertions="1" time="0.012938"/>
      <testcase name="testSet" class="Test_ADT_RegistryTest" file="/home/kriss/Web/lib/CeusMedia/Common/Test/ADT/RegistryTest.php" line="83" assertions="1" time="0.013314"/>
    </testsuite>
    <testsuite name="Test_ADT_StringBufferTest" file="/home/kriss/Web/lib/CeusMedia/Common/Test/ADT/StringBufferTest.php" fullPackage="Tests.adt" package="Tests.adt" tests="15" assertions="25" failures="0" errors="0" time="0.199136">
      <testcase name="testConstruct" class="Test_ADT_StringBufferTest" file="/home/kriss/Web/lib/CeusMedia/Common/Test/ADT/StringBufferTest.php" line="54" assertions="1" time="0.013825"/>
      <testcase name="testCount" class="Test_ADT_StringBufferTest" file="/home/kriss/Web/lib/CeusMedia/Common/Test/ADT/StringBufferTest.php" line="67" assertions="1" time="0.011253"/>
      <testcase name="testDeleteCharAt" class="Test_ADT_StringBufferTest" file="/home/kriss/Web/lib/CeusMedia/Common/Test/ADT/StringBufferTest.php" line="79" assertions="1" time="0.011298"/>
      <testcase name="testGetCharAt" class="Test_ADT_StringBufferTest" file="/home/kriss/Web/lib/CeusMedia/Common/Test/ADT/StringBufferTest.php" line="91" assertions="1" time="0.010547"/>
      <testcase name="testGetCurrentPos" class="Test_ADT_StringBufferTest" file="/home/kriss/Web/lib/CeusMedia/Common/Test/ADT/StringBufferTest.php" line="103" assertions="2" time="0.013354"/>
      <testcase name="testGetCurrentChar" class="Test_ADT_StringBufferTest" file="/home/kriss/Web/lib/CeusMedia/Common/Test/ADT/StringBufferTest.php" line="121" assertions="2" time="0.013294"/>
      <testcase name="testGetNextChar" class="Test_ADT_StringBufferTest" file="/home/kriss/Web/lib/CeusMedia/Common/Test/ADT/StringBufferTest.php" line="139" assertions="5" time="0.023629"/>
      <testcase name="testGetPrevChar" class="Test_ADT_StringBufferTest" file="/home/kriss/Web/lib/CeusMedia/Common/Test/ADT/StringBufferTest.php" line="167" assertions="2" time="0.015246"/>
      <testcase name="testHasLess" class="Test_ADT_StringBufferTest" file="/home/kriss/Web/lib/CeusMedia/Common/Test/ADT/StringBufferTest.php" line="188" assertions="2" time="0.013987"/>
      <testcase name="testHasMore" class="Test_ADT_StringBufferTest" file="/home/kriss/Web/lib/CeusMedia/Common/Test/ADT/StringBufferTest.php" line="206" assertions="2" time="0.014606"/>
      <testcase name="testInsert" class="Test_ADT_StringBufferTest" file="/home/kriss/Web/lib/CeusMedia/Common/Test/ADT/StringBufferTest.php" line="227" assertions="1" time="0.012171"/>
      <testcase name="testReset" class="Test_ADT_StringBufferTest" file="/home/kriss/Web/lib/CeusMedia/Common/Test/ADT/StringBufferTest.php" line="239" assertions="1" time="0.010651"/>
      <testcase name="testResetPointer" class="Test_ADT_StringBufferTest" file="/home/kriss/Web/lib/CeusMedia/Common/Test/ADT/StringBufferTest.php" line="253" assertions="2" time="0.013786"/>
      <testcase name="testSetCharAt" class="Test_ADT_StringBufferTest" file="/home/kriss/Web/lib/CeusMedia/Common/Test/ADT/StringBufferTest.php" line="273" assertions="1" time="0.011073"/>
      <testcase name="testToString" class="Test_ADT_StringBufferTest" file="/home/kriss/Web/lib/CeusMedia/Common/Test/ADT/StringBufferTest.php" line="285" assertions="1" time="0.010416"/>
    </testsuite>
    <testsuite name="Test_ADT_StringTest" file="/home/kriss/Web/lib/CeusMedia/Common/Test/ADT/StringTest.php" fullPackage="Tests.adt" package="Tests.adt" tests="13" assertions="27" failures="0" errors="0" time="0.181602">
      <testcase name="testConstruct" class="Test_ADT_StringTest" file="/home/kriss/Web/lib/CeusMedia/Common/Test/ADT/StringTest.php" line="54" assertions="1" time="0.014076"/>
      <testcase name="testCapitalize_Default" class="Test_ADT_StringTest" file="/home/kriss/Web/lib/CeusMedia/Common/Test/ADT/StringTest.php" line="67" assertions="2" time="0.013995"/>
      <testcase name="testCapitalize_Default_NoChange" class="Test_ADT_StringTest" file="/home/kriss/Web/lib/CeusMedia/Common/Test/ADT/StringTest.php" line="80" assertions="2" time="0.013062"/>
      <testcase name="testCapitalize_DefaultLimiter" class="Test_ADT_StringTest" file="/home/kriss/Web/lib/CeusMedia/Common/Test/ADT/StringTest.php" line="94" assertions="2" time="0.013737"/>
      <testcase name="testCapitalize_Delimiter1" class="Test_ADT_StringTest" file="/home/kriss/Web/lib/CeusMedia/Common/Test/ADT/StringTest.php" line="107" assertions="4" time="0.019732"/>
      <testcase name="testCapitalize_Delimiter2" class="Test_ADT_StringTest" file="/home/kriss/Web/lib/CeusMedia/Common/Test/ADT/StringTest.php" line="127" assertions="4" time="0.019695"/>
      <testcase name="testCapitalizeWords_Default1" class="Test_ADT_StringTest" file="/home/kriss/Web/lib/CeusMedia/Common/Test/ADT/StringTest.php" line="147" assertions="2" time="0.012601"/>
      <testcase name="testCapitalizeWords_Default2" class="Test_ADT_StringTest" file="/home/kriss/Web/lib/CeusMedia/Common/Test/ADT/StringTest.php" line="160" assertions="2" time="0.014194"/>
      <testcase name="testCapitalizeWords_Default3" class="Test_ADT_StringTest" file="/home/kriss/Web/lib/CeusMedia/Common/Test/ADT/StringTest.php" line="173" assertions="2" time="0.012857"/>
      <testcase name="testCapitalizeWords_NoChange1" class="Test_ADT_StringTest" file="/home/kriss/Web/lib/CeusMedia/Common/Test/ADT/StringTest.php" line="187" assertions="2" time="0.012985"/>
      <testcase name="testCapitalizeWords_NoChange2" class="Test_ADT_StringTest" file="/home/kriss/Web/lib/CeusMedia/Common/Test/ADT/StringTest.php" line="201" assertions="2" time="0.014342"/>
      <testcase name="testGetLength" class="Test_ADT_StringTest" file="/home/kriss/Web/lib/CeusMedia/Common/Test/ADT/StringTest.php" line="215" assertions="1" time="0.009982"/>
      <testcase name="testToString" class="Test_ADT_StringTest" file="/home/kriss/Web/lib/CeusMedia/Common/Test/ADT/StringTest.php" line="227" assertions="1" time="0.010344"/>
    </testsuite>
    <testsuite name="Test_ADT_Tree_AvlNodeTest" file="/home/kriss/Web/lib/CeusMedia/Common/Test/ADT/Tree/AvlNodeTest.php" fullPackage="Tests.adt.tree" package="Tests.adt.tree" tests="0" assertions="0" failures="0" errors="0" time="0.000000"/>
    <testsuite name="Test_ADT_Tree_BalanceBinaryNodeTest" file="/home/kriss/Web/lib/CeusMedia/Common/Test/ADT/Tree/BalanceBinaryNodeTest.php" fullPackage="Tests.adt.list" package="Tests.adt.list" tests="8" assertions="11" failures="0" errors="0" time="0.202903">
      <testcase name="testAdd" class="Test_ADT_Tree_BalanceBinaryNodeTest" file="/home/kriss/Web/lib/CeusMedia/Common/Test/ADT/Tree/BalanceBinaryNodeTest.php" line="32" assertions="2" time="0.057221"/>
      <testcase name="testCountNodes" class="Test_ADT_Tree_BalanceBinaryNodeTest" file="/home/kriss/Web/lib/CeusMedia/Common/Test/ADT/Tree/BalanceBinaryNodeTest.php" line="51" assertions="2" time="0.019564"/>
      <testcase name="testGetHeight" class="Test_ADT_Tree_BalanceBinaryNodeTest" file="/home/kriss/Web/lib/CeusMedia/Common/Test/ADT/Tree/BalanceBinaryNodeTest.php" line="62" assertions="2" time="0.019884"/>
      <testcase name="testGetLeft" class="Test_ADT_Tree_BalanceBinaryNodeTest" file="/home/kriss/Web/lib/CeusMedia/Common/Test/ADT/Tree/BalanceBinaryNodeTest.php" line="73" assertions="1" time="0.030827"/>
      <testcase name="testGetRight" class="Test_ADT_Tree_BalanceBinaryNodeTest" file="/home/kriss/Web/lib/CeusMedia/Common/Test/ADT/Tree/BalanceBinaryNodeTest.php" line="87" assertions="1" time="0.018966"/>
      <testcase name="testGetValue" class="Test_ADT_Tree_BalanceBinaryNodeTest" file="/home/kriss/Web/lib/CeusMedia/Common/Test/ADT/Tree/BalanceBinaryNodeTest.php" line="103" assertions="1" time="0.015075"/>
      <testcase name="testSearch" class="Test_ADT_Tree_BalanceBinaryNodeTest" file="/home/kriss/Web/lib/CeusMedia/Common/Test/ADT/Tree/BalanceBinaryNodeTest.php" line="110" assertions="1" time="0.015263"/>
      <testcase name="testToTable" class="Test_ADT_Tree_BalanceBinaryNodeTest" file="/home/kriss/Web/lib/CeusMedia/Common/Test/ADT/Tree/BalanceBinaryNodeTest.php" line="117" assertions="1" time="0.026103"/>
    </testsuite>
    <testsuite name="Test_ADT_Tree_BinaryNodeTest" file="/home/kriss/Web/lib/CeusMedia/Common/Test/ADT/Tree/BinaryNodeTest.php" fullPackage="Tests.adt.list" package="Tests.adt.list" tests="9" assertions="17" failures="0" errors="0" time="0.234635">
      <testcase name="testAdd" class="Test_ADT_Tree_BinaryNodeTest" file="/home/kriss/Web/lib/CeusMedia/Common/Test/ADT/Tree/BinaryNodeTest.php" line="43" assertions="1" time="0.013842"/>
      <testcase name="testCountNodes" class="Test_ADT_Tree_BinaryNodeTest" file="/home/kriss/Web/lib/CeusMedia/Common/Test/ADT/Tree/BinaryNodeTest.php" line="56" assertions="1" time="0.012642"/>
      <testcase name="testGetHeight" class="Test_ADT_Tree_BinaryNodeTest" file="/home/kriss/Web/lib/CeusMedia/Common/Test/ADT/Tree/BinaryNodeTest.php" line="68" assertions="1" time="0.014355"/>
      <testcase name="testGetLeft" class="Test_ADT_Tree_BinaryNodeTest" file="/home/kriss/Web/lib/CeusMedia/Common/Test/ADT/Tree/BinaryNodeTest.php" line="80" assertions="2" time="0.016899"/>
      <testcase name="testGetRight" class="Test_ADT_Tree_BinaryNodeTest" file="/home/kriss/Web/lib/CeusMedia/Common/Test/ADT/Tree/BinaryNodeTest.php" line="110" assertions="2" time="0.017872"/>
      <testcase name="testGetValue" class="Test_ADT_Tree_BinaryNodeTest" file="/home/kriss/Web/lib/CeusMedia/Common/Test/ADT/Tree/BinaryNodeTest.php" line="140" assertions="1" time="0.012067"/>
      <testcase name="testSearch" class="Test_ADT_Tree_BinaryNodeTest" file="/home/kriss/Web/lib/CeusMedia/Common/Test/ADT/Tree/BinaryNodeTest.php" line="152" assertions="3" time="0.020428"/>
      <testcase name="testToList" class="Test_ADT_Tree_BinaryNodeTest" file="/home/kriss/Web/lib/CeusMedia/Common/Test/ADT/Tree/BinaryNodeTest.php" line="173" assertions="5" time="0.111797"/>
      <testcase name="testToTable" class="Test_ADT_Tree_BinaryNodeTest" file="/home/kriss/Web/lib/CeusMedia/Common/Test/ADT/Tree/BinaryNodeTest.php" line="200" assertions="1" time="0.014733"/>
    </testsuite>
    <testsuite name="Test_ADT_Tree_NodeTest" file="/home/kriss/Web/lib/CeusMedia/Common/Test/ADT/Tree/NodeTest.php" fullPackage="Tests.adt.tree" package="Tests.adt.tree" tests="9" assertions="15" failures="0" errors="0" time="0.120099">
      <testcase name="testAddChild" class="Test_ADT_Tree_NodeTest" file="/home/kriss/Web/lib/CeusMedia/Common/Test/ADT/Tree/NodeTest.php" line="54" assertions="1" time="0.013775"/>
      <testcase name="testAddChildException" class="Test_ADT_Tree_NodeTest" file="/home/kriss/Web/lib/CeusMedia/Common/Test/ADT/Tree/NodeTest.php" line="67" assertions="1" time="0.008940"/>
      <testcase name="testClearChildren" class="Test_ADT_Tree_NodeTest" file="/home/kriss/Web/lib/CeusMedia/Common/Test/ADT/Tree/NodeTest.php" line="79" assertions="1" time="0.010021"/>
      <testcase name="testGetChildren" class="Test_ADT_Tree_NodeTest" file="/home/kriss/Web/lib/CeusMedia/Common/Test/ADT/Tree/NodeTest.php" line="94" assertions="1" time="0.018308"/>
      <testcase name="testGetChild" class="Test_ADT_Tree_NodeTest" file="/home/kriss/Web/lib/CeusMedia/Common/Test/ADT/Tree/NodeTest.php" line="112" assertions="2" time="0.013802"/>
      <testcase name="testGetChildException" class="Test_ADT_Tree_NodeTest" file="/home/kriss/Web/lib/CeusMedia/Common/Test/ADT/Tree/NodeTest.php" line="131" assertions="1" time="0.008316"/>
      <testcase name="testHasChild" class="Test_ADT_Tree_NodeTest" file="/home/kriss/Web/lib/CeusMedia/Common/Test/ADT/Tree/NodeTest.php" line="142" assertions="2" time="0.012944"/>
      <testcase name="testHasChildren" class="Test_ADT_Tree_NodeTest" file="/home/kriss/Web/lib/CeusMedia/Common/Test/ADT/Tree/NodeTest.php" line="160" assertions="2" time="0.013574"/>
      <testcase name="testRemoveChild" class="Test_ADT_Tree_NodeTest" file="/home/kriss/Web/lib/CeusMedia/Common/Test/ADT/Tree/NodeTest.php" line="178" assertions="4" time="0.020419"/>
    </testsuite>
    <testsuite name="Test_Alg_Crypt_CaesarTest" file="/home/kriss/Web/lib/CeusMedia/Common/Test/Alg/Crypt/CaesarTest.php" fullPackage="Tests.alg.crypt" package="Tests.alg.crypt" tests="2" assertions="7" failures="0" errors="0" time="0.039960">
      <testcase name="testEncrypt" class="Test_Alg_Crypt_CaesarTest" file="/home/kriss/Web/lib/CeusMedia/Common/Test/Alg/Crypt/CaesarTest.php" line="21" assertions="4" time="0.022946"/>
      <testcase name="testDecrypt" class="Test_Alg_Crypt_CaesarTest" file="/home/kriss/Web/lib/CeusMedia/Common/Test/Alg/Crypt/CaesarTest.php" line="40" assertions="3" time="0.017014"/>
    </testsuite>
    <testsuite name="Test_Alg_Crypt_PasswordStrengthTest" file="/home/kriss/Web/lib/CeusMedia/Common/Test/Alg/Crypt/PasswordStrengthTest.php" fullPackage="Tests.alg.crypt" package="Tests.alg.crypt" tests="3" assertions="24" failures="0" errors="0" time="0.099401">
      <testcase name="testGetScore" class="Test_Alg_Crypt_PasswordStrengthTest" file="/home/kriss/Web/lib/CeusMedia/Common/Test/Alg/Crypt/PasswordStrengthTest.php" line="21" assertions="8" time="0.034319"/>
      <testcase name="testGetStrength" class="Test_Alg_Crypt_PasswordStrengthTest" file="/home/kriss/Web/lib/CeusMedia/Common/Test/Alg/Crypt/PasswordStrengthTest.php" line="56" assertions="8" time="0.034314"/>
      <testcase name="testNormaliseScore" class="Test_Alg_Crypt_PasswordStrengthTest" file="/home/kriss/Web/lib/CeusMedia/Common/Test/Alg/Crypt/PasswordStrengthTest.php" line="91" assertions="8" time="0.030768"/>
    </testsuite>
    <testsuite name="Test_Alg_Crypt_Rot13Test" file="/home/kriss/Web/lib/CeusMedia/Common/Test/Alg/Crypt/Rot13Test.php" fullPackage="Tests.alg.crypt" package="Tests.alg.crypt" tests="2" assertions="6" failures="0" errors="0" time="0.036661">
      <testcase name="testEncrypt" class="Test_Alg_Crypt_Rot13Test" file="/home/kriss/Web/lib/CeusMedia/Common/Test/Alg/Crypt/Rot13Test.php" line="21" assertions="3" time="0.020748"/>
      <testcase name="testDecrypt" class="Test_Alg_Crypt_Rot13Test" file="/home/kriss/Web/lib/CeusMedia/Common/Test/Alg/Crypt/Rot13Test.php" line="36" assertions="3" time="0.015913"/>
    </testsuite>
    <testsuite name="Test_Alg_HtmlParserTest" file="/home/kriss/Web/lib/CeusMedia/Common/Test/Alg/HtmlParserTest.php" fullPackage="Tests.alg" package="Tests.alg" tests="26" assertions="63" failures="0" errors="0" time="0.422818">
      <testcase name="test__construct" class="Test_Alg_HtmlParserTest" file="/home/kriss/Web/lib/CeusMedia/Common/Test/Alg/HtmlParserTest.php" line="57" assertions="1" time="0.010535"/>
      <testcase name="testGetDescription" class="Test_Alg_HtmlParserTest" file="/home/kriss/Web/lib/CeusMedia/Common/Test/Alg/HtmlParserTest.php" line="71" assertions="3" time="0.017846"/>
      <testcase name="testGetDescriptionException" class="Test_Alg_HtmlParserTest" file="/home/kriss/Web/lib/CeusMedia/Common/Test/Alg/HtmlParserTest.php" line="97" assertions="1" time="0.009382"/>
      <testcase name="testGetDocument" class="Test_Alg_HtmlParserTest" file="/home/kriss/Web/lib/CeusMedia/Common/Test/Alg/HtmlParserTest.php" line="110" assertions="1" time="0.009161"/>
      <testcase name="testGetFavoriteIcon" class="Test_Alg_HtmlParserTest" file="/home/kriss/Web/lib/CeusMedia/Common/Test/Alg/HtmlParserTest.php" line="125" assertions="4" time="0.029849"/>
      <testcase name="testGetFavoriteIconException" class="Test_Alg_HtmlParserTest" file="/home/kriss/Web/lib/CeusMedia/Common/Test/Alg/HtmlParserTest.php" line="158" assertions="1" time="0.010987"/>
      <testcase name="testGetJavaScripts" class="Test_Alg_HtmlParserTest" file="/home/kriss/Web/lib/CeusMedia/Common/Test/Alg/HtmlParserTest.php" line="172" assertions="2" time="0.014173"/>
      <testcase name="testGetJavaScriptUrls" class="Test_Alg_HtmlParserTest" file="/home/kriss/Web/lib/CeusMedia/Common/Test/Alg/HtmlParserTest.php" line="190" assertions="4" time="0.019401"/>
      <testcase name="testGetKeyWords" class="Test_Alg_HtmlParserTest" file="/home/kriss/Web/lib/CeusMedia/Common/Test/Alg/HtmlParserTest.php" line="219" assertions="2" time="0.021797"/>
      <testcase name="testGetKeyWordsException" class="Test_Alg_HtmlParserTest" file="/home/kriss/Web/lib/CeusMedia/Common/Test/Alg/HtmlParserTest.php" line="241" assertions="1" time="0.009251"/>
      <testcase name="testGetLanguage" class="Test_Alg_HtmlParserTest" file="/home/kriss/Web/lib/CeusMedia/Common/Test/Alg/HtmlParserTest.php" line="254" assertions="2" time="0.014103"/>
      <testcase name="testGetLanguageException" class="Test_Alg_HtmlParserTest" file="/home/kriss/Web/lib/CeusMedia/Common/Test/Alg/HtmlParserTest.php" line="273" assertions="1" time="0.009148"/>
      <testcase name="testGetMetaTags" class="Test_Alg_HtmlParserTest" file="/home/kriss/Web/lib/CeusMedia/Common/Test/Alg/HtmlParserTest.php" line="286" assertions="3" time="0.036708"/>
      <testcase name="testGetStyles" class="Test_Alg_HtmlParserTest" file="/home/kriss/Web/lib/CeusMedia/Common/Test/Alg/HtmlParserTest.php" line="316" assertions="2" time="0.013391"/>
      <testcase name="testGetStyleSheetUrls" class="Test_Alg_HtmlParserTest" file="/home/kriss/Web/lib/CeusMedia/Common/Test/Alg/HtmlParserTest.php" line="334" assertions="4" time="0.020015"/>
      <testcase name="testGetTags" class="Test_Alg_HtmlParserTest" file="/home/kriss/Web/lib/CeusMedia/Common/Test/Alg/HtmlParserTest.php" line="364" assertions="8" time="0.032449"/>
      <testcase name="testGetTagsByAttribute" class="Test_Alg_HtmlParserTest" file="/home/kriss/Web/lib/CeusMedia/Common/Test/Alg/HtmlParserTest.php" line="412" assertions="5" time="0.023030"/>
      <testcase name="testGetTagById" class="Test_Alg_HtmlParserTest" file="/home/kriss/Web/lib/CeusMedia/Common/Test/Alg/HtmlParserTest.php" line="444" assertions="5" time="0.024176"/>
      <testcase name="testGetTagByIdException" class="Test_Alg_HtmlParserTest" file="/home/kriss/Web/lib/CeusMedia/Common/Test/Alg/HtmlParserTest.php" line="474" assertions="1" time="0.009086"/>
      <testcase name="testGetTagsByTagName" class="Test_Alg_HtmlParserTest" file="/home/kriss/Web/lib/CeusMedia/Common/Test/Alg/HtmlParserTest.php" line="485" assertions="2" time="0.013525"/>
      <testcase name="testGetTagsByXPath" class="Test_Alg_HtmlParserTest" file="/home/kriss/Web/lib/CeusMedia/Common/Test/Alg/HtmlParserTest.php" line="503" assertions="2" time="0.012808"/>
      <testcase name="testHasTagById" class="Test_Alg_HtmlParserTest" file="/home/kriss/Web/lib/CeusMedia/Common/Test/Alg/HtmlParserTest.php" line="522" assertions="2" time="0.014975"/>
      <testcase name="testGetTitle" class="Test_Alg_HtmlParserTest" file="/home/kriss/Web/lib/CeusMedia/Common/Test/Alg/HtmlParserTest.php" line="538" assertions="3" time="0.017198"/>
      <testcase name="testGetTitleException" class="Test_Alg_HtmlParserTest" file="/home/kriss/Web/lib/CeusMedia/Common/Test/Alg/HtmlParserTest.php" line="564" assertions="1" time="0.009410"/>
      <testcase name="testParseHtml" class="Test_Alg_HtmlParserTest" file="/home/kriss/Web/lib/CeusMedia/Common/Test/Alg/HtmlParserTest.php" line="577" assertions="1" time="0.010370"/>
      <testcase name="testParseHtmlFile" class="Test_Alg_HtmlParserTest" file="/home/kriss/Web/lib/CeusMedia/Common/Test/Alg/HtmlParserTest.php" line="595" assertions="1" time="0.010044"/>
    </testsuite>
    <testsuite name="Test_Alg_Math_Algebra_LabelMatrixTest" file="/home/kriss/Web/lib/CeusMedia/Common/Test/Alg/Math/Algebra/LabelMatrixTest.php" fullPackage="Tests.math.algebra" package="Tests.math.algebra" tests="24" assertions="38" failures="0" errors="0" time="0.779904">
      <testcase name="testConstruct" class="Test_Alg_Math_Algebra_LabelMatrixTest" file="/home/kriss/Web/lib/CeusMedia/Common/Test/Alg/Math/Algebra/LabelMatrixTest.php" line="62" assertions="4" time="0.041051"/>
      <testcase name="testConstructException1" class="Test_Alg_Math_Algebra_LabelMatrixTest" file="/home/kriss/Web/lib/CeusMedia/Common/Test/Alg/Math/Algebra/LabelMatrixTest.php" line="90" assertions="1" time="0.019536"/>
      <testcase name="testConstructException2" class="Test_Alg_Math_Algebra_LabelMatrixTest" file="/home/kriss/Web/lib/CeusMedia/Common/Test/Alg/Math/Algebra/LabelMatrixTest.php" line="101" assertions="1" time="0.020036"/>
      <testcase name="testClear" class="Test_Alg_Math_Algebra_LabelMatrixTest" file="/home/kriss/Web/lib/CeusMedia/Common/Test/Alg/Math/Algebra/LabelMatrixTest.php" line="112" assertions="1" time="0.059288"/>
      <testcase name="testGetRowNumber" class="Test_Alg_Math_Algebra_LabelMatrixTest" file="/home/kriss/Web/lib/CeusMedia/Common/Test/Alg/Math/Algebra/LabelMatrixTest.php" line="136" assertions="1" time="0.020995"/>
      <testcase name="testGetColumnNumber" class="Test_Alg_Math_Algebra_LabelMatrixTest" file="/home/kriss/Web/lib/CeusMedia/Common/Test/Alg/Math/Algebra/LabelMatrixTest.php" line="148" assertions="1" time="0.021278"/>
      <testcase name="testGetColumn" class="Test_Alg_Math_Algebra_LabelMatrixTest" file="/home/kriss/Web/lib/CeusMedia/Common/Test/Alg/Math/Algebra/LabelMatrixTest.php" line="160" assertions="3" time="0.053792"/>
      <testcase name="testGetColumnException" class="Test_Alg_Math_Algebra_LabelMatrixTest" file="/home/kriss/Web/lib/CeusMedia/Common/Test/Alg/Math/Algebra/LabelMatrixTest.php" line="180" assertions="1" time="0.020883"/>
      <testcase name="testGetRow" class="Test_Alg_Math_Algebra_LabelMatrixTest" file="/home/kriss/Web/lib/CeusMedia/Common/Test/Alg/Math/Algebra/LabelMatrixTest.php" line="191" assertions="2" time="0.048040"/>
      <testcase name="testGetRowException" class="Test_Alg_Math_Algebra_LabelMatrixTest" file="/home/kriss/Web/lib/CeusMedia/Common/Test/Alg/Math/Algebra/LabelMatrixTest.php" line="207" assertions="1" time="0.019907"/>
      <testcase name="testGetValue" class="Test_Alg_Math_Algebra_LabelMatrixTest" file="/home/kriss/Web/lib/CeusMedia/Common/Test/Alg/Math/Algebra/LabelMatrixTest.php" line="218" assertions="4" time="0.035477"/>
      <testcase name="testGetValueException1" class="Test_Alg_Math_Algebra_LabelMatrixTest" file="/home/kriss/Web/lib/CeusMedia/Common/Test/Alg/Math/Algebra/LabelMatrixTest.php" line="242" assertions="1" time="0.019518"/>
      <testcase name="testGetValueException2" class="Test_Alg_Math_Algebra_LabelMatrixTest" file="/home/kriss/Web/lib/CeusMedia/Common/Test/Alg/Math/Algebra/LabelMatrixTest.php" line="253" assertions="1" time="0.019436"/>
      <testcase name="testSetValue" class="Test_Alg_Math_Algebra_LabelMatrixTest" file="/home/kriss/Web/lib/CeusMedia/Common/Test/Alg/Math/Algebra/LabelMatrixTest.php" line="264" assertions="1" time="0.022524"/>
      <testcase name="testSetValueException1" class="Test_Alg_Math_Algebra_LabelMatrixTest" file="/home/kriss/Web/lib/CeusMedia/Common/Test/Alg/Math/Algebra/LabelMatrixTest.php" line="277" assertions="1" time="0.021106"/>
      <testcase name="testSetValueException2" class="Test_Alg_Math_Algebra_LabelMatrixTest" file="/home/kriss/Web/lib/CeusMedia/Common/Test/Alg/Math/Algebra/LabelMatrixTest.php" line="288" assertions="1" time="0.019916"/>
      <testcase name="testTranspose" class="Test_Alg_Math_Algebra_LabelMatrixTest" file="/home/kriss/Web/lib/CeusMedia/Common/Test/Alg/Math/Algebra/LabelMatrixTest.php" line="299" assertions="2" time="0.052474"/>
      <testcase name="testSwapRows" class="Test_Alg_Math_Algebra_LabelMatrixTest" file="/home/kriss/Web/lib/CeusMedia/Common/Test/Alg/Math/Algebra/LabelMatrixTest.php" line="316" assertions="2" time="0.048134"/>
      <testcase name="testSwapRowsException1" class="Test_Alg_Math_Algebra_LabelMatrixTest" file="/home/kriss/Web/lib/CeusMedia/Common/Test/Alg/Math/Algebra/LabelMatrixTest.php" line="334" assertions="1" time="0.020427"/>
      <testcase name="testSwapRowsException2" class="Test_Alg_Math_Algebra_LabelMatrixTest" file="/home/kriss/Web/lib/CeusMedia/Common/Test/Alg/Math/Algebra/LabelMatrixTest.php" line="345" assertions="1" time="0.024547"/>
      <testcase name="testSwapColumns" class="Test_Alg_Math_Algebra_LabelMatrixTest" file="/home/kriss/Web/lib/CeusMedia/Common/Test/Alg/Math/Algebra/LabelMatrixTest.php" line="356" assertions="4" time="0.080327"/>
      <testcase name="testSwapColumnsException1" class="Test_Alg_Math_Algebra_LabelMatrixTest" file="/home/kriss/Web/lib/CeusMedia/Common/Test/Alg/Math/Algebra/LabelMatrixTest.php" line="384" assertions="1" time="0.019794"/>
      <testcase name="testSwapColumnsException2" class="Test_Alg_Math_Algebra_LabelMatrixTest" file="/home/kriss/Web/lib/CeusMedia/Common/Test/Alg/Math/Algebra/LabelMatrixTest.php" line="395" assertions="1" time="0.021040"/>
      <testcase name="testToArray" class="Test_Alg_Math_Algebra_LabelMatrixTest" file="/home/kriss/Web/lib/CeusMedia/Common/Test/Alg/Math/Algebra/LabelMatrixTest.php" line="406" assertions="1" time="0.050379"/>
    </testsuite>
    <testsuite name="Test_Alg_Math_Algebra_MatrixTest" file="/home/kriss/Web/lib/CeusMedia/Common/Test/Alg/Math/Algebra/MatrixTest.php" fullPackage="Tests.math.algebra" package="Tests.math.algebra" tests="26" assertions="39" failures="0" errors="0" time="0.795774">
      <testcase name="testConstruct" class="Test_Alg_Math_Algebra_MatrixTest" file="/home/kriss/Web/lib/CeusMedia/Common/Test/Alg/Math/Algebra/MatrixTest.php" line="60" assertions="3" time="0.028028"/>
      <testcase name="testConstructException1" class="Test_Alg_Math_Algebra_MatrixTest" file="/home/kriss/Web/lib/CeusMedia/Common/Test/Alg/Math/Algebra/MatrixTest.php" line="82" assertions="1" time="0.016601"/>
      <testcase name="testConstructException2" class="Test_Alg_Math_Algebra_MatrixTest" file="/home/kriss/Web/lib/CeusMedia/Common/Test/Alg/Math/Algebra/MatrixTest.php" line="93" assertions="1" time="0.017132"/>
      <testcase name="testClear" class="Test_Alg_Math_Algebra_MatrixTest" file="/home/kriss/Web/lib/CeusMedia/Common/Test/Alg/Math/Algebra/MatrixTest.php" line="104" assertions="1" time="0.050009"/>
      <testcase name="testGetRowNumber" class="Test_Alg_Math_Algebra_MatrixTest" file="/home/kriss/Web/lib/CeusMedia/Common/Test/Alg/Math/Algebra/MatrixTest.php" line="117" assertions="1" time="0.019253"/>
      <testcase name="testGetColumnNumber" class="Test_Alg_Math_Algebra_MatrixTest" file="/home/kriss/Web/lib/CeusMedia/Common/Test/Alg/Math/Algebra/MatrixTest.php" line="129" assertions="1" time="0.017868"/>
      <testcase name="testGetColumn" class="Test_Alg_Math_Algebra_MatrixTest" file="/home/kriss/Web/lib/CeusMedia/Common/Test/Alg/Math/Algebra/MatrixTest.php" line="141" assertions="3" time="0.074126"/>
      <testcase name="testGetColumnException1" class="Test_Alg_Math_Algebra_MatrixTest" file="/home/kriss/Web/lib/CeusMedia/Common/Test/Alg/Math/Algebra/MatrixTest.php" line="161" assertions="1" time="0.018188"/>
      <testcase name="testGetColumnException2" class="Test_Alg_Math_Algebra_MatrixTest" file="/home/kriss/Web/lib/CeusMedia/Common/Test/Alg/Math/Algebra/MatrixTest.php" line="172" assertions="1" time="0.016715"/>
      <testcase name="testGetRow" class="Test_Alg_Math_Algebra_MatrixTest" file="/home/kriss/Web/lib/CeusMedia/Common/Test/Alg/Math/Algebra/MatrixTest.php" line="183" assertions="2" time="0.059651"/>
      <testcase name="testGetRowException1" class="Test_Alg_Math_Algebra_MatrixTest" file="/home/kriss/Web/lib/CeusMedia/Common/Test/Alg/Math/Algebra/MatrixTest.php" line="199" assertions="1" time="0.016831"/>
      <testcase name="testGetRowException2" class="Test_Alg_Math_Algebra_MatrixTest" file="/home/kriss/Web/lib/CeusMedia/Common/Test/Alg/Math/Algebra/MatrixTest.php" line="210" assertions="1" time="0.016804"/>
      <testcase name="testGetValue" class="Test_Alg_Math_Algebra_MatrixTest" file="/home/kriss/Web/lib/CeusMedia/Common/Test/Alg/Math/Algebra/MatrixTest.php" line="221" assertions="4" time="0.030679"/>
      <testcase name="testGetValueException1" class="Test_Alg_Math_Algebra_MatrixTest" file="/home/kriss/Web/lib/CeusMedia/Common/Test/Alg/Math/Algebra/MatrixTest.php" line="245" assertions="1" time="0.016355"/>
      <testcase name="testGetValueException2" class="Test_Alg_Math_Algebra_MatrixTest" file="/home/kriss/Web/lib/CeusMedia/Common/Test/Alg/Math/Algebra/MatrixTest.php" line="256" assertions="1" time="0.016859"/>
      <testcase name="testSetValue" class="Test_Alg_Math_Algebra_MatrixTest" file="/home/kriss/Web/lib/CeusMedia/Common/Test/Alg/Math/Algebra/MatrixTest.php" line="267" assertions="1" time="0.018542"/>
      <testcase name="testSetValueException1" class="Test_Alg_Math_Algebra_MatrixTest" file="/home/kriss/Web/lib/CeusMedia/Common/Test/Alg/Math/Algebra/MatrixTest.php" line="280" assertions="1" time="0.016927"/>
      <testcase name="testSetValueException2" class="Test_Alg_Math_Algebra_MatrixTest" file="/home/kriss/Web/lib/CeusMedia/Common/Test/Alg/Math/Algebra/MatrixTest.php" line="291" assertions="1" time="0.016771"/>
      <testcase name="testTranspose" class="Test_Alg_Math_Algebra_MatrixTest" file="/home/kriss/Web/lib/CeusMedia/Common/Test/Alg/Math/Algebra/MatrixTest.php" line="302" assertions="2" time="0.061691"/>
      <testcase name="testSwapRows" class="Test_Alg_Math_Algebra_MatrixTest" file="/home/kriss/Web/lib/CeusMedia/Common/Test/Alg/Math/Algebra/MatrixTest.php" line="319" assertions="2" time="0.057500"/>
      <testcase name="testSwapRowsException1" class="Test_Alg_Math_Algebra_MatrixTest" file="/home/kriss/Web/lib/CeusMedia/Common/Test/Alg/Math/Algebra/MatrixTest.php" line="337" assertions="1" time="0.016636"/>
      <testcase name="testSwapRowsException2" class="Test_Alg_Math_Algebra_MatrixTest" file="/home/kriss/Web/lib/CeusMedia/Common/Test/Alg/Math/Algebra/MatrixTest.php" line="348" assertions="1" time="0.016391"/>
      <testcase name="testSwapColumns" class="Test_Alg_Math_Algebra_MatrixTest" file="/home/kriss/Web/lib/CeusMedia/Common/Test/Alg/Math/Algebra/MatrixTest.php" line="359" assertions="4" time="0.099786"/>
      <testcase name="testSwapColumnsException1" class="Test_Alg_Math_Algebra_MatrixTest" file="/home/kriss/Web/lib/CeusMedia/Common/Test/Alg/Math/Algebra/MatrixTest.php" line="387" assertions="1" time="0.015979"/>
      <testcase name="testSwapColumnsException2" class="Test_Alg_Math_Algebra_MatrixTest" file="/home/kriss/Web/lib/CeusMedia/Common/Test/Alg/Math/Algebra/MatrixTest.php" line="398" assertions="1" time="0.017468"/>
      <testcase name="testToArray" class="Test_Alg_Math_Algebra_MatrixTest" file="/home/kriss/Web/lib/CeusMedia/Common/Test/Alg/Math/Algebra/MatrixTest.php" line="409" assertions="1" time="0.042984"/>
    </testsuite>
    <testsuite name="Test_Alg_Math_Algebra_VectorTest" file="/home/kriss/Web/lib/CeusMedia/Common/Test/Alg/Math/Algebra/VectorTest.php" fullPackage="Tests.math.algebra" package="Tests.math.algebra" tests="10" assertions="15" failures="0" errors="0" time="0.167179">
      <testcase name="testConstruct" class="Test_Alg_Math_Algebra_VectorTest" file="/home/kriss/Web/lib/CeusMedia/Common/Test/Alg/Math/Algebra/VectorTest.php" line="54" assertions="2" time="0.034576"/>
      <testcase name="testConstructException" class="Test_Alg_Math_Algebra_VectorTest" file="/home/kriss/Web/lib/CeusMedia/Common/Test/Alg/Math/Algebra/VectorTest.php" line="72" assertions="1" time="0.009288"/>
      <testcase name="testToString" class="Test_Alg_Math_Algebra_VectorTest" file="/home/kriss/Web/lib/CeusMedia/Common/Test/Alg/Math/Algebra/VectorTest.php" line="83" assertions="1" time="0.011858"/>
      <testcase name="testAddValue" class="Test_Alg_Math_Algebra_VectorTest" file="/home/kriss/Web/lib/CeusMedia/Common/Test/Alg/Math/Algebra/VectorTest.php" line="96" assertions="1" time="0.024248"/>
      <testcase name="testGetDimension" class="Test_Alg_Math_Algebra_VectorTest" file="/home/kriss/Web/lib/CeusMedia/Common/Test/Alg/Math/Algebra/VectorTest.php" line="109" assertions="1" time="0.011234"/>
      <testcase name="testGetValueFromDimension" class="Test_Alg_Math_Algebra_VectorTest" file="/home/kriss/Web/lib/CeusMedia/Common/Test/Alg/Math/Algebra/VectorTest.php" line="121" assertions="3" time="0.016935"/>
      <testcase name="testGetValueFromIndex" class="Test_Alg_Math_Algebra_VectorTest" file="/home/kriss/Web/lib/CeusMedia/Common/Test/Alg/Math/Algebra/VectorTest.php" line="141" assertions="3" time="0.018181"/>
      <testcase name="testGetValueFromIndexException1" class="Test_Alg_Math_Algebra_VectorTest" file="/home/kriss/Web/lib/CeusMedia/Common/Test/Alg/Math/Algebra/VectorTest.php" line="161" assertions="1" time="0.009552"/>
      <testcase name="testGetValueFromIndexException2" class="Test_Alg_Math_Algebra_VectorTest" file="/home/kriss/Web/lib/CeusMedia/Common/Test/Alg/Math/Algebra/VectorTest.php" line="172" assertions="1" time="0.009836"/>
      <testcase name="testToArray" class="Test_Alg_Math_Algebra_VectorTest" file="/home/kriss/Web/lib/CeusMedia/Common/Test/Alg/Math/Algebra/VectorTest.php" line="183" assertions="1" time="0.021471"/>
    </testsuite>
    <testsuite name="Test_Alg_Math_AverageTest" file="/home/kriss/Web/lib/CeusMedia/Common/Test/Alg/Math/AverageTest.php" fullPackage="Tests.math" package="Tests.math" tests="2" assertions="7" failures="0" errors="0" time="0.039239">
      <testcase name="testArithmetic" class="Test_Alg_Math_AverageTest" file="/home/kriss/Web/lib/CeusMedia/Common/Test/Alg/Math/AverageTest.php" line="53" assertions="4" time="0.023401"/>
      <testcase name="testGeometric" class="Test_Alg_Math_AverageTest" file="/home/kriss/Web/lib/CeusMedia/Common/Test/Alg/Math/AverageTest.php" line="77" assertions="3" time="0.015838"/>
    </testsuite>
    <testsuite name="Test_Alg_Math_CompactIntervalTest" file="/home/kriss/Web/lib/CeusMedia/Common/Test/Alg/Math/CompactIntervalTest.php" fullPackage="Tests.math" package="Tests.math" tests="9" assertions="9" failures="0" errors="0" time="0.093173">
      <testcase name="testConstruct" class="Test_Alg_Math_CompactIntervalTest" file="/home/kriss/Web/lib/CeusMedia/Common/Test/Alg/Math/CompactIntervalTest.php" line="54" assertions="1" time="0.010381"/>
      <testcase name="testGetDiameter" class="Test_Alg_Math_CompactIntervalTest" file="/home/kriss/Web/lib/CeusMedia/Common/Test/Alg/Math/CompactIntervalTest.php" line="67" assertions="1" time="0.011194"/>
      <testcase name="testGetStart" class="Test_Alg_Math_CompactIntervalTest" file="/home/kriss/Web/lib/CeusMedia/Common/Test/Alg/Math/CompactIntervalTest.php" line="79" assertions="1" time="0.010491"/>
      <testcase name="testGetEnd" class="Test_Alg_Math_CompactIntervalTest" file="/home/kriss/Web/lib/CeusMedia/Common/Test/Alg/Math/CompactIntervalTest.php" line="91" assertions="1" time="0.011175"/>
      <testcase name="testSetStart" class="Test_Alg_Math_CompactIntervalTest" file="/home/kriss/Web/lib/CeusMedia/Common/Test/Alg/Math/CompactIntervalTest.php" line="103" assertions="1" time="0.010610"/>
      <testcase name="testSetStartException" class="Test_Alg_Math_CompactIntervalTest" file="/home/kriss/Web/lib/CeusMedia/Common/Test/Alg/Math/CompactIntervalTest.php" line="117" assertions="1" time="0.008522"/>
      <testcase name="testSetEnd" class="Test_Alg_Math_CompactIntervalTest" file="/home/kriss/Web/lib/CeusMedia/Common/Test/Alg/Math/CompactIntervalTest.php" line="128" assertions="1" time="0.010630"/>
      <testcase name="testSetEndException" class="Test_Alg_Math_CompactIntervalTest" file="/home/kriss/Web/lib/CeusMedia/Common/Test/Alg/Math/CompactIntervalTest.php" line="141" assertions="1" time="0.009910"/>
      <testcase name="testToString" class="Test_Alg_Math_CompactIntervalTest" file="/home/kriss/Web/lib/CeusMedia/Common/Test/Alg/Math/CompactIntervalTest.php" line="152" assertions="1" time="0.010260"/>
    </testsuite>
    <testsuite name="Test_Alg_Math_FactorialTest" file="/home/kriss/Web/lib/CeusMedia/Common/Test/Alg/Math/FactorialTest.php" fullPackage="Tests.math" package="Tests.math" tests="3" assertions="5" failures="0" errors="0" time="0.037946">
      <testcase name="testCalculateException1" class="Test_Alg_Math_FactorialTest" file="/home/kriss/Web/lib/CeusMedia/Common/Test/Alg/Math/FactorialTest.php" line="53" assertions="1" time="0.011606"/>
      <testcase name="testCalculateException2" class="Test_Alg_Math_FactorialTest" file="/home/kriss/Web/lib/CeusMedia/Common/Test/Alg/Math/FactorialTest.php" line="64" assertions="1" time="0.008956"/>
      <testcase name="testCalculate" class="Test_Alg_Math_FactorialTest" file="/home/kriss/Web/lib/CeusMedia/Common/Test/Alg/Math/FactorialTest.php" line="75" assertions="3" time="0.017384"/>
    </testsuite>
    <testsuite name="Test_Alg_Math_Finance_CompoundInterestTest" file="/home/kriss/Web/lib/CeusMedia/Common/Test/Alg/Math/Finance/CompoundInterestTest.php" fullPackage="Tests.math.finance" package="Tests.math.finance" tests="16" assertions="23" failures="0" errors="0" time="0.187269">
      <testcase name="testCalculateFutureAmount" class="Test_Alg_Math_Finance_CompoundInterestTest" file="/home/kriss/Web/lib/CeusMedia/Common/Test/Alg/Math/Finance/CompoundInterestTest.php" line="54" assertions="3" time="0.016913"/>
      <testcase name="testCalculateFutureAmountException" class="Test_Alg_Math_Finance_CompoundInterestTest" file="/home/kriss/Web/lib/CeusMedia/Common/Test/Alg/Math/Finance/CompoundInterestTest.php" line="74" assertions="1" time="0.008770"/>
      <testcase name="testCalculatePresentAmount" class="Test_Alg_Math_Finance_CompoundInterestTest" file="/home/kriss/Web/lib/CeusMedia/Common/Test/Alg/Math/Finance/CompoundInterestTest.php" line="85" assertions="3" time="0.016407"/>
      <testcase name="testCalculatePresentAmountException" class="Test_Alg_Math_Finance_CompoundInterestTest" file="/home/kriss/Web/lib/CeusMedia/Common/Test/Alg/Math/Finance/CompoundInterestTest.php" line="105" assertions="1" time="0.009307"/>
      <testcase name="testCalculateInterest" class="Test_Alg_Math_Finance_CompoundInterestTest" file="/home/kriss/Web/lib/CeusMedia/Common/Test/Alg/Math/Finance/CompoundInterestTest.php" line="116" assertions="3" time="0.016290"/>
      <testcase name="testCalculateInterestException" class="Test_Alg_Math_Finance_CompoundInterestTest" file="/home/kriss/Web/lib/CeusMedia/Common/Test/Alg/Math/Finance/CompoundInterestTest.php" line="136" assertions="1" time="0.009444"/>
      <testcase name="testGetAmount" class="Test_Alg_Math_Finance_CompoundInterestTest" file="/home/kriss/Web/lib/CeusMedia/Common/Test/Alg/Math/Finance/CompoundInterestTest.php" line="147" assertions="1" time="0.010960"/>
      <testcase name="testGetInterest" class="Test_Alg_Math_Finance_CompoundInterestTest" file="/home/kriss/Web/lib/CeusMedia/Common/Test/Alg/Math/Finance/CompoundInterestTest.php" line="160" assertions="1" time="0.010771"/>
      <testcase name="testGetPeriods" class="Test_Alg_Math_Finance_CompoundInterestTest" file="/home/kriss/Web/lib/CeusMedia/Common/Test/Alg/Math/Finance/CompoundInterestTest.php" line="173" assertions="1" time="0.011273"/>
      <testcase name="testGetFutureAmount" class="Test_Alg_Math_Finance_CompoundInterestTest" file="/home/kriss/Web/lib/CeusMedia/Common/Test/Alg/Math/Finance/CompoundInterestTest.php" line="186" assertions="1" time="0.010835"/>
      <testcase name="testGetInterestFromFutureAmount" class="Test_Alg_Math_Finance_CompoundInterestTest" file="/home/kriss/Web/lib/CeusMedia/Common/Test/Alg/Math/Finance/CompoundInterestTest.php" line="202" assertions="1" time="0.010802"/>
      <testcase name="testGetPresentAmount" class="Test_Alg_Math_Finance_CompoundInterestTest" file="/home/kriss/Web/lib/CeusMedia/Common/Test/Alg/Math/Finance/CompoundInterestTest.php" line="216" assertions="2" time="0.014612"/>
      <testcase name="testSetAmount" class="Test_Alg_Math_Finance_CompoundInterestTest" file="/home/kriss/Web/lib/CeusMedia/Common/Test/Alg/Math/Finance/CompoundInterestTest.php" line="235" assertions="1" time="0.010178"/>
      <testcase name="testSetInterest" class="Test_Alg_Math_Finance_CompoundInterestTest" file="/home/kriss/Web/lib/CeusMedia/Common/Test/Alg/Math/Finance/CompoundInterestTest.php" line="248" assertions="1" time="0.010556"/>
      <testcase name="testSetPeriodsException" class="Test_Alg_Math_Finance_CompoundInterestTest" file="/home/kriss/Web/lib/CeusMedia/Common/Test/Alg/Math/Finance/CompoundInterestTest.php" line="261" assertions="1" time="0.009324"/>
      <testcase name="testSetPeriods" class="Test_Alg_Math_Finance_CompoundInterestTest" file="/home/kriss/Web/lib/CeusMedia/Common/Test/Alg/Math/Finance/CompoundInterestTest.php" line="272" assertions="1" time="0.010827"/>
    </testsuite>
    <testsuite name="Test_Alg_Math_FormulaProductTest" file="/home/kriss/Web/lib/CeusMedia/Common/Test/Alg/Math/FormulaProductTest.php" fullPackage="Tests.math" package="Tests.math" tests="3" assertions="4" failures="0" errors="0" time="0.047314">
      <testcase name="testConstructException1" class="Test_Alg_Math_FormulaProductTest" file="/home/kriss/Web/lib/CeusMedia/Common/Test/Alg/Math/FormulaProductTest.php" line="53" assertions="1" time="0.012315"/>
      <testcase name="testConstructException2" class="Test_Alg_Math_FormulaProductTest" file="/home/kriss/Web/lib/CeusMedia/Common/Test/Alg/Math/FormulaProductTest.php" line="64" assertions="1" time="0.008957"/>
      <testcase name="testCalculate" class="Test_Alg_Math_FormulaProductTest" file="/home/kriss/Web/lib/CeusMedia/Common/Test/Alg/Math/FormulaProductTest.php" line="75" assertions="2" time="0.026042"/>
    </testsuite>
    <testsuite name="Test_Alg_Math_FormulaSumTest" file="/home/kriss/Web/lib/CeusMedia/Common/Test/Alg/Math/FormulaSumTest.php" fullPackage="Tests.math" package="Tests.math" tests="3" assertions="4" failures="0" errors="0" time="0.047368">
      <testcase name="testConstructException1" class="Test_Alg_Math_FormulaSumTest" file="/home/kriss/Web/lib/CeusMedia/Common/Test/Alg/Math/FormulaSumTest.php" line="53" assertions="1" time="0.011787"/>
      <testcase name="testConstructException2" class="Test_Alg_Math_FormulaSumTest" file="/home/kriss/Web/lib/CeusMedia/Common/Test/Alg/Math/FormulaSumTest.php" line="64" assertions="1" time="0.009813"/>
      <testcase name="testCalculate" class="Test_Alg_Math_FormulaSumTest" file="/home/kriss/Web/lib/CeusMedia/Common/Test/Alg/Math/FormulaSumTest.php" line="75" assertions="2" time="0.025768"/>
    </testsuite>
    <testsuite name="Test_Alg_Math_FormulaTest" file="/home/kriss/Web/lib/CeusMedia/Common/Test/Alg/Math/FormulaTest.php" fullPackage="Tests.math" package="Tests.math" tests="6" assertions="7" failures="0" errors="0" time="0.080400">
      <testcase name="testConstruct" class="Test_Alg_Math_FormulaTest" file="/home/kriss/Web/lib/CeusMedia/Common/Test/Alg/Math/FormulaTest.php" line="54" assertions="2" time="0.021365"/>
      <testcase name="testConstructException" class="Test_Alg_Math_FormulaTest" file="/home/kriss/Web/lib/CeusMedia/Common/Test/Alg/Math/FormulaTest.php" line="72" assertions="1" time="0.009063"/>
      <testcase name="testGetExpression" class="Test_Alg_Math_FormulaTest" file="/home/kriss/Web/lib/CeusMedia/Common/Test/Alg/Math/FormulaTest.php" line="83" assertions="1" time="0.010646"/>
      <testcase name="testGetValue" class="Test_Alg_Math_FormulaTest" file="/home/kriss/Web/lib/CeusMedia/Common/Test/Alg/Math/FormulaTest.php" line="95" assertions="1" time="0.010853"/>
      <testcase name="testGetVariables" class="Test_Alg_Math_FormulaTest" file="/home/kriss/Web/lib/CeusMedia/Common/Test/Alg/Math/FormulaTest.php" line="107" assertions="1" time="0.018343"/>
      <testcase name="testToString" class="Test_Alg_Math_FormulaTest" file="/home/kriss/Web/lib/CeusMedia/Common/Test/Alg/Math/FormulaTest.php" line="119" assertions="1" time="0.010130"/>
    </testsuite>
    <testsuite name="Test_Alg_Math_PrimeTest" file="/home/kriss/Web/lib/CeusMedia/Common/Test/Alg/Math/PrimeTest.php" fullPackage="Tests.math" package="Tests.math" tests="3" assertions="12" failures="0" errors="0" time="0.164120">
      <testcase name="testGetPrimes" class="Test_Alg_Math_PrimeTest" file="/home/kriss/Web/lib/CeusMedia/Common/Test/Alg/Math/PrimeTest.php" line="26" assertions="2" time="0.083413"/>
      <testcase name="testIsPrime" class="Test_Alg_Math_PrimeTest" file="/home/kriss/Web/lib/CeusMedia/Common/Test/Alg/Math/PrimeTest.php" line="42" assertions="6" time="0.027165"/>
      <testcase name="testGetPrimeFactors" class="Test_Alg_Math_PrimeTest" file="/home/kriss/Web/lib/CeusMedia/Common/Test/Alg/Math/PrimeTest.php" line="74" assertions="4" time="0.053542"/>
    </testsuite>
    <testsuite name="Test_Alg_PREG_MatchTest" file="/home/kriss/Web/lib/CeusMedia/Common/Test/Alg/PREG/MatchTest.php" fullPackage="Tests." package="Tests." tests="6" assertions="12" failures="0" errors="0" time="0.083217">
      <testcase name="testAcceptException1" class="Test_Alg_PREG_MatchTest" file="/home/kriss/Web/lib/CeusMedia/Common/Test/Alg/PREG/MatchTest.php" line="26" assertions="1" time="0.013800"/>
      <testcase name="testAcceptException2" class="Test_Alg_PREG_MatchTest" file="/home/kriss/Web/lib/CeusMedia/Common/Test/Alg/PREG/MatchTest.php" line="37" assertions="1" time="0.009110"/>
      <testcase name="testAcceptException3" class="Test_Alg_PREG_MatchTest" file="/home/kriss/Web/lib/CeusMedia/Common/Test/Alg/PREG/MatchTest.php" line="48" assertions="1" time="0.008897"/>
      <testcase name="testAcceptException4" class="Test_Alg_PREG_MatchTest" file="/home/kriss/Web/lib/CeusMedia/Common/Test/Alg/PREG/MatchTest.php" line="59" assertions="1" time="0.009465"/>
      <testcase name="testAccept" class="Test_Alg_PREG_MatchTest" file="/home/kriss/Web/lib/CeusMedia/Common/Test/Alg/PREG/MatchTest.php" line="70" assertions="4" time="0.021853"/>
      <testcase name="testGet" class="Test_Alg_PREG_MatchTest" file="/home/kriss/Web/lib/CeusMedia/Common/Test/Alg/PREG/MatchTest.php" line="94" assertions="4" time="0.020092"/>
    </testsuite>
    <testsuite name="Test_Alg_Parcel_FactoryTest" file="/home/kriss/Web/lib/CeusMedia/Common/Test/Alg/Parcel/FactoryTest.php" fullPackage="Tests.alg.parcel" package="Tests.alg.parcel" tests="5" assertions="7" failures="0" errors="0" time="0.116682">
      <testcase name="testConstruct" class="Test_Alg_Parcel_FactoryTest" file="/home/kriss/Web/lib/CeusMedia/Common/Test/Alg/Parcel/FactoryTest.php" line="72" assertions="3" time="0.051156"/>
      <testcase name="testProduce" class="Test_Alg_Parcel_FactoryTest" file="/home/kriss/Web/lib/CeusMedia/Common/Test/Alg/Parcel/FactoryTest.php" line="94" assertions="1" time="0.036089"/>
      <testcase name="testProduceException1" class="Test_Alg_Parcel_FactoryTest" file="/home/kriss/Web/lib/CeusMedia/Common/Test/Alg/Parcel/FactoryTest.php" line="113" assertions="1" time="0.008699"/>
      <testcase name="testProduceException2" class="Test_Alg_Parcel_FactoryTest" file="/home/kriss/Web/lib/CeusMedia/Common/Test/Alg/Parcel/FactoryTest.php" line="124" assertions="1" time="0.010151"/>
      <testcase name="testProduceException3" class="Test_Alg_Parcel_FactoryTest" file="/home/kriss/Web/lib/CeusMedia/Common/Test/Alg/Parcel/FactoryTest.php" line="135" assertions="1" time="0.010587"/>
    </testsuite>
    <testsuite name="Test_Alg_Parcel_PackerTest" file="/home/kriss/Web/lib/CeusMedia/Common/Test/Alg/Parcel/PackerTest.php" fullPackage="Tests.alg.parcel" package="Tests.alg.parcel" tests="1" assertions="2" failures="0" errors="0" time="0.032103">
      <testcase name="testCalculatePrice" class="Test_Alg_Parcel_PackerTest" file="/home/kriss/Web/lib/CeusMedia/Common/Test/Alg/Parcel/PackerTest.php" line="108" assertions="2" time="0.032103"/>
    </testsuite>
    <testsuite name="Test_Alg_Parcel_PacketTest" file="/home/kriss/Web/lib/CeusMedia/Common/Test/Alg/Parcel/PacketTest.php" fullPackage="Tests.alg.parcel" package="Tests.alg.parcel" tests="7" assertions="13" failures="0" errors="0" time="0.114491">
      <testcase name="testConstruct" class="Test_Alg_Parcel_PacketTest" file="/home/kriss/Web/lib/CeusMedia/Common/Test/Alg/Parcel/PacketTest.php" line="48" assertions="1" time="0.011575"/>
      <testcase name="testToString" class="Test_Alg_Parcel_PacketTest" file="/home/kriss/Web/lib/CeusMedia/Common/Test/Alg/Parcel/PacketTest.php" line="63" assertions="1" time="0.012367"/>
      <testcase name="testAddArticle" class="Test_Alg_Parcel_PacketTest" file="/home/kriss/Web/lib/CeusMedia/Common/Test/Alg/Parcel/PacketTest.php" line="75" assertions="4" time="0.021487"/>
      <testcase name="testGetArticles" class="Test_Alg_Parcel_PacketTest" file="/home/kriss/Web/lib/CeusMedia/Common/Test/Alg/Parcel/PacketTest.php" line="107" assertions="2" time="0.026514"/>
      <testcase name="testGetName" class="Test_Alg_Parcel_PacketTest" file="/home/kriss/Web/lib/CeusMedia/Common/Test/Alg/Parcel/PacketTest.php" line="129" assertions="1" time="0.012268"/>
      <testcase name="testGetVolume" class="Test_Alg_Parcel_PacketTest" file="/home/kriss/Web/lib/CeusMedia/Common/Test/Alg/Parcel/PacketTest.php" line="141" assertions="1" time="0.011950"/>
      <testcase name="testHasVolumeLeft" class="Test_Alg_Parcel_PacketTest" file="/home/kriss/Web/lib/CeusMedia/Common/Test/Alg/Parcel/PacketTest.php" line="153" assertions="3" time="0.018330"/>
    </testsuite>
    <testsuite name="Test_Alg_RandomizerTest" file="/home/kriss/Web/lib/CeusMedia/Common/Test/Alg/RandomizerTest.php" fullPackage="Tests.alg" package="Tests.alg" tests="12" assertions="17" failures="0" errors="0" time="0.151259">
      <testcase name="testGet" class="Test_Alg_RandomizerTest" file="/home/kriss/Web/lib/CeusMedia/Common/Test/Alg/RandomizerTest.php" line="36" assertions="6" time="0.030318"/>
      <testcase name="testGetWithStrength" class="Test_Alg_RandomizerTest" file="/home/kriss/Web/lib/CeusMedia/Common/Test/Alg/RandomizerTest.php" line="75" assertions="1" time="0.012041"/>
      <testcase name="testGetWithUnique" class="Test_Alg_RandomizerTest" file="/home/kriss/Web/lib/CeusMedia/Common/Test/Alg/RandomizerTest.php" line="89" assertions="0" time="0.008905"/>
      <testcase name="testGetLarge" class="Test_Alg_RandomizerTest" file="/home/kriss/Web/lib/CeusMedia/Common/Test/Alg/RandomizerTest.php" line="108" assertions="2" time="0.014792"/>
      <testcase name="testGetLengthException1" class="Test_Alg_RandomizerTest" file="/home/kriss/Web/lib/CeusMedia/Common/Test/Alg/RandomizerTest.php" line="127" assertions="1" time="0.010035"/>
      <testcase name="testGetLengthException2" class="Test_Alg_RandomizerTest" file="/home/kriss/Web/lib/CeusMedia/Common/Test/Alg/RandomizerTest.php" line="138" assertions="1" time="0.008957"/>
      <testcase name="testGetLengthException3" class="Test_Alg_RandomizerTest" file="/home/kriss/Web/lib/CeusMedia/Common/Test/Alg/RandomizerTest.php" line="149" assertions="1" time="0.008969"/>
      <testcase name="testGetLengthException4" class="Test_Alg_RandomizerTest" file="/home/kriss/Web/lib/CeusMedia/Common/Test/Alg/RandomizerTest.php" line="164" assertions="1" time="0.009096"/>
      <testcase name="testGetStrengthException1" class="Test_Alg_RandomizerTest" file="/home/kriss/Web/lib/CeusMedia/Common/Test/Alg/RandomizerTest.php" line="175" assertions="1" time="0.009384"/>
      <testcase name="testGetStrengthException2" class="Test_Alg_RandomizerTest" file="/home/kriss/Web/lib/CeusMedia/Common/Test/Alg/RandomizerTest.php" line="186" assertions="1" time="0.009337"/>
      <testcase name="testGetStrengthException3" class="Test_Alg_RandomizerTest" file="/home/kriss/Web/lib/CeusMedia/Common/Test/Alg/RandomizerTest.php" line="197" assertions="1" time="0.008386"/>
      <testcase name="testGetStrengthException4" class="Test_Alg_RandomizerTest" file="/home/kriss/Web/lib/CeusMedia/Common/Test/Alg/RandomizerTest.php" line="208" assertions="1" time="0.021039"/>
    </testsuite>
    <testsuite name="Test_Alg_SgmlTagReaderTest" file="/home/kriss/Web/lib/CeusMedia/Common/Test/Alg/SgmlTagReaderTest.php" fullPackage="Tests.alg" package="Tests.alg" tests="4" assertions="7" failures="0" errors="0" time="0.096440">
      <testcase name="testGetNodeName" class="Test_Alg_SgmlTagReaderTest" file="/home/kriss/Web/lib/CeusMedia/Common/Test/Alg/SgmlTagReaderTest.php" line="57" assertions="2" time="0.013952"/>
      <testcase name="testGetAttributes" class="Test_Alg_SgmlTagReaderTest" file="/home/kriss/Web/lib/CeusMedia/Common/Test/Alg/SgmlTagReaderTest.php" line="73" assertions="2" time="0.035802"/>
      <testcase name="testGetContent" class="Test_Alg_SgmlTagReaderTest" file="/home/kriss/Web/lib/CeusMedia/Common/Test/Alg/SgmlTagReaderTest.php" line="96" assertions="2" time="0.014447"/>
      <testcase name="testGetTagData" class="Test_Alg_SgmlTagReaderTest" file="/home/kriss/Web/lib/CeusMedia/Common/Test/Alg/SgmlTagReaderTest.php" line="112" assertions="1" time="0.032239"/>
    </testsuite>
    <testsuite name="Test_Alg_Text_CamelCaseTest" file="/home/kriss/Web/lib/CeusMedia/Common/Test/Alg/Text/CamelCaseTest.php" fullPackage="Tests.alg" package="Tests.alg" tests="3" assertions="29" failures="0" errors="0" time="0.121846">
      <testcase name="testConvertWithString1" class="Test_Alg_Text_CamelCaseTest" file="/home/kriss/Web/lib/CeusMedia/Common/Test/Alg/Text/CamelCaseTest.php" line="57" assertions="10" time="0.044082"/>
      <testcase name="testConvertWithString2" class="Test_Alg_Text_CamelCaseTest" file="/home/kriss/Web/lib/CeusMedia/Common/Test/Alg/Text/CamelCaseTest.php" line="108" assertions="10" time="0.040447"/>
      <testcase name="testConvertWithString1AndStaticSettings" class="Test_Alg_Text_CamelCaseTest" file="/home/kriss/Web/lib/CeusMedia/Common/Test/Alg/Text/CamelCaseTest.php" line="159" assertions="9" time="0.037317"/>
    </testsuite>
    <testsuite name="Test_Alg_Text_FilterTest" file="/home/kriss/Web/lib/CeusMedia/Common/Test/Alg/Text/FilterTest.php" fullPackage="Tests.alg" package="Tests.alg" tests="5" assertions="5" failures="0" errors="0" time="0.056395">
      <testcase name="testStripComments" class="Test_Alg_Text_FilterTest" file="/home/kriss/Web/lib/CeusMedia/Common/Test/Alg/Text/FilterTest.php" line="26" assertions="1" time="0.013598"/>
      <testcase name="testStripScripts" class="Test_Alg_Text_FilterTest" file="/home/kriss/Web/lib/CeusMedia/Common/Test/Alg/Text/FilterTest.php" line="52" assertions="1" time="0.011223"/>
      <testcase name="testStripStyles" class="Test_Alg_Text_FilterTest" file="/home/kriss/Web/lib/CeusMedia/Common/Test/Alg/Text/FilterTest.php" line="68" assertions="1" time="0.010313"/>
      <testcase name="testStripTags" class="Test_Alg_Text_FilterTest" file="/home/kriss/Web/lib/CeusMedia/Common/Test/Alg/Text/FilterTest.php" line="92" assertions="1" time="0.010523"/>
      <testcase name="testStripEventAttributes" class="Test_Alg_Text_FilterTest" file="/home/kriss/Web/lib/CeusMedia/Common/Test/Alg/Text/FilterTest.php" line="110" assertions="1" time="0.010738"/>
    </testsuite>
    <testsuite name="Test_Alg_Text_TermExtractorTest" file="/home/kriss/Web/lib/CeusMedia/Common/Test/Alg/Text/TermExtractorTest.php" fullPackage="Tests.alg" package="Tests.alg" tests="5" assertions="5" failures="0" errors="0" time="0.502864">
      <testcase name="testGetTerms1" class="Test_Alg_Text_TermExtractorTest" file="/home/kriss/Web/lib/CeusMedia/Common/Test/Alg/Text/TermExtractorTest.php" line="63" assertions="1" time="0.024308"/>
[...]
    </testsuite>
    <testsuite name="Test_XML_DOM_ObjectSerializerTest" file="/home/kriss/Web/lib/CeusMedia/Common/Test/XML/DOM/ObjectSerializerTest.php" fullPackage="Tests.xml.dom" package="Tests.xml.dom" tests="1" assertions="1" failures="0" errors="0" time="0.043550">
      <testcase name="testSerialize" class="Test_XML_DOM_ObjectSerializerTest" file="/home/kriss/Web/lib/CeusMedia/Common/Test/XML/DOM/ObjectSerializerTest.php" line="58" assertions="1" time="0.043550"/>
    </testsuite>
    <testsuite name="Test_XML_DOM_PEAR_PackageReaderTest" file="/home/kriss/Web/lib/CeusMedia/Common/Test/XML/DOM/PEAR/PackageReaderTest.php" fullPackage="Tests...." package="Tests...." tests="1" assertions="1" failures="0" errors="0" time="0.872671">
      <testcase name="testGetPackageDataFromXmlFile" class="Test_XML_DOM_PEAR_PackageReaderTest" file="/home/kriss/Web/lib/CeusMedia/Common/Test/XML/DOM/PEAR/PackageReaderTest.php" line="55" assertions="1" time="0.872671"/>
    </testsuite>
    <testsuite name="Test_XML_DOM_ParserTest" file="/home/kriss/Web/lib/CeusMedia/Common/Test/XML/DOM/ParserTest.php" fullPackage="Tests.xml.dom" package="Tests.xml.dom" tests="2" assertions="3" failures="0" errors="0" time="0.294795">
      <testcase name="testGetDocument" class="Test_XML_DOM_ParserTest" file="/home/kriss/Web/lib/CeusMedia/Common/Test/XML/DOM/ParserTest.php" line="39" assertions="2" time="0.018628"/>
      <testcase name="testParse" class="Test_XML_DOM_ParserTest" file="/home/kriss/Web/lib/CeusMedia/Common/Test/XML/DOM/ParserTest.php" line="59" assertions="1" time="0.276167"/>
    </testsuite>
    <testsuite name="Test_XML_DOM_StorageTest" file="/home/kriss/Web/lib/CeusMedia/Common/Test/XML/DOM/StorageTest.php" fullPackage="Tests.xml.dom" package="Tests.xml.dom" tests="5" assertions="13" failures="0" errors="0" time="0.277681">
      <testcase name="testGet" class="Test_XML_DOM_StorageTest" file="/home/kriss/Web/lib/CeusMedia/Common/Test/XML/DOM/StorageTest.php" line="58" assertions="1" time="0.045105"/>
      <testcase name="testRemove" class="Test_XML_DOM_StorageTest" file="/home/kriss/Web/lib/CeusMedia/Common/Test/XML/DOM/StorageTest.php" line="70" assertions="3" time="0.050421"/>
      <testcase name="testRemoveAndWrite" class="Test_XML_DOM_StorageTest" file="/home/kriss/Web/lib/CeusMedia/Common/Test/XML/DOM/StorageTest.php" line="93" assertions="3" time="0.059098"/>
      <testcase name="testSet" class="Test_XML_DOM_StorageTest" file="/home/kriss/Web/lib/CeusMedia/Common/Test/XML/DOM/StorageTest.php" line="116" assertions="3" time="0.051328"/>
      <testcase name="testSetAndWrite" class="Test_XML_DOM_StorageTest" file="/home/kriss/Web/lib/CeusMedia/Common/Test/XML/DOM/StorageTest.php" line="139" assertions="3" time="0.071729"/>
    </testsuite>
    <testsuite name="Test_XML_DOM_XPathQueryTest" file="/home/kriss/Web/lib/CeusMedia/Common/Test/XML/DOM/XPathQueryTest.php" fullPackage="Tests.xml.dom" package="Tests.xml.dom" tests="12" assertions="18" failures="0" errors="1" time="0.775540">
      <testcase name="testLoadFile" class="Test_XML_DOM_XPathQueryTest" file="/home/kriss/Web/lib/CeusMedia/Common/Test/XML/DOM/XPathQueryTest.php" line="41" assertions="1" time="0.018184"/>
      <testcase name="testLoadFileException" class="Test_XML_DOM_XPathQueryTest" file="/home/kriss/Web/lib/CeusMedia/Common/Test/XML/DOM/XPathQueryTest.php" line="56" assertions="1" time="0.012543"/>
      <testcase name="testLoadXml" class="Test_XML_DOM_XPathQueryTest" file="/home/kriss/Web/lib/CeusMedia/Common/Test/XML/DOM/XPathQueryTest.php" line="67" assertions="1" time="0.039432"/>
      <testcase name="testLoadXmlException" class="Test_XML_DOM_XPathQueryTest" file="/home/kriss/Web/lib/CeusMedia/Common/Test/XML/DOM/XPathQueryTest.php" line="83" assertions="1" time="0.012435"/>
      <testcase name="testLoadUrl" class="Test_XML_DOM_XPathQueryTest" file="/home/kriss/Web/lib/CeusMedia/Common/Test/XML/DOM/XPathQueryTest.php" line="94" assertions="0" time="0.557769">
        <error type="Exception_IO">Test_XML_DOM_XPathQueryTest::testLoadUrl
Exception_IO: HTTP request failed

/home/kriss/Web/lib/CeusMedia/Common/src/Net/Reader.php:197
/home/kriss/Web/lib/CeusMedia/Common/src/Net/Reader.php:213
/home/kriss/Web/lib/CeusMedia/Common/src/XML/DOM/XPathQuery.php:117
/home/kriss/Web/lib/CeusMedia/Common/Test/XML/DOM/XPathQueryTest.php:98
</error>
      </testcase>
      <testcase name="testLoadUrlException" class="Test_XML_DOM_XPathQueryTest" file="/home/kriss/Web/lib/CeusMedia/Common/Test/XML/DOM/XPathQueryTest.php" line="112" assertions="1" time="0.017901"/>
      <testcase name="testEvaluate" class="Test_XML_DOM_XPathQueryTest" file="/home/kriss/Web/lib/CeusMedia/Common/Test/XML/DOM/XPathQueryTest.php" line="124" assertions="5" time="0.030085"/>
      <testcase name="testEvaluateException" class="Test_XML_DOM_XPathQueryTest" file="/home/kriss/Web/lib/CeusMedia/Common/Test/XML/DOM/XPathQueryTest.php" line="161" assertions="0" time="0.012627"/>
      <testcase name="testGetDocument" class="Test_XML_DOM_XPathQueryTest" file="/home/kriss/Web/lib/CeusMedia/Common/Test/XML/DOM/XPathQueryTest.php" line="179" assertions="3" time="0.023034"/>
      <testcase name="testGetDocumetException" class="Test_XML_DOM_XPathQueryTest" file="/home/kriss/Web/lib/CeusMedia/Common/Test/XML/DOM/XPathQueryTest.php" line="204" assertions="0" time="0.009981"/>
      <testcase name="testQuery" class="Test_XML_DOM_XPathQueryTest" file="/home/kriss/Web/lib/CeusMedia/Common/Test/XML/DOM/XPathQueryTest.php" line="221" assertions="5" time="0.030903"/>
      <testcase name="testQueryException" class="Test_XML_DOM_XPathQueryTest" file="/home/kriss/Web/lib/CeusMedia/Common/Test/XML/DOM/XPathQueryTest.php" line="258" assertions="0" time="0.010646"/>
    </testsuite>
    <testsuite name="Test_XML_ElementReaderTest" file="/home/kriss/Web/lib/CeusMedia/Common/Test/XML/ElementReaderTest.php" fullPackage="Tests.xml" package="Tests.xml" tests="2" assertions="4" failures="0" errors="0" time="0.369259">
      <testcase name="testReadUrl" class="Test_XML_ElementReaderTest" file="/home/kriss/Web/lib/CeusMedia/Common/Test/XML/ElementReaderTest.php" line="37" assertions="2" time="0.349980"/>
      <testcase name="testReadFile" class="Test_XML_ElementReaderTest" file="/home/kriss/Web/lib/CeusMedia/Common/Test/XML/ElementReaderTest.php" line="58" assertions="2" time="0.019279"/>
    </testsuite>
    <testsuite name="Test_XML_ElementTest" file="/home/kriss/Web/lib/CeusMedia/Common/Test/XML/ElementTest.php" fullPackage="Tests.xml" package="Tests.xml" tests="31" assertions="64" failures="0" errors="0" time="0.628878">
      <testcase name="testAddAttribute" class="Test_XML_ElementTest" file="/home/kriss/Web/lib/CeusMedia/Common/Test/XML/ElementTest.php" line="38" assertions="2" time="0.017317"/>
      <testcase name="testAddAttributeWithNamespace" class="Test_XML_ElementTest" file="/home/kriss/Web/lib/CeusMedia/Common/Test/XML/ElementTest.php" line="52" assertions="2" time="0.020485"/>
      <testcase name="testAddAttributeWithUnregisteredNamespace" class="Test_XML_ElementTest" file="/home/kriss/Web/lib/CeusMedia/Common/Test/XML/ElementTest.php" line="67" assertions="2" time="0.018287"/>
      <testcase name="testAddChild" class="Test_XML_ElementTest" file="/home/kriss/Web/lib/CeusMedia/Common/Test/XML/ElementTest.php" line="82" assertions="2" time="0.018557"/>
      <testcase name="testAddChildWithNamespace" class="Test_XML_ElementTest" file="/home/kriss/Web/lib/CeusMedia/Common/Test/XML/ElementTest.php" line="98" assertions="5" time="0.030202"/>
      <testcase name="testAddChildWithUnregisteredNamespace" class="Test_XML_ElementTest" file="/home/kriss/Web/lib/CeusMedia/Common/Test/XML/ElementTest.php" line="125" assertions="5" time="0.035369"/>
      <testcase name="testAddChildCData" class="Test_XML_ElementTest" file="/home/kriss/Web/lib/CeusMedia/Common/Test/XML/ElementTest.php" line="152" assertions="2" time="0.018213"/>
      <testcase name="testAddChildCDataWithNamespace" class="Test_XML_ElementTest" file="/home/kriss/Web/lib/CeusMedia/Common/Test/XML/ElementTest.php" line="166" assertions="2" time="0.017082"/>
      <testcase name="testAddChildCDataWithUnregisteredNamespace" class="Test_XML_ElementTest" file="/home/kriss/Web/lib/CeusMedia/Common/Test/XML/ElementTest.php" line="180" assertions="2" time="0.017809"/>
      <testcase name="testAsFile" class="Test_XML_ElementTest" file="/home/kriss/Web/lib/CeusMedia/Common/Test/XML/ElementTest.php" line="194" assertions="1" time="0.016266"/>
      <testcase name="testAsXml" class="Test_XML_ElementTest" file="/home/kriss/Web/lib/CeusMedia/Common/Test/XML/ElementTest.php" line="203" assertions="1" time="0.013394"/>
      <testcase name="testCountAttributes" class="Test_XML_ElementTest" file="/home/kriss/Web/lib/CeusMedia/Common/Test/XML/ElementTest.php" line="211" assertions="1" time="0.013255"/>
      <testcase name="testCountAttributesWithNamespace" class="Test_XML_ElementTest" file="/home/kriss/Web/lib/CeusMedia/Common/Test/XML/ElementTest.php" line="219" assertions="2" time="0.019058"/>
      <testcase name="testCountChildren" class="Test_XML_ElementTest" file="/home/kriss/Web/lib/CeusMedia/Common/Test/XML/ElementTest.php" line="236" assertions="1" time="0.013694"/>
      <testcase name="testCountChildrenWithNamespace" class="Test_XML_ElementTest" file="/home/kriss/Web/lib/CeusMedia/Common/Test/XML/ElementTest.php" line="244" assertions="2" time="0.016473"/>
      <testcase name="testGetAttribute" class="Test_XML_ElementTest" file="/home/kriss/Web/lib/CeusMedia/Common/Test/XML/ElementTest.php" line="257" assertions="1" time="0.013672"/>
      <testcase name="testGetAttributeWithNamespace" class="Test_XML_ElementTest" file="/home/kriss/Web/lib/CeusMedia/Common/Test/XML/ElementTest.php" line="265" assertions="3" time="0.022849"/>
      <testcase name="testGetAttributeNames" class="Test_XML_ElementTest" file="/home/kriss/Web/lib/CeusMedia/Common/Test/XML/ElementTest.php" line="283" assertions="1" time="0.022011"/>
      <testcase name="testGetAttributeNamesWithNamespace" class="Test_XML_ElementTest" file="/home/kriss/Web/lib/CeusMedia/Common/Test/XML/ElementTest.php" line="294" assertions="1" time="0.029946"/>
      <testcase name="testGetAttributes" class="Test_XML_ElementTest" file="/home/kriss/Web/lib/CeusMedia/Common/Test/XML/ElementTest.php" line="309" assertions="1" time="0.023050"/>
      <testcase name="testGetAttributesWithNamespace" class="Test_XML_ElementTest" file="/home/kriss/Web/lib/CeusMedia/Common/Test/XML/ElementTest.php" line="320" assertions="1" time="0.029090"/>
      <testcase name="testHasAttribute" class="Test_XML_ElementTest" file="/home/kriss/Web/lib/CeusMedia/Common/Test/XML/ElementTest.php" line="335" assertions="2" time="0.017794"/>
      <testcase name="testHasAttributeWithNamespace" class="Test_XML_ElementTest" file="/home/kriss/Web/lib/CeusMedia/Common/Test/XML/ElementTest.php" line="348" assertions="2" time="0.018033"/>
      <testcase name="testRemoveAttribute" class="Test_XML_ElementTest" file="/home/kriss/Web/lib/CeusMedia/Common/Test/XML/ElementTest.php" line="361" assertions="1" time="0.014060"/>
      <testcase name="testRemoveAttributeWithNamespace" class="Test_XML_ElementTest" file="/home/kriss/Web/lib/CeusMedia/Common/Test/XML/ElementTest.php" line="371" assertions="3" time="0.023621"/>
      <testcase name="testRemove" class="Test_XML_ElementTest" file="/home/kriss/Web/lib/CeusMedia/Common/Test/XML/ElementTest.php" line="393" assertions="1" time="0.012710"/>
      <testcase name="testRemoveChild" class="Test_XML_ElementTest" file="/home/kriss/Web/lib/CeusMedia/Common/Test/XML/ElementTest.php" line="402" assertions="2" time="0.016606"/>
      <testcase name="testSetAttribute" class="Test_XML_ElementTest" file="/home/kriss/Web/lib/CeusMedia/Common/Test/XML/ElementTest.php" line="416" assertions="4" time="0.028795"/>
      <testcase name="testSetAttributeWithNamespace" class="Test_XML_ElementTest" file="/home/kriss/Web/lib/CeusMedia/Common/Test/XML/ElementTest.php" line="442" assertions="5" time="0.035027"/>
      <testcase name="testSetValue" class="Test_XML_ElementTest" file="/home/kriss/Web/lib/CeusMedia/Common/Test/XML/ElementTest.php" line="474" assertions="2" time="0.018538"/>
      <testcase name="testSetValueWithCData" class="Test_XML_ElementTest" file="/home/kriss/Web/lib/CeusMedia/Common/Test/XML/ElementTest.php" line="490" assertions="2" time="0.017616"/>
    </testsuite>
    <testsuite name="Test_XML_RSS_BuilderTest" file="/home/kriss/Web/lib/CeusMedia/Common/Test/XML/RSS/BuilderTest.php" fullPackage="Tests.xml.rss" package="Tests.xml.rss" tests="7" assertions="13" failures="0" errors="0" time="0.200381">
      <testcase name="testConstruct" class="Test_XML_RSS_BuilderTest" file="/home/kriss/Web/lib/CeusMedia/Common/Test/XML/RSS/BuilderTest.php" line="82" assertions="2" time="0.017443"/>
      <testcase name="testAddItem" class="Test_XML_RSS_BuilderTest" file="/home/kriss/Web/lib/CeusMedia/Common/Test/XML/RSS/BuilderTest.php" line="100" assertions="2" time="0.032541"/>
      <testcase name="testBuild" class="Test_XML_RSS_BuilderTest" file="/home/kriss/Web/lib/CeusMedia/Common/Test/XML/RSS/BuilderTest.php" line="124" assertions="3" time="0.051159"/>
      <testcase name="testBuildException" class="Test_XML_RSS_BuilderTest" file="/home/kriss/Web/lib/CeusMedia/Common/Test/XML/RSS/BuilderTest.php" line="139" assertions="1" time="0.011403"/>
      <testcase name="testSetChannelPair" class="Test_XML_RSS_BuilderTest" file="/home/kriss/Web/lib/CeusMedia/Common/Test/XML/RSS/BuilderTest.php" line="150" assertions="2" time="0.021272"/>
      <testcase name="testSetChannelData" class="Test_XML_RSS_BuilderTest" file="/home/kriss/Web/lib/CeusMedia/Common/Test/XML/RSS/BuilderTest.php" line="169" assertions="1" time="0.013113"/>
      <testcase name="testSetItemList" class="Test_XML_RSS_BuilderTest" file="/home/kriss/Web/lib/CeusMedia/Common/Test/XML/RSS/BuilderTest.php" line="188" assertions="2" time="0.053450"/>
    </testsuite>
    <testsuite name="Test_XML_RSS_ParserTest" file="/home/kriss/Web/lib/CeusMedia/Common/Test/XML/RSS/ParserTest.php" fullPackage="Tests.xml.rss" package="Tests.xml.rss" tests="1" assertions="1" failures="0" errors="0" time="0.400832">
      <testcase name="testParse" class="Test_XML_RSS_ParserTest" file="/home/kriss/Web/lib/CeusMedia/Common/Test/XML/RSS/ParserTest.php" line="27" assertions="1" time="0.400832"/>
    </testsuite>
    <testsuite name="Test_XML_RSS_ReaderTest" file="/home/kriss/Web/lib/CeusMedia/Common/Test/XML/RSS/ReaderTest.php" fullPackage="Tests.xml.rss" package="Tests.xml.rss" tests="3" assertions="7" failures="0" errors="0" time="1.237916">
      <testcase name="testReadUrl" class="Test_XML_RSS_ReaderTest" file="/home/kriss/Web/lib/CeusMedia/Common/Test/XML/RSS/ReaderTest.php" line="41" assertions="5" time="0.414245"/>
      <testcase name="testReadFile" class="Test_XML_RSS_ReaderTest" file="/home/kriss/Web/lib/CeusMedia/Common/Test/XML/RSS/ReaderTest.php" line="73" assertions="1" time="0.410184"/>
      <testcase name="testReadXml" class="Test_XML_RSS_ReaderTest" file="/home/kriss/Web/lib/CeusMedia/Common/Test/XML/RSS/ReaderTest.php" line="87" assertions="1" time="0.413487"/>
    </testsuite>
    <testsuite name="Test_XML_RSS_WriterTest" file="/home/kriss/Web/lib/CeusMedia/Common/Test/XML/RSS/WriterTest.php" fullPackage="Tests.xml.dom" package="Tests.xml.dom" tests="5" assertions="7" failures="0" errors="0" time="0.198624">
      <testcase name="testAddItem" class="Test_XML_RSS_WriterTest" file="/home/kriss/Web/lib/CeusMedia/Common/Test/XML/RSS/WriterTest.php" line="67" assertions="1" time="0.022760"/>
      <testcase name="testSetChannelData" class="Test_XML_RSS_WriterTest" file="/home/kriss/Web/lib/CeusMedia/Common/Test/XML/RSS/WriterTest.php" line="79" assertions="1" time="0.023283"/>
      <testcase name="testSetChannelPair" class="Test_XML_RSS_WriterTest" file="/home/kriss/Web/lib/CeusMedia/Common/Test/XML/RSS/WriterTest.php" line="94" assertions="1" time="0.022564"/>
      <testcase name="testSetItemList" class="Test_XML_RSS_WriterTest" file="/home/kriss/Web/lib/CeusMedia/Common/Test/XML/RSS/WriterTest.php" line="110" assertions="1" time="0.024295"/>
      <testcase name="testWrite" class="Test_XML_RSS_WriterTest" file="/home/kriss/Web/lib/CeusMedia/Common/Test/XML/RSS/WriterTest.php" line="122" assertions="3" time="0.105722"/>
    </testsuite>
    <testsuite name="Test_XML_WDDX_BuilderTest" file="/home/kriss/Web/lib/CeusMedia/Common/Test/XML/WDDX/BuilderTest.php" fullPackage="Tests.xml.wddx" package="Tests.xml.wddx" tests="3" assertions="5" failures="0" errors="0" time="0.052089">
      <testcase name="testConstruct" class="Test_XML_WDDX_BuilderTest" file="/home/kriss/Web/lib/CeusMedia/Common/Test/XML/WDDX/BuilderTest.php" line="41" assertions="2" time="0.021223"/>
      <testcase name="testAdd" class="Test_XML_WDDX_BuilderTest" file="/home/kriss/Web/lib/CeusMedia/Common/Test/XML/WDDX/BuilderTest.php" line="59" assertions="2" time="0.017074"/>
      <testcase name="testBuild" class="Test_XML_WDDX_BuilderTest" file="/home/kriss/Web/lib/CeusMedia/Common/Test/XML/WDDX/BuilderTest.php" line="75" assertions="1" time="0.013792"/>
    </testsuite>
    <testsuite name="Test_XML_WDDX_FileReaderTest" file="/home/kriss/Web/lib/CeusMedia/Common/Test/XML/WDDX/FileReaderTest.php" fullPackage="Tests." package="Tests." tests="3" assertions="3" failures="0" errors="0" time="0.110702">
      <testcase name="testConstruct" class="Test_XML_WDDX_FileReaderTest" file="/home/kriss/Web/lib/CeusMedia/Common/Test/XML/WDDX/FileReaderTest.php" line="51" assertions="1" time="0.040607"/>
      <testcase name="testRead" class="Test_XML_WDDX_FileReaderTest" file="/home/kriss/Web/lib/CeusMedia/Common/Test/XML/WDDX/FileReaderTest.php" line="65" assertions="1" time="0.035514"/>
      <testcase name="testLoad" class="Test_XML_WDDX_FileReaderTest" file="/home/kriss/Web/lib/CeusMedia/Common/Test/XML/WDDX/FileReaderTest.php" line="77" assertions="1" time="0.034581"/>
    </testsuite>
    <testsuite name="Test_XML_WDDX_FileWriterTest" file="/home/kriss/Web/lib/CeusMedia/Common/Test/XML/WDDX/FileWriterTest.php" fullPackage="Tests." package="Tests." tests="4" assertions="13" failures="0" errors="0" time="0.105069">
      <testcase name="testConstruct" class="Test_XML_WDDX_FileWriterTest" file="/home/kriss/Web/lib/CeusMedia/Common/Test/XML/WDDX/FileWriterTest.php" line="70" assertions="1" time="0.019988"/>
      <testcase name="testAdd" class="Test_XML_WDDX_FileWriterTest" file="/home/kriss/Web/lib/CeusMedia/Common/Test/XML/WDDX/FileWriterTest.php" line="87" assertions="3" time="0.024658"/>
      <testcase name="testWrite" class="Test_XML_WDDX_FileWriterTest" file="/home/kriss/Web/lib/CeusMedia/Common/Test/XML/WDDX/FileWriterTest.php" line="109" assertions="3" time="0.023650"/>
      <testcase name="testSave" class="Test_XML_WDDX_FileWriterTest" file="/home/kriss/Web/lib/CeusMedia/Common/Test/XML/WDDX/FileWriterTest.php" line="135" assertions="6" time="0.036773"/>
    </testsuite>
    <testsuite name="Test_XML_WDDX_ParserTest" file="/home/kriss/Web/lib/CeusMedia/Common/Test/XML/WDDX/ParserTest.php" fullPackage="Tests.xml.wddx" package="Tests.xml.wddx" tests="1" assertions="1" failures="0" errors="0" time="0.034928">
      <testcase name="testParse" class="Test_XML_WDDX_ParserTest" file="/home/kriss/Web/lib/CeusMedia/Common/Test/XML/WDDX/ParserTest.php" line="56" assertions="1" time="0.034928"/>
    </testsuite>
    <testsuite name="Test_XML_XSL_TransformatorTest" file="/home/kriss/Web/lib/CeusMedia/Common/Test/XML/XSL/TransformatorTest.php" fullPackage="Tests.xml.dom" package="Tests.xml.dom" tests="0" assertions="0" failures="0" errors="0" time="0.000000"/>
  </testsuite>
</testsuites>
